8.410768333748348979e+00 1.006564171616180836e+01
6.351853092463076500e+00 7.577340156408695293e+00
5.729397768186749396e+00 7.926410601010060120e+00
1.531222197938325591e+00 3.616782892125599336e+00
2.969540839910542740e+00 4.514411357405206715e+00
8.942419386945033466e+00 1.163982627691780891e+01
2.412343010973365676e+00 4.429838975008643764e+00
7.822694510324343931e+00 1.016985987023457128e+01
3.112517784878199301e-02 2.034573369450082936e+00
2.812829542516006587e+00 4.830000359485233652e+00
4.417775816345481665e-01 2.507736893817880119e+00
9.107294770872981005e+00 1.092994190228476725e+01
6.545015314700453057e-01 2.683435183741918362e+00
4.011946067372863745e+00 6.556060250541439594e+00
3.287936700452320782e+00 4.957471888269675553e+00
9.085522360705658329e+00 1.197578191982602647e+01
5.549157767980118727e+00 7.823594183754467579e+00
1.016516049059305038e+00 2.908803458404581210e+00
4.259531470946505749e+00 5.764068001473039438e+00
2.129938800979530811e+00 3.916038702782618230e+00
5.548117807478196717e+00 7.533773692910139985e+00
6.496589623356569199e+00 7.923427974362162729e+00
4.794386554703504721e+00 6.670854804920174352e+00
6.688307733639559771e+00 8.835136671678231579e+00
7.070022747450892098e+00 8.271073712726407123e+00
3.702918332425553238e-01 2.363585872863484649e+00
6.759768183351929416e+00 7.999048942870444989e+00
7.024681998162632723e+00 1.002177569914326227e+01
1.005206120903755496e+00 2.947544354445772896e+00
4.382448790541499051e+00 6.814660609605851960e+00
5.593738795953183462e+00 7.150917000224311870e+00
8.344050952353757822e+00 9.915069098611979825e+00
9.658586513038921240e+00 8.662079935128527808e+00
5.858463801793538650e+00 8.273297534627770844e+00
5.632421255619822986e+00 7.322120000493200997e+00
7.666432511301806585e+00 1.001199934198622721e+01
9.063704496429279445e+00 1.247443042824858850e+01
3.177187898441409253e+00 5.231351190666966744e+00
9.947954620931092506e+00 1.198972365481543001e+01
6.276442649520348027e+00 9.331670570462604175e+00
2.563249032495564794e+00 4.276899755240895828e+00
1.658751751015054010e+00 3.634632749383860162e+00
2.898597117886168917e+00 5.209855397185696901e+00
3.406846919301775856e-01 2.300059255899437272e+00
3.958856129637482457e+00 5.831322592678123584e+00
1.265450589000243209e+00 3.250408081215828915e+00
2.772833913364716185e+00 5.203697321516584040e+00
4.715867626800043233e+00 7.394191496202904723e+00
8.991358412385480392e+00 1.089552280481999702e+01
2.902876568937022839e+00 4.656414653544509896e+00
6.387860709262182191e+00 7.902195070682217271e+00
4.380327004524038337e+00 6.198052624685539413e+00
5.153110354344070387e-01 2.557367867481740831e+00
6.638319404011258307e+00 7.590371018936814096e+00
5.557824764866083456e+00 7.207151319985031002e+00
4.152357963897822302e+00 5.631289772775557978e+00
1.430116241986117975e+00 3.551070746700284442e+00
8.988268370337069157e+00 1.197209275341167967e+01
4.211600062272022882e+00 6.405017595693471399e+00
4.151459501693888221e+00 6.499289262558468394e+00
1.289699585093266876e+00 3.211548357483386518e+00
7.761270809527215597e+00 8.998326070685541467e+00
3.356915331229103572e+00 5.816965030936039227e+00
5.324697245351611485e+00 8.202082501209165599e+00
1.857654804667647763e+00 3.750041945809497346e+00
6.436152203762860680e+00 9.841021135883798010e+00
9.762069687339154811e+00 1.070223147911557859e+01
2.199161470812307506e+00 4.584069319488091487e+00
2.755086263630533772e+00 4.429832026213651019e+00
9.424450016824874155e+00 1.121890731213962056e+01
3.253250679800464340e+00 4.507229716215309878e+00
7.128214177577872235e+00 8.429184384341869674e+00
2.747740938380754727e+00 4.955667651826144215e+00
8.748038966827319740e+00 9.330301002196721427e+00
7.005834605035541784e+00 8.501504983553175521e+00
9.308014140802002956e+00 1.024111691072150165e+01
7.253147815327626091e+00 8.649534156205231028e+00
3.344114195221320252e+00 5.171700711670750295e+00
2.386841695033669275e+00 4.343169220194415203e+00
3.872048838009303218e+00 5.810754706718447515e+00
5.629235347735184192e-02 2.061883691193424184e+00
6.733975040972893567e+00 8.963036599564919271e+00
9.733308177479720769e+00 1.275491736428194400e+01
1.133107366384318304e+00 3.270120108625186983e+00
5.178288584898674607e+00 7.955576053363454747e+00
6.296457739805027209e+00 8.850235430942356984e+00
4.669743643633911034e+00 6.820997205253745754e+00
3.647475285624040886e+00 5.164533906907768035e+00
7.230344925132952127e+00 9.465405543985278669e+00
3.156516849116697276e-01 2.370295223035209453e+00
4.706334763545962474e+00 6.601687983388790038e+00
4.827793390006411833e+00 5.882947715676510647e+00
8.504882226086518671e+00 1.077888289054764037e+01
6.790557988857024441e+00 8.383231046718094603e+00
5.808087118450932174e+00 8.166505614306455385e+00
8.227039831275805071e+00 9.654863425302195878e+00
1.763824259351612911e+00 3.626669915168837743e+00
1.312410094341034394e+00 3.161494921018856541e+00
7.063979072577811991e+00 8.330091069583366092e+00
3.858126284253956761e+00 5.659664165366147692e+00
2.740796958972747888e+00 3.858181078961256727e+00
1.151688199139305757e+00 3.160287072085521842e+00
4.970549361232464491e+00 6.861150725566306008e+00
2.397441870151537646e+00 4.838656472278140441e+00
5.773525468586958809e+00 8.743568263630825399e+00
6.874552241926090712e-01 2.705697031397533703e+00
3.928476527039628241e+00 6.167816842771657093e+00
3.785287571675768348e+00 5.713331612617541744e+00
8.677807291949511281e+00 1.071464945704467731e+01
7.191089046658243333e+00 9.064723656910567584e+00
9.569022849384831275e+00 1.241993725961085993e+01
9.286764437189265475e-01 3.095256183034514663e+00
8.209282825811772710e+00 1.094183205583199658e+01
5.622726163536206911e+00 6.710162171625561278e+00
9.528198060130121050e+00 1.346723052705003276e+01
8.624138839266560552e+00 1.079625108163195435e+01
4.781927811453503097e+00 6.482448161181144641e+00
6.824121479365434340e+00 8.238400255585270671e+00
3.914588946683763560e+00 6.730469972219990993e+00
6.127836915144634133e+00 8.371914183045877422e+00
9.286720783598060081e+00 1.315951146985513276e+01
8.272155750763133142e+00 8.971600057562341135e+00
1.982999522529833580e+00 4.003317905728903447e+00
3.851328950905302584e+00 6.125579680675372174e+00
1.081133080833651672e-01 2.101386490793092587e+00
4.563539027470032039e+00 7.162811681460497404e+00
3.500347727249183194e+00 5.311138059166784942e+00
4.141819139516352166e+00 5.820854393202671950e+00
3.126532240156491227e+00 4.609848212737820639e+00
2.120541765286670710e+00 4.196589852627604422e+00
3.760972265618591770e+00 5.696139966982354252e+00
7.994845152415399170e+00 1.028161795606670559e+01
4.553879664238786873e+00 7.674672070265700974e+00
2.303181718628899421e-01 2.249181727604008252e+00
1.987916056904195372e+00 3.970651356372232321e+00
6.868333579742131434e+00 8.739812361151452436e+00
8.385938858287580899e+00 1.079466669466002315e+01
1.415196074022893047e+00 3.429808473527601098e+00
9.201468214372511056e+00 1.188107475661223056e+01
7.631305222376244757e+00 9.537463078742957734e+00
7.458916031500524291e+00 8.529671887356279569e+00
2.639146143272014022e+00 4.588538436682330968e+00
2.212521956713878524e+00 3.891112031149817074e+00
6.030256645838592888e+00 6.946486237303770572e+00
5.403065162284636180e+00 7.694463499056662492e+00
8.735191303211491842e+00 1.196175949309173348e+01
3.273689854552939149e+00 5.344135848459859339e+00
7.405828448208708892e+00 8.816158656021228168e+00
4.879832828643263731e+00 7.413788173012321181e+00
9.141942827016075412e+00 1.035111829610321088e+01
4.020402908304962608e+00 6.036680690014120998e+00
5.655127546102004743e+00 6.980165563255392058e+00
7.980864630814282989e+00 1.018647854549405096e+01
4.155784330380482672e+00 5.823483565518261962e+00
1.483610901985865649e+00 3.767726032360413146e+00
5.339120501874833558e+00 7.507683805726188986e+00
5.131450086502531427e-01 2.453279792729299746e+00
7.918911243068201600e+00 1.072143619329920483e+01
6.284597389299280579e+00 7.784938884203104870e+00
7.484274468541175729e+00 9.650843065134338872e+00
3.676440170128531193e+00 4.909952144966242216e+00
9.776406227658103631e+00 1.215997830213934527e+01
3.525356524512165635e+00 5.478188944272552874e+00
5.884147748475171191e+00 8.502358605810321990e+00
4.998183418623560748e+00 7.400351935878284770e+00
4.279680649555520411e+00 6.457717948658773466e+00
5.420287229795939243e-01 2.573578747186133775e+00
8.396604986455569630e+00 9.305944518310685254e+00
1.337242300699583719e+00 3.396971494195783148e+00
8.594061088297648254e+00 1.253048179050699851e+01
7.864486429088942465e+00 1.118395267005701221e+01
9.039440188281071542e+00 1.182089249723863311e+01
5.450168335460952918e+00 7.988664853072680927e+00
9.338470388356327589e+00 1.148576815223129088e+01
1.140061130734528749e+00 3.163965380063195276e+00
2.300345452777500022e+00 4.715320573628030587e+00
1.161119250997133534e-01 2.110720284858418783e+00
1.790300499814323487e-01 2.174785337433303489e+00
5.054329435514822499e+00 6.540072888695325659e+00
7.309112348582790020e+00 1.053250241969098333e+01
5.595273409838911860e+00 7.412749683201757200e+00
5.345457633622528348e+00 7.406124526260409624e+00
3.814238456945839850e+00 5.471265188735888962e+00
8.389417060372966972e+00 1.013173597700186335e+01
5.129597756189891555e+00 7.294972150977789838e+00
1.009133396355428314e+00 3.132110786526820068e+00
9.903348531239197783e+00 1.128429923530648438e+01
3.424636823918141282e+00 5.550628580211818708e+00
1.313731221949199224e-01 2.139692020501594349e+00
3.292969876146717212e+00 4.983206891526079652e+00
9.901700430018300025e+00 1.165691585418098164e+01
4.610818698879941557e+00 6.809950830636738672e+00
9.554242063172567967e+00 1.210950895325809995e+01
3.260951306915806924e+00 5.361134041671581585e+00
6.142503842978222828e+00 8.432087842724596882e+00
9.299847981031806654e+00 1.228949599297120265e+01
9.138352492972325436e+00 1.059701900025951815e+01
7.095057419490646833e-01 2.702695804097639432e+00
6.552057934566368758e+00 8.499928458306801105e+00
9.967943148099696060e+00 1.149551191497057268e+01
6.343220006998370408e+00 7.866361292020123130e+00
5.650627616857218705e+00 8.499385315522495432e+00
1.997146087146128846e-01 2.186051346005038809e+00
4.388332007738471319e+00 5.945308272269470784e+00
9.773582755951784051e+00 1.119130699968080833e+01
3.056872443368559011e+00 4.980892427313992954e+00
8.534509044640234521e+00 1.017964019701188505e+01
1.726232341431016559e+00 3.531771257011867338e+00
8.489904511244150687e-01 2.778475111566838684e+00
8.902834946681808859e+00 8.850155667350598776e+00
2.737894630114555916e+00 4.973989673084792784e+00
4.587739125623797598e+00 6.525724094909520545e+00
8.320987248798815017e+00 9.256464841527094478e+00
6.311998048933901373e+00 8.362914365562581054e+00
3.728781353892955952e+00 5.846822256719743649e+00
3.733865552974364732e+00 5.743817540432329949e+00
1.328142826593619041e+00 3.086061453389979281e+00
3.913351253890477111e+00 5.964783718049034178e+00
1.984755964329291134e+00 4.150255889342036042e+00
1.151655650081284676e+00 3.241511354012490465e+00
3.163946257014530694e+00 5.219010079209027708e+00
7.943957969439847666e+00 1.035356389691805745e+01
6.499277037644458410e+00 8.810644434434928840e+00
4.231221527450736097e+00 6.286780672725105212e+00
2.255982518874145804e+00 4.168133902803099033e+00
2.884017292476639405e+00 5.134310907053910356e+00
6.588983228868365849e+00 8.904988855149431615e+00
7.571374810244146936e-01 2.746420578761618270e+00
9.350592046555544101e+00 1.212674715795418479e+01
1.813396654189287638e+00 3.782657859434372050e+00
1.155169176015731214e+00 3.265313754844131111e+00
8.901113029020701006e+00 1.097032589807654013e+01
2.899280953338905231e+00 4.863197796284632446e+00
5.532608825510212824e+00 7.608875833983036685e+00
1.456736252985105784e+00 3.311996112072686405e+00
7.538509050645101794e+00 9.899945285050741006e+00
1.892994180183941166e+00 3.935713384410569393e+00
3.196484438728535160e+00 4.865081444588609472e+00
6.462380033145675107e+00 7.872875731696137969e+00
6.644468841357320521e+00 8.743504317093941935e+00
8.930445368857455435e+00 1.086672303181463306e+01
8.319205515646332927e+00 1.120969596070174923e+01
1.989816908112935767e+00 4.206248371621427395e+00
8.429054523372061070e+00 1.040088616656440479e+01
7.439670570913625713e-01 2.702263903893471486e+00
5.097074510918147894e+00 7.487189960187296656e+00
1.624374621117289363e+00 3.579342649942072629e+00
9.060076174988138220e+00 1.036427996467036294e+01
4.921359114943584245e+00 7.349667814466391391e+00
8.957182368023303809e+00 1.178716189313028195e+01
3.775363828428968116e-01 2.413565484946833095e+00
3.813102511712162190e+00 5.874241228648768853e+00
5.151035241548768795e+00 7.050542969432247453e+00
3.447751436659844959e+00 5.894259095952277150e+00
8.042558961130485962e-01 2.799321925939767919e+00
5.161724869523246717e+00 7.281014644159601978e+00
4.865804158749089225e+00 7.045618084859460950e+00
3.540482196290239969e-01 2.372026144706713691e+00
2.642706249258578666e+00 4.510595361126626734e+00
2.365752958502383763e+00 4.402961846383399269e+00
4.835685504587160288e+00 6.200912092568725775e+00
7.540293986815377103e+00 9.779237450784293628e+00
4.292624726369371757e+00 5.809689654104309930e+00
7.912560460273321272e-01 2.809371263701204047e+00
5.463091016458491822e+00 7.829570001828344061e+00
6.606812546280041332e+00 8.067360015587556887e+00
8.606810671575388483e+00 1.072771501706034414e+01
8.226247938851180663e+00 9.929342860106734392e+00
8.774946874455857859e-01 3.030546118507154052e+00
4.391256840064831302e+00 5.819771132177633532e+00
1.118858190044283996e+00 3.182198004409695802e+00
7.918821716899468122e+00 9.584888340139142926e+00
1.613372406862900732e+00 3.565344608503767887e+00
8.899367166753572533e+00 1.212969634153511400e+01
1.915075435611645061e+00 3.777182322805705095e+00
8.079508900400590221e+00 9.882324636471935264e+00
8.469304426196377023e+00 1.027942861162140709e+01
6.748354830553133787e+00 9.596525597708906119e+00
3.437457239604857495e-01 2.397465325468747022e+00
3.104166139007198399e+00 4.788565497103996371e+00
5.548688841561187246e+00 7.567789748380505443e+00
4.445614875297200896e+00 6.160966485266366810e+00
3.614004195910661466e+00 5.858846025172404381e+00
1.418876575355758618e+00 3.083179309521911104e+00
1.563896703880736094e+00 3.581838299043628382e+00
1.602008815383615392e-01 2.150680366921122300e+00
1.180957538745699420e+00 3.128897131265846010e+00
2.202941180383131137e+00 4.379974107787852233e+00
5.585817375259321871e+00 7.298432563124729988e+00
3.615327853827867699e+00 5.316067573114884759e+00
8.204830509855726817e+00 9.571244945170374052e+00
7.424949503506677928e+00 8.815590666688056132e+00
8.535665948558703420e+00 9.284752983949802640e+00
3.251896802622695759e+00 5.302211470175693719e+00
6.428800096241536366e+00 9.437474324520053415e+00
9.978960010574763118e+00 1.071723498199362012e+01
6.420951030531666603e+00 7.828496451784213050e+00
7.041312771635701573e+00 9.266867550524787944e+00
9.234698242224917308e+00 1.111673127115826354e+01
5.064930639874769547e+00 6.423736551799104078e+00
9.288388374522174473e+00 1.203583847217993963e+01
8.188460022036236907e+00 9.524995383887544520e+00
5.845942503851187411e+00 7.821441586918250977e+00
1.505099277911392530e+00 3.358822234064622769e+00
7.696458277075572063e+00 1.086625184848722370e+01
5.577683309949412305e+00 6.910948639980420971e+00
5.536920504409873267e+00 7.164744530969909597e+00
4.496910022738641821e+00 6.444227961795477633e+00
8.389937196486398463e+00 1.143382553244500777e+01
4.916185161543324966e+00 6.841600955117356442e+00
1.326037201034231394e+00 3.323325175323483816e+00
6.358550279877739797e+00 8.251579725738443116e+00
3.311690738538258572e+00 5.315257741900436095e+00
2.479513301594789887e+00 4.492396822668433209e+00
1.042246786646446877e+00 3.006741306751615550e+00
5.906297947319527619e-01 2.601424287976676020e+00
2.639059293853404320e+00 4.841350279197563111e+00
4.378860622191230512e+00 5.708535964837929022e+00
4.084909843717939637e+00 6.180818064415260160e+00
9.848900026086401027e+00 1.238506465869670059e+01
8.516466963061455786e+00 1.131199612638427610e+01
5.906441402728423107e+00 8.072610332937253830e+00
1.228884833557198908e+00 3.246148502591258644e+00
4.525733077522493986e+00 6.397454632681963460e+00
3.960754969696088423e+00 6.287170603785834366e+00
3.114621118548813961e+00 5.148980492948869170e+00
1.214324287835966132e-03 2.001437389803226274e+00
5.209055505842728806e+00 6.989914308376073748e+00
5.851450194283702722e+00 8.091501715124499228e+00
3.433653214418090016e+00 5.676246978660232756e+00
5.095738967393486973e+00 6.843151008895762999e+00
7.729939658357253052e+00 9.966800930759296406e+00
7.326102843225779093e-01 2.676498797453319867e+00
1.474400598369224324e+00 3.552478956571046176e+00
7.948069394253401754e+00 1.010239591913662061e+01
6.545242815021271809e+00 8.487217889258960923e+00
6.589652294405627941e+00 7.437798591010002625e+00
3.084204552768941010e+00 4.661496889592342541e+00
3.504150555601197592e+00 5.111741572628800689e+00
3.894262229815152132e+00 5.392800997958144826e+00
4.702896077432745514e+00 6.792944566384347738e+00
9.464054137517978305e+00 1.110750036752191683e+01
9.209409917496124365e+00 1.206138324314924759e+01
5.892943917057036352e+00 7.276213234962107812e+00
2.111747250733709613e+00 4.251226158942070121e+00
4.190954892236603335e+00 6.557049443714626946e+00
2.415197550997413067e+00 4.964911762761285097e+00
7.578966498269762653e+00 9.412306482311004530e+00
5.739329432442925594e+00 8.696286536357792585e+00
5.991955242853824970e+00 7.427392869827840194e+00
4.650102794938137052e+00 6.267179654366364261e+00
5.120682122370339151e+00 6.642738423964843264e+00
7.586750752890175420e+00 1.032121346057436106e+01
7.115249206135096038e+00 7.406406016131919401e+00
6.510993552478572255e-01 2.711880431437891925e+00
1.385698496349367925e+00 3.433104072813840002e+00
6.516824084625828739e+00 7.477166570510055621e+00
9.202360415687930839e+00 1.197134996001627805e+01
4.535023756171646880e+00 6.837659381543141457e+00
3.786265388560940082e+00 5.583040230850702557e+00
9.201180488096289523e+00 9.687873840699896988e+00
1.293805621284509488e+00 3.296491378306825482e+00
4.731341571721360495e+00 7.033800505731245600e+00
7.372144115425985689e+00 8.622632463482194254e+00
8.625864852642365577e+00 9.666590157171894404e+00
2.212151592427309410e+00 4.131919063972977035e+00
4.026342004600126145e+00 6.197640973020599908e+00
4.475804932778386203e+00 6.575757876829157134e+00
6.707693920128448006e+00 9.525352711549354368e+00
4.035488386673585559e+00 5.521783473143243803e+00
7.674507933716800956e+00 1.037854209556946650e+01
1.787794978747936359e-01 2.175454318301177192e+00
3.836431651173818125e+00 5.747740520364988726e+00
4.600231544925233784e+00 6.686756078320906127e+00
4.816545150444738965e+00 6.004409356932928432e+00
7.467555514856483168e-01 2.692271682476650163e+00
1.775616569057709704e+00 3.862438697710296243e+00
9.477965275661965450e+00 1.085851727842511139e+01
1.469349333538499947e+00 3.390807305463288568e+00
8.141773862203541157e+00 9.269715255298583756e+00
9.141445769047416903e+00 1.158170971524900494e+01
7.146107002159888921e+00 8.244211913465104402e+00
7.489628846904839321e+00 9.671712762517953976e+00
9.209851870478269475e-01 2.892892098738652606e+00
5.372663733671086739e+00 7.165477260722005859e+00
8.925952515454580904e+00 1.225204490250895972e+01
1.149618088411278327e+00 3.111557965442995677e+00
7.504503877056963645e+00 8.760730154450818929e+00
4.136190692972546046e+00 6.639836185078388020e+00
5.558070822369809427e+00 6.935148898397861750e+00
4.723293545606881416e+00 6.879955670459442452e+00
2.493899992676626987e+00 4.344005910461049780e+00
7.350531750040034673e+00 9.677609190513704718e+00
1.636214305187305706e+00 3.428357897494730633e+00
7.125929077305415138e-01 2.733622078155645951e+00
6.082681326124803611e+00 8.555290955191095392e+00
7.718422992848927855e+00 1.123163088558172440e+01
9.201379966752714523e+00 1.239942609305667176e+01
6.058469104941113237e+00 7.619011474668061723e+00
5.501635404260322382e+00 7.474146716226780285e+00
1.357666326487019237e+00 3.482149491916814554e+00
6.796553968311132898e+00 8.894298574582181871e+00
6.687846069526587556e+00 8.259224497321143943e+00
8.409666014492971797e+00 1.100521700778128853e+01
4.456848753961111242e+00 6.590770789607835134e+00
8.617579171234808655e+00 1.141786848069522797e+01
1.024422708987936526e+00 3.076569246120171464e+00
5.660760905094512907e+00 7.179999339599703490e+00
7.407339679422767276e+00 1.051468789633265821e+01
1.169832708699306556e+00 2.906614614240406347e+00
2.435913437829877459e+00 3.952568857866101570e+00
6.589741294621896728e+00 7.291919124813287745e+00
2.612692173906655313e+00 4.998878274195273086e+00
4.752051383738242762e-02 2.041524764806227132e+00
4.090963930556346106e-01 2.421614558554745500e+00
4.214155602217425134e+00 6.497049783079942742e+00
6.845012644706159222e+00 9.214296216631932879e+00
2.732059237547006525e+00 4.704004680021427021e+00
4.814523650715885950e+00 5.941489370584503327e+00
4.323998790892291666e-01 2.449206712349524473e+00
4.293074697235094384e+00 6.484350581018393456e+00
6.532429448493614288e+00 7.914852190438034896e+00
9.099315814152141968e+00 1.135550325945254002e+01
1.877467940148573877e+00 3.603779139419658328e+00
7.899381230047080926e+00 9.779227214091305243e+00
4.626583101958207322e+00 7.137247190413432030e+00
4.208414583945824461e+00 6.220294635964420671e+00
5.925279426632716451e+00 7.441077384404844786e+00
4.842882165488642698e+00 6.796959697020871438e+00
3.057094154833754018e+00 4.719915903698468362e+00
6.294870811614988959e+00 7.943454695024499301e+00
4.697958000185885830e+00 6.639554037389164165e+00
8.429560529585881312e+00 9.082560313475049441e+00
9.325720962266419889e+00 1.053633251634883727e+01
3.934727835346814029e+00 5.155344106634172086e+00
4.003337282719721113e-01 2.363549880146897930e+00
9.225236715766172324e+00 1.179353426628667201e+01
8.566710894293439793e+00 9.810091572297924500e+00
4.906396580259457352e+00 7.130516574854593337e+00
2.626637070991277856e+00 4.260216402942906377e+00
8.865503771633971297e+00 9.708193198536111623e+00
7.025295804796753529e+00 9.662693277139197789e+00
9.828083931118030137e+00 1.005521966554666946e+01
4.673231153043440500e+00 6.427585856609625559e+00
8.271829719567017847e+00 1.000587990037728403e+01
1.255838684366359370e+00 2.932377897728088989e+00
4.654934048990851281e+00 5.555218420869973528e+00
8.902472314056506519e+00 1.041767947577625364e+01
5.434151815392505469e+00 7.747665383090389213e+00
3.158041089068188700e+00 5.662819584510866200e+00
2.762817321604921439e+00 4.811383779030699692e+00
9.621104741672608540e+00 1.133432675241864196e+01
3.351127807382763280e+00 4.721609238196236902e+00
6.680385993947001388e+00 8.094247700072473961e+00
2.758450319533034545e-02 2.028831560576306980e+00
6.150892843351542183e+00 8.773767815580320928e+00
4.706293123393115785e+00 6.707788775298708650e+00
4.784534912048036048e+00 5.982942052207246952e+00
7.252008429782885734e-01 2.583873528428682231e+00
3.840203902806917924e+00 5.845241352428690362e+00
7.789078410568125221e+00 1.051263745949910522e+01
8.946837346303350813e+00 1.189223145532696435e+01
1.795108737463952941e+00 4.157685675983081808e+00
5.489153420512393744e+00 7.892952401423068309e+00
4.075918865871415164e+00 6.509606353236930154e+00
1.781595885518895139e+00 3.979599277453662154e+00
9.305092013391828232e+00 1.173969358291230591e+01
2.424227340385337826e+00 4.516354198290347455e+00
9.869430542517321214e-01 2.858468687992009372e+00
5.575013533086572437e+00 6.786434914306415322e+00
5.723035296242983350e+00 7.396101874141695731e+00
3.673646724382291229e+00 6.031865181313760260e+00
2.446262154743835460e+00 4.535972212675285498e+00
7.525764359712586504e+00 9.005967910039935020e+00
7.985331155219935972e+00 1.206645334235284039e+01
2.697826038890043243e+00 4.811651259212525567e+00
7.337374247241655212e+00 7.934517136741920496e+00
3.074030075116134242e+00 5.088341347749638643e+00
2.836615047387677002e+00 4.611611462884400936e+00
2.934387502464119724e-01 2.287379929395238154e+00
8.300995494981556533e+00 9.516831826647186077e+00
2.866150479905973381e+00 5.069181869998423906e+00
4.028618646108850232e-01 2.440003244634237234e+00
2.282753606501772836e+00 4.749027315958987749e+00
3.696736624647268599e+00 5.725344308319799680e+00
6.138327669045036572e+00 7.188141411603129249e+00
5.165227427400505000e+00 7.318795738174369347e+00
6.162148604996124490e+00 8.537619835287303616e+00
8.899837114204338206e+00 1.039615996041745127e+01
4.353392605092965439e+00 5.667708578962239230e+00
3.784993173574291436e+00 5.993400936769774923e+00
9.769886600321568082e+00 1.182519807938183831e+01
5.233359848606019327e+00 7.548675819459357506e+00
2.204048891264641874e+00 4.440606751437014665e+00
7.837878011885818452e+00 9.597200867959315929e+00
7.761060598080868900e+00 8.958465762210947148e+00
6.806233004341901704e+00 8.875789411703030041e+00
1.883783574693341789e+00 3.999524690965368112e+00
3.653590967257769329e+00 6.395523859903624597e+00
7.078265491263810105e+00 9.093234221755583491e+00
9.848862318154390394e+00 1.082099369119983301e+01
7.927074958142066308e-01 2.922748542082373113e+00
4.000311352846991575e+00 6.219688069069714942e+00
4.924665980813226263e+00 6.969470737739722921e+00
4.817799066218634962e+00 6.715038375066160192e+00
7.409649526333193847e+00 9.319193565849612781e+00
2.983835841575307235e+00 5.373147651453050955e+00
4.235690561352956074e+00 5.468299692046434402e+00
9.563210162878069909e+00 1.068459719463512592e+01
6.203822346171397051e+00 7.762996787652371999e+00
8.593143630326972371e+00 1.093815892167794601e+01
4.396181368290008606e-02 2.042327046655518341e+00
5.308417652485799110e+00 7.734387735979771250e+00
1.313711558695137560e+00 3.088851764741086026e+00
4.821566437273038019e+00 7.352513716607071537e+00
5.124731093159785367e+00 7.730112303131930318e+00
2.358181567277490842e+00 4.368254454406625520e+00
2.681862413063983652e+00 4.546588518536484713e+00
4.113011715681666125e+00 6.283509178776028214e+00
8.826143413838249963e-01 3.021640709895703658e+00
9.100854017895802173e+00 1.227288890203596061e+01
1.819147222894786919e+00 3.639603824604627391e+00
3.967441677904560926e+00 5.899700242313957510e+00
7.734936873115085376e+00 1.012748861411299828e+01
5.550437084864602078e+00 7.899445688236895080e+00
2.750075851165802998e+00 4.999809573772822091e+00
4.613383681694516625e+00 6.115808227977991507e+00
7.030625638572450598e+00 9.691589301470063589e+00
7.883780726970655017e+00 9.310906683498322067e+00
5.681629694112527496e+00 7.387893585465011626e+00
8.852807331261034918e+00 1.162266720111537666e+01
2.598132988522613651e+00 4.691822111835739939e+00
7.227247810168914377e+00 9.644470118901670830e+00
3.437354580327070863e+00 5.747280941834914003e+00
8.689819654758967005e+00 1.217166778838007524e+01
7.134082050197601887e+00 9.590220155737089414e+00
6.129868271246678546e+00 8.378203237907362322e+00
2.525577842974265685e+00 4.518176646540499775e+00
3.206939311275347482e+00 5.099922837758413152e+00
8.293355090344217473e+00 1.108335656594575980e+01
1.103722593038132249e+00 3.190623978220742174e+00
6.307328480069669396e+00 8.927836465284364920e+00
7.783829241584107272e+00 9.767642089837377029e+00
9.978135922406520919e+00 9.712688806540658248e+00
2.981219195414598566e+00 5.147129184309912731e+00
3.265406738182242918e+00 4.837680272163354722e+00
5.531698086656898994e+00 7.441557683936232515e+00
8.398893090458232180e+00 1.105025316836896998e+01
6.214754208894722964e+00 7.444545664730414458e+00
6.434334663171040525e+00 7.029220969037017319e+00
5.851793922364136868e+00 8.151540691318066578e+00
4.870560487073554157e+00 7.406767400369929533e+00
6.203324774546937981e+00 8.468540916553299880e+00
1.859014424429552559e+00 3.833705022682923680e+00
6.735482015876743667e+00 7.542903793865066930e+00
6.625820168820854228e+00 9.309667408832385860e+00
2.832236807922139388e+00 5.005895291662694646e+00
3.910185637279740334e+00 5.274979192682149431e+00
8.352331508621437806e+00 9.708477933872275756e+00
5.303664190914139098e+00 6.980177910908492933e+00
6.104029211310909808e+00 8.885886017428299866e+00
3.558737008774502719e+00 5.687837170449840940e+00
8.427730045876197451e+00 9.838954463450155785e+00
4.596569715407894385e-01 2.505755218993674038e+00
2.843022431327291155e-01 2.286969614421318298e+00
4.329073801627998819e+00 5.627416857423199303e+00
2.185049631494163869e+00 3.988408390474143861e+00
5.946636420979489746e-01 2.633790785433469228e+00
7.366209369416183428e+00 8.807905888506766701e+00
4.395732443181000981e+00 6.793593625625987009e+00
8.350793613719460495e+00 1.123235160927992737e+01
3.722096687740582333e+00 5.729704490764121694e+00
8.497442697422208369e-01 2.902448859892604371e+00
9.528956442262202842e+00 1.132451327242502614e+01
3.075427788093984205e+00 4.726603035270512621e+00
3.794821106753913043e+00 5.999061492416052133e+00
6.802077534746732823e+00 9.366471391931900925e+00
2.975402008191136982e+00 4.929459929831980780e+00
7.355006216000186114e+00 9.577853100181402013e+00
3.910055946446927777e+00 6.514223163238649583e+00
5.357027116928215982e+00 7.366269395824956767e+00
9.375137396794876565e+00 1.149169058299394308e+01
8.201809051296599762e+00 8.298642425305502002e+00
7.759970684517928596e+00 9.864544414732570488e+00
9.044469751710314753e+00 9.730477771354344441e+00
3.546712785728349804e+00 5.290694902675269873e+00
9.713530320670338281e-01 2.894349211525268473e+00
3.739212935970188667e+00 6.414196257113863986e+00
1.673865486252288370e+00 3.690730033879516370e+00
1.872458833013405100e+00 3.808962130187519168e+00
8.276382335115151534e+00 8.917262378136214807e+00
2.532980649928969541e+00 4.171162120920820726e+00
5.592177178272738303e+00 6.767610942587818812e+00
9.640405435455503991e+00 9.849965055877438758e+00
7.647634383215599740e+00 9.257910052188343286e+00
2.905763849501552532e-01 2.281652733074400086e+00
1.485019788905331817e+00 3.629243320596507338e+00
2.717992947484404453e-01 2.331300757776689103e+00
2.577818043165076567e+00 4.499517756047814565e+00
3.091430174237151718e+00 4.906259377516065889e+00
1.130270826653198002e+00 3.113037131816478897e+00
2.211236641343247378e+00 4.163188798078364172e+00
2.612255531282597687e+00 4.733701621335309362e+00
7.585700106167644563e+00 9.845548075740811811e+00
9.968918409542061099e+00 1.323792653037479461e+01
2.227663543069308361e+00 4.160096357934389921e+00
9.078024792555654088e+00 9.901935518877751363e+00
2.319196068158481339e+00 4.910956756201305673e+00
1.130038729555223886e+00 3.029310545498739238e+00
9.511694122060653456e+00 1.167452435694293378e+01
8.323960862520596748e+00 9.470648568368122966e+00
3.004121744477068479e+00 4.787466697609239041e+00
2.317047080374696755e+00 4.455541548504829308e+00
9.177902157048331233e+00 1.209888551368453413e+01
4.249801606467384918e-01 2.457815984631631867e+00
7.934388206855588876e+00 9.818374145788762775e+00
5.448439558919038195e-01 2.537035046151596696e+00
8.583038144423287719e+00 9.606386177121065018e+00
9.071507165761852676e+00 1.165377441254699598e+01
9.533299113936058333e+00 1.284290165720291910e+01
6.308970032301952635e+00 9.246395240897902212e+00
2.129481194923639187e+00 4.087420053187218016e+00
4.489448165562058612e+00 7.070000284451015915e+00
6.421962955326820932e-01 2.674741082433325090e+00
8.508391259605470935e+00 1.035341904551232162e+01
1.528876330160464647e+00 3.476768401014522780e+00
5.127204205034696649e-01 2.466236173398435927e+00
5.252875613180529868e-01 2.537135456591119720e+00
7.217548362146625429e+00 9.625216231048476345e+00
2.270835548811663607e+00 4.598398281536725030e+00
3.572405758630638140e+00 5.447932662765039069e+00
7.925561998470286085e+00 1.063733781602244477e+01
8.670871110223094647e+00 1.284189213666862095e+01
1.417380002799158989e+00 3.653266827961770602e+00
9.326925542550323911e+00 1.158528967443538349e+01
1.922275282820616882e+00 3.430080966657365060e+00
4.907221991954835438e-01 2.500066972298820911e+00
9.581084122804906400e+00 1.199037292838604607e+01
8.806362668182977416e+00 1.138130926821299482e+01
5.688825996659430118e+00 7.679660212463087277e+00
9.288972232340279689e+00 1.241966295038612955e+01
9.008173714421291223e+00 1.019934206571890734e+01
7.707398966040309496e+00 1.104110317742616765e+01
5.029550929435428586e+00 6.529478616363215693e+00
7.083651993234052480e-01 2.731329414838569392e+00
9.700141589995444846e+00 1.195133581225909936e+01
6.690823159573671575e+00 1.001140219756012506e+01
6.761390223444046832e+00 8.585807385203750641e+00
8.417910919853500928e+00 1.172770653859050505e+01
4.112294257174058387e+00 7.034331028199081182e+00
1.796691265749996713e+00 3.842569934052323610e+00
5.413745524438821732e+00 7.590033715793520486e+00
2.104629718491612067e+00 3.844040241621021092e+00
7.140414306851877946e+00 9.228597876934010458e+00
3.863706760466309120e+00 5.727841668273791598e+00
3.270334354133614951e+00 5.439662831249408192e+00
3.304698605253394206e+00 5.410974473297851972e+00
4.955728054246158365e+00 7.174458637817656914e+00
9.176331250111273263e+00 1.200935884013765254e+01
1.836997738539858371e+00 3.798666578603379751e+00
4.706332645799276904e+00 5.882362969277226128e+00
2.789323536166616879e+00 4.496279695280234634e+00
2.384092699483292499e+00 4.139493875292939329e+00
6.409244639139015653e+00 8.574461135514585663e+00
9.984919713332763180e+00 1.201469130992760448e+01
2.004167603155075028e+00 4.098126434311595290e+00
2.661244879897173288e-01 2.274552164656598929e+00
9.434130883950841095e+00 9.550615689498114236e+00
8.127083448174008851e+00 8.839785121976920124e+00
8.504043616529678218e+00 1.112633126093524183e+01
3.657932053049909094e+00 5.551990672603949406e+00
4.732719154491330293e+00 7.080829157763004922e+00
5.983958815336240633e+00 8.177762749269364306e+00
2.523477113833628493e+00 4.718835444281237024e+00
1.061843463721089398e+00 2.998818543532042469e+00
5.005650157248564547e+00 6.088163398540736182e+00
9.514048937146920792e+00 1.089576842997327333e+01
6.758611858840314568e+00 7.641783434007214382e+00
6.705165085640465428e+00 9.237150601804010819e+00
4.260246003051493702e+00 5.754409904014202048e+00
2.705094866566851941e+00 4.151152431798287523e+00
1.756402579614947390e+00 3.806789205666642584e+00
9.530659143026165125e+00 1.220506084527974977e+01
7.781806706243772354e+00 9.830105975295920118e+00
2.265315178234565074e+00 4.281331477520164519e+00
9.604109353329773668e+00 1.252340176303902908e+01
2.307907565731940558e+00 4.332511416326151554e+00
6.503832312365704027e+00 8.930012421118435739e+00
4.472485517014254341e+00 6.118395102758607429e+00
9.451511348779536803e+00 1.096789344148311685e+01
2.406018907942999441e+00 4.442320907567760990e+00
6.525381332071484408e+00 8.395019800015939282e+00
5.891604060887195793e+00 8.372814566750484744e+00
7.231240097787081211e+00 9.346619303379517518e+00
3.784801812394489318e-01 2.402373646594156753e+00
6.893846485871670815e+00 7.724391470233667789e+00
1.550259240736866495e+00 3.418870488881236902e+00
9.887993951030209061e+00 1.252295446111300770e+01
9.354850334174930282e+00 9.975282966610425461e+00
5.862418107524907107e+00 7.230402253834581572e+00
7.948718781898218566e+00 9.884456407010306478e+00
8.404103644188516853e+00 1.142349526860570030e+01
3.524563767289955685e+00 5.565016822655444173e+00
4.514109828329661234e+00 6.388361103046832135e+00
7.238646332473774869e+00 9.132648039027781550e+00
6.341730823015680585e+00 8.186769768966675187e+00
9.115499476909329601e+00 1.053663570669839267e+01
2.663515917156141555e+00 5.026828269804758165e+00
1.762695400377535249e+00 3.618736333623985502e+00
7.646342110129789038e-01 2.744742871945373697e+00
2.953307616568553229e+00 5.127283514878746118e+00
2.500537553650905576e+00 4.710586281052742130e+00
3.071703791039118947e+00 5.259221079180981917e+00
7.337270153937687667e+00 7.948952900573203806e+00
8.390541879818963267e+00 1.134382517331247442e+01
8.745768971549521709e+00 1.099548352555874153e+01
1.340882286825820779e+00 3.331468912941689897e+00
5.177120610301617631e+00 7.044803769003161520e+00
6.436920210920557217e+00 8.243931860815351342e+00
8.780989321442017825e+00 1.091653773494195079e+01
9.409533535267279092e+00 1.216056174386611488e+01
4.304265606128156563e+00 5.644703225211966213e+00
9.888474216156543761e+00 1.142061280477886065e+01
7.764519307865401565e+00 1.154074879824889877e+01
8.663730111207618378e+00 1.180996390623444547e+01
9.106122756977573118e+00 1.015668669929469026e+01
4.340531952752701095e+00 6.304945337513424342e+00
2.001336048819300828e+00 4.137543296084875699e+00
3.081673284427477455e-01 2.330284304241607707e+00
9.356910071782598592e+00 1.050614747318794073e+01
2.974032143183445775e+00 4.732838748714759625e+00
5.325582187898330488e+00 6.712882292277722485e+00
9.163981522548297676e+00 1.251413988876889150e+01
9.334795358670401555e+00 1.089141244294205713e+01
3.763250171073329930e+00 5.412899248856787970e+00
6.405628451944248347e+00 9.130936124381319630e+00
8.282864508822346039e+00 1.253572014744775132e+01
6.445183224037185354e+00 8.983337153569882716e+00
3.917590031048261423e+00 5.885548524664807601e+00
3.173046608611934438e+00 4.939286223695207312e+00
9.346442554782779411e+00 1.156168180896574249e+01
1.412086357353258270e+00 3.556757162036996434e+00
4.327065097854953635e+00 6.477490054575990364e+00
7.567707097827155671e+00 8.305722062482237433e+00
7.458990128677162268e+00 1.028024105317521197e+01
6.698739620763070945e+00 9.736283034091643529e+00
5.119774913884722611e-01 2.535712344617971681e+00
3.380472393855527891e+00 5.776768131048524602e+00
2.088628471153906929e+00 4.147424429330865081e+00
8.478482501823705775e+00 9.996203441195294914e+00
5.621605635448076121e+00 7.687080824809017443e+00
6.972857534951416802e+00 9.262540932083574319e+00
7.223482979690054595e-01 2.584886421961520853e+00
5.329791623963108904e+00 7.636436871134317350e+00
7.433540587467700966e+00 9.748616822115801384e+00
8.430245177520086841e+00 1.096524516480335798e+01
2.709934752491641952e+00 4.922750502428800523e+00
7.763181478552255932e+00 9.467234440150704700e+00
7.808040078391209615e-01 2.720692258793935725e+00
7.843271153502381132e+00 1.021773839835485731e+01
7.972693490283399242e+00 9.958076987838948568e+00
5.454478761850022117e+00 7.880751322544587545e+00
3.413763676912800804e+00 5.686404517630847089e+00
3.424172538537098909e+00 4.986205837096058247e+00
4.755298529093511917e+00 6.609287243429377234e+00
6.265601291465879186e+00 8.775238107577397528e+00
7.420370695487834567e+00 9.724870374618227231e+00
2.762054233389554803e-01 2.299524237049732189e+00
1.539057669685939267e-01 2.147524753613457182e+00
1.334910418955116418e+00 3.212666689827563093e+00
6.535991143321321140e+00 9.720158824462581393e+00
5.474635179781945915e+00 7.875582539883582811e+00
8.996461902495928697e+00 1.013547374281142055e+01
4.878566646343877267e+00 7.282509348772086000e+00
3.006072376025726633e+00 4.423496488306451369e+00
3.613128485624136133e+00 5.734751561086680383e+00
3.292874957702096594e+00 5.073126522343209821e+00
6.350765946622434655e+00 9.734556639759022190e+00
7.161107895174751548e+00 8.390040146739554672e+00
6.105650543834654442e+00 8.251304860002262487e+00
5.112396310244301745e+00 7.008577099536220878e+00
2.138656695464646873e-02 2.023115031914203943e+00
4.540272221966496602e+00 6.754916914957689755e+00
5.152484286690350856e-02 2.059741508913305985e+00
9.085542005661375597e+00 1.085589593135011199e+01
2.900435075585455991e+00 4.961204067846077592e+00
8.763770162792838825e-01 2.998026645323548678e+00
9.965182457504370817e+00 1.049545290150007837e+01
5.705969826746804863e+00 8.061780583367196940e+00
7.827744512424768430e+00 1.025527627219394056e+01
7.966139877478202180e+00 9.794128994228428198e+00
4.579140926795811417e+00 6.097077340725317818e+00
6.761299275048737734e-01 2.719630778100342816e+00
7.841525825594085397e+00 1.141106534194924116e+01
5.371123386996265126e+00 7.716071936346644122e+00
7.830147004434454772e+00 9.958397540815836280e+00
2.896417973839361615e+00 4.867773630501241122e+00
9.014619808360398778e+00 8.720316050715114287e+00
5.019788306109758125e+00 5.979857332378276880e+00
2.200357669022464435e+00 4.600984478557037072e+00
7.226750477882342594e+00 7.511013290816341836e+00
6.295834490805710892e+00 8.015168595041540556e+00
7.788230438800602951e-01 2.779992783861495731e+00
6.498924660513769602e+00 9.191397766870739616e+00
2.526384413504934034e-01 2.260021766307189761e+00
7.717281526452618223e+00 9.532590108503050885e+00
6.429094400906456563e+00 6.625254650918074972e+00
3.991725589950782194e+00 5.566282896233968991e+00
2.493609495235965312e+00 4.473894837032629468e+00
6.010636568386964029e+00 7.974363626182033649e+00
1.325413856849602112e+00 3.223066074366565115e+00
5.249888003389446833e-01 2.492972234393016073e+00
5.539109300833089389e-01 2.469432997897941462e+00
7.267204514893307987e+00 9.829992099580305620e+00
9.245313946472100142e-03 2.009771964422151669e+00
2.680380977535471665e+00 4.715518228110743060e+00
1.758190882171383196e+00 3.687156148387602972e+00
2.618727254561656892e+00 4.542864351265384570e+00
5.246054200848288218e+00 6.573669929891296171e+00
7.336979044461392263e+00 8.738647315483852651e+00
8.681599391161093138e+00 9.812161022886929373e+00
5.003161238280185330e+00 6.384777011088814902e+00
5.485972066663014957e+00 7.203222984113744509e+00
4.064194688337707806e-01 2.445276652125410344e+00
9.016736920370121311e+00 1.117625275360022918e+01
6.172583140435148330e+00 8.070329608546735756e+00
4.658649169564563763e+00 6.316749303153341266e+00
8.723744471357766983e+00 1.231677146974449677e+01
2.382643893245331768e+00 3.994636358432090084e+00
9.844962701697621554e+00 1.398542319606582573e+01
6.819265107739266085e+00 9.078398838484497801e+00
4.433866661417896538e+00 6.611779304892189124e+00
6.243879445501841374e+00 8.261797286539485086e+00
4.322565643544347580e+00 6.571136136116826343e+00
7.166473777043722571e+00 9.847929227059116997e+00
2.743890408894663402e+00 5.045056575256560372e+00
9.004404885005477865e+00 9.651597597122878014e+00
3.061711217058412871e+00 4.664534291891913043e+00
4.061206102973986987e+00 6.222139804359138715e+00
1.157669597270237771e+00 3.132244085966797709e+00
4.555549994616604259e+00 6.767120310982560838e+00
8.372497198429373899e-01 2.804584520097607836e+00
5.452286072276751661e+00 7.136085547237732918e+00
6.682288054819399470e+00 8.190415145956514209e+00
8.669923100175427777e+00 9.549860679321188428e+00
8.116375233051165594e+00 9.787008138037977645e+00
4.042848040151697298e+00 5.897463448329730795e+00
4.560363239206988162e-01 2.413444806987183444e+00
6.653072459903085267e+00 8.438723987601594700e+00
2.872873329921094232e+00 4.278812585365688648e+00
7.397788522565642566e+00 1.130620127461563129e+01
7.057097605856177402e-01 2.612298626918567290e+00
9.142504688607731467e+00 1.175477234720001896e+01
5.300788383540705695e+00 7.170906714674575966e+00
5.193315256871317231e+00 7.375248273383851583e+00
6.866162049900755626e+00 8.712646195743076305e+00
9.904478569820811984e+00 1.204673537341169443e+01
6.513570009489823676e+00 9.147220083503693644e+00
5.848460543338496187e+00 8.022109436767667745e+00
7.527772627140704387e+00 9.304682748658290592e+00
6.101427574929159547e+00 8.286323651373777466e+00
3.874048700116752286e+00 6.318489126283478363e+00
3.603147203989353287e+00 5.714033233663855071e+00
2.997333570240328093e+00 5.318665099464594093e+00
4.266908487050656618e+00 6.361015834188640916e+00
4.824557151914377062e-01 2.451821706331215545e+00
1.165670979727009282e+00 3.148854355105528136e+00
1.962226840313352483e+00 4.010964941543733175e+00
8.693414316445300827e+00 9.607803611659635479e+00
4.116767528018668187e+00 5.457467078547262318e+00
6.952930699932526437e+00 7.948129891819463388e+00
9.652990939982103669e+00 1.210701127768478536e+01
9.505302534369928225e+00 1.221263328897385136e+01
2.954421836961537373e+00 5.631091936601446690e+00
2.161589836966521183e+00 4.014987792960534208e+00
4.973085687227608354e+00 6.139974987700119513e+00
2.801633947613520803e+00 4.501638400822103314e+00
5.787483040032973314e+00 8.595364135850385168e+00
7.702095160378569005e+00 8.942355667880383052e+00
4.206315713611120444e+00 6.690454417140704102e+00
5.491430555599160712e+00 6.835273667653359198e+00
7.327889469691040603e+00 8.374522158634130520e+00
2.820841291611084767e+00 4.911355627819163239e+00
3.776533433726483313e+00 5.268217004201679821e+00
5.463473708751005020e+00 8.629158868604887900e+00
3.030457180722798682e+00 5.573936708667018181e+00
7.988798051701139435e+00 1.031550931775956315e+01
3.810427518116984658e+00 5.926932834415286067e+00
4.112643350185420488e+00 6.531436292653753029e+00
1.231627390875951189e+00 3.247601539162916495e+00
1.546318827377902716e+00 3.811661206385108525e+00
8.592263692985675050e+00 1.236268864469639439e+01
4.131987717055899623e+00 6.352322466826572978e+00
5.115794381962498250e+00 6.399520545399918880e+00
4.528435942557452520e+00 5.415617041905583129e+00
6.908942373832340778e+00 8.936643542671385276e+00
9.433580043874536969e+00 1.158354241997094114e+01
7.036297795324988336e+00 8.484881707761086744e+00
5.652810258743938832e+00 6.824188056979981987e+00
7.260537028132960202e+00 8.700196000394297968e+00
9.177612437237019805e+00 1.276938710007500077e+01
4.262930029305812774e+00 6.291538344434136398e+00
6.756910811917391513e+00 8.653850853272111010e+00
7.155410082027517049e+00 9.241731594419972495e+00
8.607797435820542020e+00 9.598737563421662955e+00
8.586235726734733120e+00 1.135362867563267386e+01
6.970129666053171746e+00 8.489319522474842117e+00
5.043555583407492549e+00 7.865706355742483780e+00
2.070608823719204405e+00 3.916575526413705877e+00
7.607090917135240105e+00 9.514672198819235760e+00
2.008726902765545219e-02 2.021966246885370300e+00
8.888223511484317996e+00 1.126632341301041507e+01
6.322270218868434100e+00 8.215639299124676498e+00
4.683317457692364627e+00 6.482744016761857075e+00
7.114581685116649901e+00 9.832821641615964836e+00
5.750665105146184786e+00 7.668446105874879848e+00
9.712765764650733047e+00 1.172901630685534435e+01
5.671969571105238472e+00 7.858682144390122026e+00
2.781724239037186575e+00 4.708167677815355390e+00
5.955657923634754880e+00 8.302641867659209751e+00
4.441371288619172297e+00 6.273196854352709018e+00
6.718899947327664712e+00 9.148280418765720512e+00
7.009872021215805660e+00 9.497218655122901865e+00
4.636654989492487111e+00 5.757183523824816795e+00
1.878775249003148407e+00 3.839414579152893747e+00
6.067673019912691146e+00 7.585619404861509985e+00
3.689031315086434226e+00 6.166891975463758335e+00
2.062475326141544052e-01 2.233321985159067324e+00
9.701042221438715529e+00 1.163208507737502373e+01
8.520364042250786696e+00 9.873564508971382381e+00
7.683486159352705513e+00 9.043315573435458887e+00
5.183863721758964260e+00 6.560914476020775155e+00
2.190656878800381069e+00 4.102483521834555447e+00
5.548722621601042349e+00 7.970397431554099299e+00
3.222162949165210399e+00 4.819791503869065075e+00
6.212612189922115391e+00 7.970551515436661738e+00
3.184572425033020959e+00 5.699611961510752778e+00
9.659069048886625097e+00 1.005030570700494152e+01
8.699310439298868491e-01 2.811095207064869150e+00
4.608497511262039659e+00 6.255357759144704488e+00
1.917762413961149326e+00 3.975090918548997987e+00
9.957296405964280339e+00 1.200076171518628243e+01
9.789008321994712603e+00 1.087914109227437720e+01
8.556789985259673159e+00 9.975248034608760861e+00
7.445110703512548334e+00 8.146522317484421905e+00
5.743980364469646105e+00 7.918213287122578770e+00
7.533299378183807349e+00 1.029709287147639785e+01
2.065229540698875432e+00 4.137768966183120511e+00
7.973358216802375331e+00 8.878791658324395542e+00
2.568959818039995291e-01 2.260722569898736989e+00
3.297752208225093185e+00 4.888676541289559196e+00
3.176948055655172354e+00 5.246824992898843298e+00
3.896659039448024942e-01 2.390222308902138604e+00
7.230603388833479528e+00 8.559314258688782928e+00
4.740673291734720518e-01 2.547835751515417080e+00
6.974699196681974911e+00 9.047034917371426843e+00
7.295531210789008014e-01 2.740388247476650108e+00
7.675165124663272387e+00 8.715679841238676673e+00
3.765389568484422966e-01 2.356095783832544033e+00
3.845783406670411075e-02 2.038312728852520017e+00
8.877823720377753247e+00 1.056398284591213255e+01
3.787112244149425599e+00 6.001397713811178036e+00
5.132706940691135422e+00 7.369041357388703695e+00
6.562863538726158019e+00 8.844307077859161481e+00
9.660302815570155133e+00 1.099496263340794577e+01
1.487042950999725166e+00 3.602243804423333362e+00
2.015355376777315577e+00 4.366677908116451512e+00
8.272083961783572192e+00 9.585026947512716333e+00
2.862068012013176066e+00 4.087634224215249468e+00
2.446885230202089367e-02 2.022333641139438587e+00
5.596129517171743117e+00 8.153070318729735533e+00
2.380915368242295660e+00 4.108874761613620308e+00
1.116463335910747867e+00 3.037550696953494000e+00
4.840948920420119705e+00 7.043679216455421610e+00
1.013242346484035661e+00 3.024442558874553821e+00
2.403327601530228286e+00 4.536467733273435776e+00
9.667826295668668912e-01 2.934496614094229461e+00
3.117477191631023103e+00 5.136720600169234707e+00
7.586374185021499628e+00 1.001065819722465200e+01
3.690662019059533172e+00 5.347450484420569694e+00
8.234202814082458577e-01 2.890091064945487620e+00
6.919937145722116156e+00 7.968697928092344007e+00
3.384968557697876079e+00 5.056693814764717132e+00
6.122792756507867473e+00 8.710617092567268571e+00
4.149465726729735238e+00 6.351540842229105976e+00
7.875973771004680657e+00 1.019973770245867506e+01
5.664239763206987632e+00 7.797699823425868537e+00
4.256040484028716264e+00 5.719171244221985084e+00
7.109618924006486651e+00 9.053813477017570222e+00
8.618826656149007448e+00 8.800408068868499356e+00
7.270822502690277300e-01 2.617452082401345415e+00
4.568249761360874572e+00 6.682356775607225075e+00
7.387748903791649724e+00 9.980937385610683776e+00
8.781358325117572861e+00 9.883354321117431951e+00
8.047631878007102557e+00 9.742344687928055080e+00
8.069384643360310250e+00 1.027952827560222637e+01
1.828191112109276428e+00 3.972652349820811057e+00
5.845371560561445357e+00 8.345584912589041338e+00
4.510601636931699243e-01 2.515358448624749332e+00
9.732787915857471717e+00 9.441276405186748377e+00
