5.267304770292704497e+00 7.184715161385378579e+00
6.043374971256499251e+00 8.064248422081769618e+00
6.705251943101537826e+00 8.745014447773231225e+00
2.815719125748993079e+00 4.857749858544479160e+00
1.737422784924123054e+00 3.736038622556408395e+00
4.686982601808847626e+00 6.639540292994964510e+00
3.166271740700663528e+00 5.067808956631020934e+00
9.745171592130821736e+00 1.177570830740053687e+01
9.230787582784648393e+00 1.123154601912497874e+01
6.833221543096960282e+00 9.022479364981377259e+00
8.888340127078853126e-01 2.870238345159916271e+00
1.971053846064717563e+00 3.905588699180950751e+00
3.184533330832450826e-01 2.402196561456555024e+00
3.591684472619343094e+00 5.703461247588796468e+00
9.940589998980811970e+00 1.184768270297866444e+01
3.154478058128376006e+00 5.241840763087009414e+00
4.756090978510329137e+00 6.920818619980567021e+00
3.107118490068207173e+00 5.018035458539225502e+00
6.028367919987289270e+00 7.935772201228615153e+00
6.271055785841164187e+00 8.148781240996987307e+00
1.283726634761339636e-01 2.271044895920248941e+00
5.621013323077875157e+00 7.497051030451753029e+00
7.849998547553188821e+00 9.791329110100241095e+00
2.111701646115149433e-01 2.107169230242808666e+00
9.155339403978668855e+00 1.116560511426445856e+01
7.475483742305137902e+00 9.433264971153684897e+00
8.894059581947015403e+00 1.092144875560061301e+01
5.499969312373509389e-01 2.472856933377753474e+00
5.936642328265905100e+00 8.047757059135332014e+00
4.173953220371329209e+00 6.155604129913814226e+00
5.990300542375281978e-01 2.559956237252626998e+00
9.461046151399123971e+00 1.151826164142080877e+01
7.147454664591830209e+00 9.259438760750699160e+00
3.170329549772294975e+00 5.164447107351958444e+00
2.234734688136081893e+00 4.119927760210855716e+00
3.011974468910725289e+00 5.018061522270278907e+00
4.846556276193018320e+00 6.765382525376731238e+00
7.757916746565864052e+00 9.863095361464436550e+00
5.668125018621037015e+00 7.799932295272162364e+00
1.123421006985078074e+00 3.080848100860851257e+00
4.986998549118992763e-02 2.049325180452359341e+00
3.922860435757211661e+00 5.709769125418547198e+00
2.944516770024479868e+00 5.075473108009477485e+00
5.617711822789834386e+00 7.319035769756983001e+00
2.921210686833153325e-02 2.090797931934721632e+00
4.690135148625408590e+00 6.626173695409023345e+00
3.431518746143415122e+00 5.573448807121903492e+00
1.780392600875113640e-01 2.093124558062928298e+00
2.451902550533336722e+00 4.404757188417560698e+00
1.523951867962033413e+00 3.563326446351699595e+00
7.238774055650013750e+00 9.231210547781824260e+00
5.838354380996558568e+00 7.869558025475551943e+00
6.145397794758621579e+00 8.208780398853251725e+00
8.128294236869388456e+00 9.929616449632083786e+00
8.167796639226436284e+00 1.020779184670238138e+01
6.241613641887797215e+00 8.283348944360065857e+00
1.077020203685142841e+00 3.070928654639834665e+00
7.533598925059394880e+00 9.421157378960204554e+00
3.388070729723908769e+00 5.333596773217252895e+00
6.105648722836138909e+00 8.128623901063596335e+00
1.680700063844037251e+00 3.608646814415800819e+00
6.325870687802561676e+00 8.454582542939588663e+00
4.023490655021310758e+00 5.952296718536906894e+00
1.311726464206425247e+00 3.233277715994931079e+00
8.924884546800534224e+00 1.068212340887283496e+01
5.039259796448064321e+00 7.067579248550683424e+00
8.064659539130751398e+00 1.002465181192669696e+01
5.546673896413637728e+00 7.622050829586092924e+00
7.797211364911660780e+00 9.831290969514977718e+00
9.828754290081370470e+00 1.198363495611936713e+01
1.889628191674512792e+00 3.718646836115401033e+00
3.550623972095806380e+00 5.669077167015267094e+00
2.755620468236833709e+00 4.747099573610915613e+00
2.681261446475357246e+00 4.737068347277562985e+00
1.799358746630630446e-01 2.234711729855865858e+00
8.457250520911138381e+00 1.060955942858156931e+01
1.018352875590378126e-02 2.112367429149268450e+00
1.638765261543598806e+00 3.515699091191272885e+00
6.859809858756841905e+00 8.842629463320909267e+00
5.740689659254876176e+00 7.826679252364959538e+00
9.230842021711444190e+00 1.125031969954585698e+01
7.819063910963674147e+00 9.713635585437238262e+00
3.031234247549745575e+00 5.064564177349858198e+00
2.843656910495283796e+00 4.742984784826152378e+00
7.604881596366640295e+00 9.743227454940818433e+00
5.162591219023134670e+00 7.146997211889003943e+00
9.017489450058979727e-02 2.305284140375730484e+00
6.386689477929227365e+00 8.405918736817969972e+00
3.370390227839300756e+00 5.207836584981489381e+00
7.232243601005769129e+00 9.261058830457345792e+00
8.801328262602595487e+00 1.076334515402566616e+01
7.155848176993969467e+00 9.195544634138636653e+00
1.072818016221088744e-01 2.115646799746227824e+00
5.601872808598006515e+00 7.577471138641689308e+00
6.506773145824672255e+00 8.503714304383654721e+00
9.211768789860897755e+00 1.109541741624411237e+01
3.602912755075947437e+00 5.654280728696729597e+00
5.525055706577751025e+00 7.555633697693718176e+00
7.870491934687610325e+00 9.809937468938366933e+00
9.957662013118932620e+00 1.210467859276175240e+01
2.508500972476547020e+00 4.532423888567249648e+00
6.244640101773319962e+00 8.226922018123518754e+00
7.931398295632734019e+00 9.862321431531698934e+00
2.774736930247827527e+00 4.751144940648510229e+00
1.103311554344790224e+00 3.040937917867181373e+00
8.252225989220693947e+00 1.025490562095202307e+01
7.988633737290803616e+00 1.018956458594127312e+01
3.251795246909994219e+00 5.158617656677124685e+00
6.936223649487670784e+00 9.225935001452974404e+00
6.267697402278288976e+00 8.450062580014503055e+00
6.188280082779773483e-01 2.768224000704466281e+00
4.292281953304328823e+00 6.350508369208008652e+00
6.636169939641558102e+00 8.596210550478621926e+00
2.450007584227128277e+00 4.418310194839640381e+00
6.711390105316430876e+00 8.787635774004519007e+00
3.553626040579460632e-01 2.302394909916691379e+00
4.618219268859580229e-01 2.536726726536591148e+00
8.132429127474003039e+00 1.022584090662433631e+01
6.607548077392823238e+00 8.727248458702394629e+00
3.917851387215133485e+00 5.880961480017911747e+00
7.619022791925780247e+00 9.556097639289648171e+00
7.994718329656463673e+00 1.007971837327993292e+01
9.465515479615826955e-02 2.307671937637742143e+00
2.252136561440269968e+00 4.368915338262601367e+00
9.565393951118640103e+00 1.147769530074497446e+01
1.803099960677833069e+00 3.667526943769120251e+00
4.795579346900467499e+00 6.766276663996659835e+00
5.864377790385744138e-01 2.500628569715438676e+00
9.832589462992702423e-02 2.066949890823602587e+00
6.697952505098465181e+00 8.779026247502244473e+00
1.314419036103924299e+00 3.261546450631823468e+00
8.748656074616190992e+00 1.069717315553596393e+01
8.276230009060812520e+00 1.023632145849951947e+01
1.939108833790057496e+00 3.881633949651535076e+00
5.741079801887453371e+00 7.743010350315592483e+00
8.171262284848825885e+00 1.004065878159557990e+01
8.083439109179707316e+00 1.019887525704286624e+01
1.097842147746774799e-02 2.081592263831272938e+00
4.848346992125676991e+00 6.821021650838160255e+00
1.328785564841525879e+00 3.220792690465638763e+00
2.176868917477784215e+00 4.198377249599226424e+00
1.023182600710005330e+00 2.931054422848515806e+00
7.475429544090515854e+00 9.739319631804066901e+00
1.177299998185155072e+00 3.297694472188069437e+00
2.828407634230893919e+00 4.759158318448562852e+00
5.868246685305270383e+00 7.827357167087742873e+00
6.508836986933247637e+00 8.329508304220405890e+00
4.399803856408691871e+00 6.339247744714762156e+00
8.774966062585864979e-01 2.793159722973102443e+00
7.224287368484177740e+00 9.297366850938709959e+00
5.372960342033483716e-01 2.476221743333506975e+00
5.421800714364126250e+00 7.482549548163969888e+00
6.449658381455895650e+00 8.585212381688174688e+00
4.162825365352933460e+00 6.230286501298023971e+00
3.801575154496314113e+00 5.790134992259409863e+00
7.624186859208506917e+00 9.646559616118103975e+00
7.622514319526862980e-01 2.771653006004863418e+00
5.229649818299289876e+00 7.168811553266960956e+00
8.961640603498155500e-01 3.010675478255502746e+00
8.126609453481375311e+00 1.008016276141172263e+01
3.567604074399782554e+00 5.574433599361640290e+00
1.531818986424291484e+00 3.612094304448818072e+00
9.976373074592535417e+00 1.205509973053242057e+01
3.093646908599101408e+00 5.087915718136306609e+00
7.435598399877141329e-01 2.624896697440779025e+00
6.144133504678004343e+00 8.138836027435695897e+00
8.709174863272330924e+00 1.082952209606204086e+01
9.853513599486236174e+00 1.200003519064375368e+01
8.660927422056669656e+00 1.062358031594603425e+01
8.179976300846545811e+00 1.019228762551275302e+01
5.133317317241915312e+00 7.130745468039145329e+00
5.183141168843530266e+00 7.282148091120942190e+00
7.280109407938484267e-01 2.763519864799961478e+00
8.681977941579837932e+00 1.069614349460464808e+01
1.020266376405846165e+00 2.881681887174136758e+00
4.532032773045973073e+00 6.539873661845947872e+00
9.088057996685749984e+00 1.110986342242946456e+01
1.767822683488046165e+00 3.731213654906792243e+00
6.219880610767159368e+00 8.236321194973385218e+00
6.017407008176224537e+00 7.836505346871959432e+00
4.627676672802730096e+00 6.538485085217050852e+00
4.160218746349190866e+00 6.272012094716263420e+00
6.129088431284792193e+00 7.946565080416275961e+00
5.182885791498511807e+00 7.202038486286514107e+00
9.123013837754037070e+00 1.111636728671624574e+01
2.606974981527176993e+00 4.559425853676961182e+00
1.738375591990899416e+00 3.656895653299757853e+00
3.124888396589154738e+00 5.186622262029758623e+00
5.797997425389897153e+00 7.779895102728256795e+00
4.150862626208018824e+00 6.266003700676640698e+00
7.413983678465411842e+00 9.494419455446506007e+00
5.768565293663879601e+00 7.881154171875123460e+00
3.381141205650669335e+00 5.522460785867830069e+00
9.555689078216399679e+00 1.145417766997588949e+01
9.155030195454450848e+00 1.113064805096919763e+01
1.938598097234026651e+00 3.787310828324716550e+00
4.386398941406064012e+00 6.350306566264413810e+00
9.747591753684099913e+00 1.182199860387100898e+01
5.312833144744045555e+00 7.255773724212895459e+00
4.598165113205672228e+00 6.607017223908014714e+00
8.002573314960972795e+00 9.928275731933966952e+00
7.462441522646935610e+00 9.371853990718660654e+00
5.220105117024711916e+00 7.224972975423809451e+00
1.798938577141704354e+00 3.922258243514091802e+00
3.800307719186458932e+00 5.762041378934567248e+00
8.409727930775890314e+00 1.031157873832969152e+01
4.215859448176449753e+00 6.094453462135401622e+00
3.826677328464084482e+00 5.886591971023803715e+00
7.411869266899023145e+00 9.422406327340370424e+00
5.632318868528329858e+00 7.893412131646011964e+00
7.282268394715845972e+00 9.258710627975951013e+00
2.700887503146187640e+00 4.661694352325338464e+00
2.523259829250610320e+00 4.482988639374476669e+00
4.988171544673358770e-01 2.341522722616785845e+00
9.623045305367266877e+00 1.170734712056891880e+01
2.387621921084925880e-01 2.283948196027460575e+00
9.563663024899815568e-01 2.863279594347260204e+00
7.603745865894779854e+00 9.600146331670627475e+00
7.340370290616111681e+00 9.333164194124369928e+00
5.562701408005199522e-01 2.442337438993178012e+00
5.688078555221334653e+00 7.761711393210950938e+00
3.824384335237459354e+00 5.795277313040712919e+00
3.032260698784676745e+00 5.194764937168914187e+00
3.146202267310427292e-01 2.379038270319013826e+00
7.651943999719756917e+00 9.704204964080782148e+00
6.215299877537193929e+00 8.141970449145338407e+00
1.453269324011606800e+00 3.444511356352703224e+00
9.986107514280822883e+00 1.221860716227695143e+01
2.272789734547470353e+00 4.225475119634059418e+00
8.421589350965167142e+00 1.043763003138209378e+01
3.333415162248396513e+00 5.206623747129838442e+00
9.252300313367353368e+00 1.128081125399852702e+01
9.280470957166251367e+00 1.146999387779374224e+01
1.754301998736418344e-01 2.085693452033388517e+00
3.227780606605804792e+00 5.179843282744498900e+00
9.935495682577517584e+00 1.186629031342476992e+01
7.517065387759934936e+00 9.517414951916725485e+00
5.510121119770582609e+00 7.477737065665640337e+00
2.306618653480441150e-01 2.389466650600633901e+00
5.897105363363552843e-01 2.717757833005108647e+00
3.553671153030419028e+00 5.751647480637831933e+00
5.780695542720016178e+00 7.854815511929653660e+00
2.219991872711744918e+00 4.219758480251373456e+00
1.442804756366830032e+00 3.409428899216492059e+00
6.510864112067638487e+00 8.518138323085796770e+00
3.841584963625757965e+00 5.682469101257456856e+00
7.088576621259568000e-01 2.769084619001572989e+00
2.451351240583111490e+00 4.344140702814021537e+00
9.535261452941266924e+00 1.164083669594123016e+01
1.539909548742923739e+00 3.676104063508467856e+00
5.617771689668872526e+00 7.725982516194846106e+00
7.772756218071497081e+00 9.699571094354725531e+00
9.084245184478742630e+00 1.120504555033428318e+01
7.078890534263550194e+00 9.277546268088761039e+00
8.630371794264112495e+00 1.053823053569277590e+01
7.573557295078857443e+00 9.541474611028178288e+00
7.447208426069940046e-01 2.893371020910420199e+00
6.746558777742669655e+00 8.841866225848528771e+00
7.083748971332903821e+00 8.933060959784210553e+00
8.047364862682943709e+00 9.992406226673164582e+00
7.716565900708816095e-01 2.793988495198097777e+00
7.005898467195371460e+00 9.047339062510623364e+00
2.811369669958652118e+00 4.807682208622280129e+00
3.209340984259987373e+00 5.334653891414872895e+00
7.184770971853625454e+00 9.074037484752727423e+00
6.875403055203399560e-02 2.138576525849674947e+00
9.739493451643678412e+00 1.176293295449710463e+01
6.236046064735773165e+00 8.200448297807088949e+00
7.792323026050618218e-01 2.850200417647603235e+00
7.178476564245923619e+00 9.381466651728954886e+00
4.137136386684969747e-01 2.601738331766271006e+00
7.590567645090407822e+00 9.621660893192663266e+00
1.702639622668218333e+00 3.627537412695004182e+00
5.462101863953289893e+00 7.399167974839512496e+00
6.649492073832385941e+00 8.693925950954177750e+00
5.791765902219654372e+00 7.894943665379465791e+00
6.392056888260253089e+00 8.297472370369648687e+00
2.309067832605531390e+00 4.315411522179999793e+00
7.935060330882830471e+00 9.864216301678585097e+00
6.679041531309945157e+00 8.440791316351273110e+00
7.983085532986461175e+00 1.012797682869172355e+01
6.398792542448809684e+00 8.154509600874758846e+00
6.268579987732559644e+00 8.237765529804615738e+00
5.898926938007584830e+00 7.884988103703784112e+00
1.919572862368649213e+00 3.957591632845036678e+00
8.271811414628993386e-01 2.801368679224731650e+00
4.314920610114341137e+00 6.363154412179638619e+00
6.980064538684956688e+00 8.791206093121274989e+00
2.961916197987314092e+00 4.763633545773036104e+00
3.813588650513005440e+00 5.647706204694013188e+00
9.207025376680274320e+00 1.120963864343807259e+01
1.276173021937859753e+00 3.436720650574242253e+00
4.844009611056256048e+00 6.922840084073626166e+00
2.760222411358387085e+00 4.664568625822602677e+00
1.553409614128106186e+00 3.470435615820209208e+00
8.467074127172024234e+00 1.037854832439695585e+01
6.106225594907663812e+00 8.140320933635461387e+00
3.088038817472182895e+00 5.058369441776355835e+00
9.673637003950831925e+00 1.168984244375969439e+01
1.879173326582076475e+00 3.939045809479075899e+00
4.873337815907947679e+00 7.000784075011400986e+00
5.668605999344332957e+00 7.499869817932365734e+00
9.744239336465605916e+00 1.159428257961483588e+01
8.435469165958469517e+00 1.037892181321866047e+01
9.109927294126190844e+00 1.103246883998294159e+01
7.254787120464436967e+00 9.279908731751557838e+00
5.496709202549702411e+00 7.429794886288909161e+00
4.266635120040207951e+00 6.148137451145698762e+00
1.778834751243842938e+00 3.884563125973807818e+00
1.091572550851238610e-01 2.051585306982400603e+00
3.263186371118742546e-01 2.148981752699376635e+00
2.215383486214268505e+00 4.282109496111283775e+00
9.630367484148433022e+00 1.168171665329412789e+01
1.580196418371160316e+00 3.596377194218928430e+00
3.246343887261116112e-01 2.157033962226965418e+00
8.998087661089645195e+00 1.113712581826091075e+01
5.929481740540937018e+00 7.900273629264238373e+00
7.870428678886087326e+00 9.918761265368679858e+00
9.030593521790956757e+00 1.102936226180948509e+01
9.266032127155471088e+00 1.130822688093428319e+01
9.709960746087586969e+00 1.158409551012955419e+01
9.795537150316281583e+00 1.200530029672413868e+01
4.163000759904107895e+00 6.263739807910136292e+00
9.639655388955839399e+00 1.169103764298077408e+01
9.479906105289826357e+00 1.164013781132086045e+01
1.904669977303304895e+00 3.702389172897956993e+00
9.531677522406434289e-01 2.975663461937478438e+00
6.873295866452453495e+00 8.949724885915371075e+00
3.311532740390771501e+00 5.366765375442517083e+00
1.468594969849025267e+00 3.547734547015606754e+00
9.493081981626227961e-01 3.080732923642508059e+00
8.861060856169320488e+00 1.082332922700340028e+01
9.495894392259101480e+00 1.141902782185895049e+01
5.048923587392505574e+00 6.960349407685908041e+00
7.141818522591068863e+00 9.171066266837105019e+00
8.438226195314624256e-01 2.936853758199689413e+00
8.775471482131349532e+00 1.088576030182241183e+01
6.870700523356006784e+00 8.975750132586044927e+00
9.655200151044823542e+00 1.178480822019533747e+01
6.007204647518229024e+00 8.021187689230290019e+00
8.404532408208746475e+00 1.031433019129269191e+01
5.462703849683789414e+00 7.361228132544641589e+00
8.520355094544994401e+00 1.057607365520534515e+01
6.910783108675135011e+00 8.923057781224581930e+00
6.492104941951845731e+00 8.413379586338166405e+00
6.045737812470941108e+00 8.067440517774164377e+00
4.594996965984520010e+00 6.589717667527707157e+00
5.637129346406555275e-01 2.845362112142049593e+00
4.506500611593100558e-01 2.459094957063375109e+00
5.492654725666298532e+00 7.538175233151452659e+00
5.917550761808075599e+00 7.959134184834686820e+00
1.806983131981887425e+00 3.801450904073909509e+00
4.785454026340085765e-01 2.568513302803542953e+00
8.508175113133842338e-02 1.989428920856708416e+00
3.205142614153896119e+00 5.036617075330788396e+00
5.260221034185674327e+00 7.369465389633508501e+00
6.930034204017962551e+00 8.969331749848674207e+00
5.505181806462553951e+00 7.542067184433657978e+00
7.587950314404904972e+00 9.623225397244457469e+00
4.541513490163638700e+00 6.725254747024120405e+00
3.140466557189147689e+00 5.053218395087053949e+00
1.677245140999497064e+00 3.764137721624465360e+00
3.472556507363050216e+00 5.362944081602281088e+00
6.363005397521671824e+00 8.284455427439365138e+00
8.990361094394391017e+00 1.117863320018561168e+01
2.046387680208688664e+00 4.204065053013031239e+00
9.035006768822132273e+00 1.115332143991815705e+01
7.369400329796386373e+00 9.420294089554461792e+00
1.919764147955597133e+00 3.808828340656222888e+00
6.448473957119916555e+00 8.466596171361885581e+00
9.774092598250151198e+00 1.190724401363563167e+01
2.116594866711577261e+00 4.185850276247183643e+00
1.114076489835987838e+00 3.005046838663528064e+00
5.042751605213862121e+00 6.956414417372938530e+00
7.273063387574618677e-01 2.828724553747352211e+00
9.169295263634984039e+00 1.122204349211396313e+01
2.277702995962274990e+00 4.279994591450150487e+00
7.280637960282437149e+00 9.451822482087964161e+00
1.609353920137706062e+00 3.699347731698610531e+00
8.292228599383742349e+00 1.032137655306475033e+01
1.801269086397279118e+00 3.891704523787097525e+00
7.198816876476897164e+00 9.040398116066885592e+00
2.206786787029875185e+00 4.197686491028085776e+00
1.849673720140466715e+00 3.987509520786007400e+00
5.723785152262125919e+00 7.631550254087104967e+00
6.250339016713141405e+00 8.144477807897086308e+00
6.317762132803572683e+00 8.364302618949924550e+00
6.052856552190394979e+00 8.030646992412370011e+00
3.725737498444084750e+00 5.806728728857950550e+00
6.862000095441946002e+00 8.805357606783653424e+00
9.887286214014975982e+00 1.192863010120490941e+01
1.591368119224239042e+00 3.682540689026307046e+00
3.391786195544122862e+00 5.247803639260127717e+00
4.735832903845276221e+00 6.821349228906529838e+00
7.738641541688011216e+00 9.664481967467688506e+00
7.290614523315838369e+00 9.515020234962900503e+00
5.002366613200282863e+00 7.020019457428587017e+00
2.443796499534729438e+00 4.428607711564326976e+00
3.540781070323485658e+00 5.471986641480195424e+00
1.231961743594497394e+00 3.304016285735169589e+00
2.375571071352839958e+00 4.439790850289596413e+00
3.839979982599448505e+00 5.941357390161880581e+00
7.162141109941178030e-01 2.674602364734005366e+00
4.295873204878837726e+00 6.338892057176245487e+00
4.112501068862604470e+00 6.001123026857613674e+00
1.341851409955577834e+00 3.286704237219035818e+00
7.698889679442202372e+00 9.639528345998604308e+00
5.442838948260698473e+00 7.304264866280440138e+00
6.100168118247743188e+00 8.061812224908415203e+00
6.505213055621456242e+00 8.440274722031377408e+00
4.737996437254636817e+00 6.865194102549784461e+00
9.463112479675146460e+00 1.139808779666048011e+01
9.664502068920956646e+00 1.171779152431933646e+01
2.251307049344519751e+00 4.269400005131136489e+00
4.885342658410557704e+00 6.926689276928797767e+00
4.178824362961190531e+00 6.302377815601407640e+00
2.131051333423017446e-01 2.305453282890177924e+00
6.356889635337706679e+00 8.209580707787445419e+00
2.093068606172967527e+00 4.129856018756393965e+00
6.193095623671538874e+00 8.374311810383394672e+00
2.672611172068395380e+00 4.822387602655613392e+00
2.645894724522395158e+00 4.597352050261968692e+00
6.755826646486742248e+00 8.746731031708426585e+00
7.959205055488729030e+00 9.772115476982886406e+00
2.032329936405425030e+00 4.054658067061374105e+00
7.997088987231468771e+00 1.005104831941535259e+01
3.535672106419308847e+00 5.357428357528602803e+00
2.739734598731923043e+00 4.702669413379483743e+00
9.639936625507475654e+00 1.159728874818581623e+01
7.144769432730698533e+00 9.194972718585750826e+00
9.395445718469385810e+00 1.140929443476145444e+01
7.682884704491551808e+00 9.834676555614741744e+00
4.658486275976811086e+00 6.661011788426339564e+00
3.606956157062684021e+00 5.807792734683366653e+00
1.630417599077671476e+00 3.606738490096530469e+00
4.090038651645336643e+00 5.782223685964336113e+00
7.052187192796496973e+00 8.937598408670128336e+00
9.258217105064169061e+00 1.120847525440657932e+01
8.722207642045098908e+00 1.066706415987355605e+01
7.171335073611818878e+00 9.108264785023074239e+00
1.531692260365682401e+00 3.671695227436138076e+00
9.648719250798150071e+00 1.189790682713940306e+01
7.354316231748115662e+00 9.272813667444204100e+00
9.731124867155060087e+00 1.173357038310415845e+01
2.662599653332403449e+00 4.626710845701027530e+00
1.404170434192714145e+00 3.349512205037305179e+00
9.259794459770620545e-01 2.921807786426128928e+00
5.865804235576366210e+00 7.799795749317594229e+00
4.366646032134492650e+00 6.280393162240936356e+00
5.162290166553705539e+00 7.181172042347058415e+00
6.623490229116840489e+00 8.705445325505044352e+00
6.825367251398231971e+00 8.779613136703980913e+00
4.072952864213798208e+00 6.105255696103334628e+00
2.348718400366186287e+00 4.200290601955686931e+00
4.483909811239591647e+00 6.463138037482544007e+00
9.064500468598460259e+00 1.111367708118348396e+01
7.063992770957703726e+00 9.235571751523522721e+00
7.088937251108058391e+00 9.154833317115867786e+00
9.022945067696708232e-01 2.930742971775983197e+00
8.143813521851775761e+00 1.011672158043492509e+01
3.036334174678614328e+00 5.023708515517870232e+00
2.897288958089428768e+00 4.884608428168061955e+00
4.378138885686525761e+00 6.410329960945872152e+00
8.002288221151443892e+00 1.006033289713996837e+01
5.000611984270641130e+00 7.098805298685678444e+00
2.993645053078430873e+00 4.790399352239679942e+00
1.969268025531777377e+00 3.955168906443259136e+00
7.171797459536811914e+00 9.110482002611217212e+00
2.202291451632479635e+00 4.095488255284943868e+00
3.347864701962679490e+00 5.315481300977994650e+00
8.748189783464964009e+00 1.072027230044295010e+01
7.765604043216653984e+00 9.822949680578716425e+00
9.920118507837884181e+00 1.194199083798936556e+01
7.721959372581110870e-01 2.991964471348336652e+00
4.280966180658630549e+00 6.171235769592367859e+00
5.943660411472969862e+00 7.887019378971939609e+00
1.927311812858613083e+00 3.857958867709597506e+00
1.593423586926684399e+00 3.760029076961382888e+00
7.609663506924223775e+00 9.562941274451443263e+00
4.686461139135733589e+00 6.678639672849167042e+00
2.954252198814160124e+00 5.134317433842043421e+00
9.549201248965884403e+00 1.158371337198265216e+01
6.595708151209334069e+00 8.625061238753746196e+00
3.493103538903082672e+00 5.433168899843235700e+00
2.209679523033687421e+00 4.187711677896235329e+00
3.191443793348109903e+00 5.123920849379943299e+00
1.886830497896185843e-01 2.261508984412111456e+00
2.419016170196591986e+00 4.452024837286560732e+00
3.454442989502410022e+00 5.436689228364186555e+00
3.078098891582853547e+00 5.156619722270763262e+00
9.193313296087756825e+00 1.134969474811759760e+01
3.807996079873471551e+00 5.712532786563239817e+00
7.896456436242180743e+00 9.869547799153952639e+00
5.677063103448359627e+00 7.790972987701081820e+00
7.529661040909618741e-01 2.641994815854081136e+00
2.156352873800758907e+00 4.108650643012421888e+00
1.048320282618899757e+00 3.009383564002633626e+00
1.935961288523374568e+00 3.897960187779961228e+00
3.186851080738356323e+00 5.163822819871525915e+00
3.801658417856101924e-01 2.615667669089093206e+00
3.945362889526137451e+00 5.844483461079342135e+00
2.932238648907764755e+00 4.915744677838746135e+00
9.876588616483253702e+00 1.181674262504234285e+01
8.928107940749163696e-02 2.215091640285526520e+00
9.668719794128022293e-01 2.983712575457613259e+00
1.768117512439357775e+00 3.655308000694650339e+00
1.691116725986689939e+00 3.605404386964119468e+00
6.580367417728457902e+00 8.570593507458911020e+00
7.472071959934257990e+00 9.543882513854063276e+00
2.696256089909946141e+00 4.526037111868678409e+00
4.967126658760578906e-01 2.413229214491323216e+00
7.098980846908810705e+00 9.068959272178355846e+00
2.258552876110201169e+00 4.410789384857899620e+00
1.268739728410028800e+00 3.186619793305695225e+00
1.067667659395088453e+00 2.986456920611171295e+00
4.112878684925302508e+00 6.072573979868237437e+00
5.055560747296004465e+00 7.069275577934980070e+00
4.679623405181575713e+00 6.697798303056115010e+00
9.307256838374989627e+00 1.128946480725413437e+01
7.786028905202019068e+00 9.954672219121638577e+00
5.966368525258173072e+00 7.908267334656643222e+00
8.881313645929813205e+00 1.071193732821409839e+01
9.853363763434163758e+00 1.204159668433235275e+01
5.423571695472826804e+00 7.382192296723490976e+00
7.607613113201683319e-02 2.197747016449733248e+00
1.237064250473596250e-01 2.145367030333877878e+00
1.509263818717402339e+00 3.539521043562615432e+00
2.499915539111153606e+00 4.440835726282360341e+00
1.242833778099622366e+00 3.267405940702748257e+00
4.805365245388037110e+00 6.779506601782236075e+00
7.212775264023360222e+00 9.139099271632908028e+00
6.613728957608593362e+00 8.701347906501242235e+00
5.720756075589417122e-01 2.684039360204513169e+00
3.969787352516711554e+00 5.823755126994070608e+00
2.681583520111759711e+00 4.679434325612939816e+00
4.336724381248274973e+00 6.388687723916243399e+00
7.451091385194628103e+00 9.683376207980249006e+00
2.072091387242291916e+00 4.076289954846799901e+00
4.933418016715374055e-01 2.525020669397809225e+00
4.261830578577612272e+00 6.262898342960015796e+00
9.952351498055225676e+00 1.183430566102145853e+01
3.409259122849056745e+00 5.423310807692351965e+00
6.273939749212012806e+00 8.374679163703088847e+00
4.942510544129189221e+00 6.968752489068185341e+00
6.115412645705486483e+00 8.241837461039496660e+00
5.024677335345105966e+00 6.956890176971127993e+00
7.777892587873962427e+00 9.819640576319324410e+00
9.695782614297494106e+00 1.171766482123128306e+01
5.578327857788332622e+00 7.429975858924095178e+00
9.842068164395781693e+00 1.184879849588024925e+01
2.311832113585257087e+00 4.268700102294825882e+00
4.294496115862189711e-02 2.195183042560916231e+00
2.431803761641556427e+00 4.275453803575602230e+00
3.623938376048274623e-01 2.317170386254173930e+00
9.535824694604910334e+00 1.155089094064409849e+01
9.417244288806452701e+00 1.152199631943432756e+01
5.368106048437159217e+00 7.461214261825280580e+00
2.071945320528763901e+00 4.002144768900837590e+00
3.034346416549523973e+00 5.010860626183377242e+00
3.907599975765401190e+00 6.031660917248581555e+00
1.461067181056925346e+00 3.436452192897892832e+00
2.065113510780549611e+00 4.209453034556161377e+00
9.300152777850730246e+00 1.131454370519627162e+01
1.717113135960163239e+00 3.777300778156732264e+00
8.499661063352174750e+00 1.063266463742822943e+01
1.883525669809971159e+00 3.875212517789571542e+00
5.614398186568877236e+00 7.539355048451460206e+00
8.423923262704814618e+00 1.036614619207387378e+01
9.808857295158524892e+00 1.186098376722162939e+01
1.441295597255499716e+00 3.379185661635803140e+00
2.062404609689427737e-01 1.937909416141488927e+00
7.554824072698302473e+00 9.623965572082685327e+00
5.459616143705559033e-01 2.455861026264156699e+00
9.777104826932248027e-01 3.066923164813569080e+00
2.777968948287480089e+00 4.758772262296158573e+00
8.879377514404472649e+00 1.086512209710084775e+01
5.485549843665843639e+00 7.458323459051139359e+00
2.078417841750753503e+00 3.841767842721021342e+00
3.802373134656427123e+00 5.799471427067302898e+00
7.801019306704851886e+00 9.844316422448221360e+00
1.245691681754538260e+00 3.264402703073795209e+00
9.845909824335707938e-01 3.034795205570726129e+00
6.255029581971909280e+00 8.196212022245235929e+00
1.969833402775338360e+00 3.920446934296186292e+00
5.536070546392801717e+00 7.558439231706890915e+00
1.931202242063152497e+00 3.990684794260026091e+00
4.489593085663141636e+00 6.509228672565479989e+00
2.109786063802474576e+00 3.996767109417445951e+00
7.336059439362605517e+00 9.416811524440459991e+00
8.895803153904456195e+00 1.100407884669109748e+01
6.746455179426805948e+00 8.765020530146186317e+00
1.592040220508921244e+00 3.442188348849807511e+00
1.211562890816163529e+00 2.947062344008147150e+00
6.100060468712358741e+00 8.150378735591065293e+00
7.303541608157483545e+00 9.237246920980750176e+00
8.010482069476443812e+00 9.910445565834981707e+00
9.017021045977855920e+00 1.105213184559701389e+01
6.809207079464651979e-01 2.687684790473143348e+00
3.504498249718150937e+00 5.373448640764747708e+00
3.880212324125097645e+00 5.902514117150833073e+00
4.208656174477929390e+00 6.232337921460859853e+00
7.574312433453057380e+00 9.551684514678626670e+00
1.963370275230830186e+00 3.889012413943737201e+00
4.692279848695221744e+00 6.811943588302640684e+00
8.643203622689330956e+00 1.074882093475752498e+01
3.393078704772576337e+00 5.388475734325678168e+00
7.277621278282801143e+00 9.242607133492175109e+00
6.012902678531758305e+00 7.964806592281610698e+00
8.188452509684561065e+00 1.022843882856978759e+01
3.426044742332027049e+00 5.354674424295915891e+00
6.190858908141438910e+00 8.318351860467641856e+00
2.903302015202892328e+00 4.882080663981343882e+00
3.127743119303809660e+00 4.983311600405317954e+00
7.498900349808383936e+00 9.530268507047516380e+00
8.163136938165882484e-01 2.828710403807641605e+00
8.943142525978297286e+00 1.098143399602788506e+01
4.545289735142584497e+00 6.736900981625771223e+00
7.664094922481553773e+00 9.665230274209518413e+00
9.226493453371964470e-01 2.901291223416230469e+00
8.368700476395591892e+00 1.048751479120816832e+01
6.932636529791301072e+00 8.812639936731880397e+00
2.816918422730360305e+00 4.778930751170424429e+00
6.203810143659437060e+00 8.154135400338214268e+00
4.768160057952316677e+00 6.919912096387313305e+00
2.675747656406150199e+00 4.893706537965206493e+00
2.205798843660283559e+00 4.104679619464289608e+00
2.792375839158858231e+00 4.817455797501238202e+00
6.851420225782868911e+00 8.924800151267996640e+00
4.428604194331242638e+00 6.501718751839073995e+00
6.330862205165299628e+00 8.169850312078033028e+00
8.959006644771509542e+00 1.091922319973879318e+01
8.602252643817834610e+00 1.074548548118935010e+01
1.156791000408562420e+00 3.194432675961078161e+00
8.964385931286164677e+00 1.106275111937657663e+01
4.002776904905898547e+00 5.938130780545022525e+00
4.975879955662255938e+00 7.024804578603953686e+00
2.087132286618801125e+00 4.051043758068667344e+00
6.635422329101198002e+00 8.583259840543005836e+00
7.612833829880925940e+00 9.498013838141231346e+00
3.230838410244981418e+00 5.341459456081595114e+00
9.568921639624944575e+00 1.155157184229173772e+01
5.986001678570184836e+00 8.071979164317930611e+00
1.272604711449613069e+00 3.289927363800142501e+00
1.138124082521229097e+00 3.165821874199821639e+00
6.443175397030293183e+00 8.312402130626233898e+00
2.828919582277169553e+00 4.931700787131967800e+00
6.025721548397373617e+00 8.139249113206929565e+00
5.760513890141237603e+00 7.759999109632574665e+00
5.728994149553356507e+00 7.753978686432686729e+00
5.765973058990243594e+00 7.565717154449544068e+00
3.076944285458066197e+00 5.077293598169088540e+00
9.714874961732739678e+00 1.155370362832650244e+01
4.442563575828881284e+00 6.435339806105292659e+00
9.637958622413134169e-01 2.777035502914549703e+00
1.714958907860569814e+00 3.616372395342533519e+00
8.624177451166392672e+00 1.065339519033996396e+01
2.609411791481197618e+00 4.724790832344940128e+00
2.422161747839635115e+00 4.334614395485348659e+00
8.229452979193593976e+00 1.006903743255236172e+01
1.468753708579909611e+00 3.392507164589915636e+00
5.961907687891502050e+00 7.948453835749479168e+00
9.748411081796348743e-01 2.993154608354796853e+00
8.917095332290713827e+00 1.083333245632804243e+01
7.904596981744841599e+00 1.000839091074145593e+01
8.568695632642231885e+00 1.064166554154941835e+01
2.241393415860438942e+00 4.301673572388614808e+00
7.161146488341519678e+00 8.998376855674498742e+00
4.074681181039374600e+00 6.176734078425891283e+00
7.300610492397878737e+00 9.391687512189609066e+00
8.068283981230381485e+00 1.019556486423455510e+01
5.370342022565557372e+00 7.379478204012435150e+00
8.895662654944819892e+00 1.081180204674231682e+01
1.441210720365464493e+00 3.415819095959570895e+00
9.537355604690404220e+00 1.182041208920006525e+01
6.013397323634039893e+00 7.993759971082316618e+00
8.959271419598186625e+00 1.092933660949590191e+01
8.144758523746313372e+00 1.009823871680187146e+01
4.632922661805761955e+00 6.550486368653637648e+00
1.954918002709955527e+00 3.876959299616206778e+00
8.177816181813037488e+00 1.020564040427303709e+01
5.696855789154675165e+00 7.661495840452897887e+00
8.848407496031832409e+00 1.070420959847047193e+01
9.323148766557480371e+00 1.153441991164199365e+01
3.281871721199607350e+00 5.203542952703573476e+00
1.179539160287723654e+00 3.009813074451909376e+00
7.779688929063828695e+00 9.775973969998181801e+00
9.729260152516481241e+00 1.176286449715835403e+01
8.205813105074049929e+00 1.026355045176716274e+01
3.683916620838609823e+00 5.670120955897113291e+00
8.654608031233507859e+00 1.049923209463619145e+01
2.775325317634162126e+00 4.642384414805997395e+00
8.359820297490465180e+00 1.041253941489962287e+01
4.286740861683821180e+00 6.418162677368714597e+00
9.922271057053407617e+00 1.182649584017652700e+01
2.374975880904162118e+00 4.347194452792431107e+00
9.848684859738387587e+00 1.195878123395270265e+01
4.160340746183752714e+00 6.130045278713639689e+00
3.494276638986526518e+00 5.576067937166745203e+00
7.627325155108976240e+00 9.559955782812712854e+00
4.428773904598832800e+00 6.386481120992065108e+00
3.309382926213315645e+00 5.348142377326051466e+00
5.115398021631836656e+00 7.054928358672848177e+00
4.932859534118519740e+00 6.944457848235003006e+00
1.074991823441262540e-01 2.078491633178620290e+00
3.949237628390345201e+00 5.855333612545806865e+00
1.221485533076838159e-01 2.158406455892128761e+00
3.139564609649316829e+00 5.149927876277748062e+00
8.880017967876842278e+00 1.094224088788390503e+01
8.846185826719457523e+00 1.076895991373052297e+01
9.801020530421789001e-01 2.975649127166563268e+00
8.069949808790630286e+00 9.942707069677387821e+00
2.609254350914818055e+00 4.604797300049609632e+00
9.581233770585447118e+00 1.157230597624448798e+01
6.087836551521772499e+00 8.116387093140307485e+00
7.092247047362951307e+00 9.155282605785593830e+00
8.308751551871040419e+00 1.019491973714264077e+01
7.181487616875342539e+00 9.122366458620879470e+00
7.297009057786812747e+00 9.237542954408327844e+00
7.390958194814691851e+00 9.398266039967367647e+00
6.542808963833461888e+00 8.562893041407111383e+00
1.100631097274284986e+00 3.177701262672413485e+00
8.330770559827692878e+00 1.048544205381440086e+01
6.905409137071395698e+00 8.898809047123185323e+00
3.597815906855260870e+00 5.615815787670879189e+00
3.670445743781730386e+00 5.638172260709884753e+00
5.688193711694235155e+00 7.495491376506554282e+00
7.898738596664241385e+00 9.815185320501189636e+00
3.598090090588711654e+00 5.651736412730476111e+00
7.145025659335432877e+00 9.202362494620187405e+00
6.435690370865509990e+00 8.386145376012500208e+00
2.793385349611178015e+00 4.749349782429169942e+00
5.114520406679177178e+00 7.086870370132508867e+00
9.576344196141031162e+00 1.157183791471375933e+01
8.162684425443236691e+00 1.020512937664228836e+01
9.347947887313639015e+00 1.123608049918714613e+01
2.328370277365242380e+00 4.279971078663103334e+00
9.520049923322371654e+00 1.168661846871209775e+01
8.894464227713845261e+00 1.081262634385408106e+01
5.095269505825999801e+00 6.825584569889061370e+00
6.040343848495577372e-01 2.726156761771274972e+00
2.863520388268292471e-01 2.344875390602505938e+00
5.799401261653784445e+00 7.757660774366540224e+00
1.901531375644567312e+00 3.869933385317583241e+00
5.898820442886720805e+00 8.161936605752854845e+00
3.996380887613804944e+00 6.090527550133873369e+00
8.463952999133393718e+00 1.051543833290416430e+01
4.295055713951379417e+00 6.303582581833551579e+00
7.476595752026826247e+00 9.349921603950670956e+00
8.859324173962290772e+00 1.077223782655399020e+01
1.006834296519603100e+00 3.216119926584001476e+00
7.677719088628545130e+00 9.657585509735360674e+00
5.314552780217378647e+00 7.428311651070748312e+00
7.388861410146474462e+00 9.555389344057717338e+00
6.672086157494375946e+00 8.544356867856627957e+00
6.230293365768816649e+00 8.209929635472967391e+00
8.523238544095706359e+00 1.057776753236484168e+01
4.385217691871375223e+00 6.489262667489517078e+00
9.061483349835393497e+00 1.103833408195350074e+01
1.744159887779201945e+00 3.744231308430327587e+00
3.411598996201279377e+00 5.353746528430227691e+00
1.929409891645338382e+00 3.904487826808431095e+00
4.465496306279904459e+00 6.303284267484547954e+00
6.934183206981386682e+00 9.123385868802929011e+00
3.501256912466645943e+00 5.398172388199017568e+00
5.791953792207460427e-01 2.728016948494762506e+00
9.916607768185258465e+00 1.211564901924798399e+01
6.067896365029621819e+00 8.098324570495611496e+00
2.011462664575351944e+00 3.998558270885790744e+00
4.120125410023015355e+00 6.121142090786641177e+00
3.542829921896203160e+00 5.578685737189011284e+00
7.483431522204183395e+00 9.576689478835993086e+00
9.155616896550958117e+00 1.120040074518909812e+01
9.883071252148399211e+00 1.196189952357275388e+01
7.397533458248918059e+00 9.285907965400426178e+00
4.324860082422548047e+00 6.452935359093192602e+00
3.748634121548275466e+00 5.510482812871071445e+00
7.480951892617565768e+00 9.481047909920723882e+00
6.450416527373543651e+00 8.399635959781624805e+00
8.545219553923859124e+00 1.053580520106511820e+01
6.046561737138479664e+00 8.040758399866250627e+00
2.442045674134494249e+00 4.381297455725188250e+00
8.293706972416620360e+00 1.028764448643498675e+01
3.167054688310812161e+00 5.169495441645635125e+00
8.403146453215384781e+00 1.028594567937416215e+01
3.153933628480676266e+00 5.424596554336907239e+00
8.113835668485203101e-01 2.781989114615337488e+00
5.152330431357739826e+00 7.070467829765637369e+00
4.691627520373825355e+00 6.659021507758287939e+00
1.277982409382403262e+00 3.228929621426697594e+00
9.276298328651224168e+00 1.142568455540847872e+01
3.679185774601481995e+00 5.667888434854193136e+00
7.794412018906155204e+00 9.847907150580876845e+00
7.429003698503141351e+00 9.562714519787943956e+00
5.669090518598282280e+00 7.661395064592020354e+00
4.119256595212736904e+00 5.996805973503783527e+00
1.314691231742598498e+00 3.309428527721042901e+00
7.302327702508652152e+00 9.370202964761595865e+00
2.516564532085779682e+00 4.380838994011706511e+00
3.491741103331724716e+00 5.493688164155826392e+00
2.001727647885280792e+00 4.093558344844884900e+00
3.960791268112466845e+00 5.855345299754501909e+00
4.346893210614081404e+00 6.500179370501207643e+00
7.726826790309909043e+00 9.696534394330770468e+00
3.455139341923498808e+00 5.472956354270111845e+00
7.269040825181189547e+00 9.016797757818864056e+00
8.930088080168900433e+00 1.090262418173647063e+01
2.217523266206555821e+00 4.213631513887968971e+00
2.943259248172763520e+00 5.168358943027882013e+00
9.610135585850864359e+00 1.176729611560721089e+01
1.458549313149748450e+00 3.367379322093803307e+00
7.061597146093069099e+00 9.010015351434512709e+00
2.809174724215898422e+00 4.824179563076754995e+00
9.129859544839506569e+00 1.106665662456632759e+01
1.157797231747315081e+00 3.225794055215768008e+00
9.507444698556506424e+00 1.147927574412659979e+01
3.120696245301708416e+00 5.069314994567109878e+00
5.263875345978096476e+00 7.185779782588085141e+00
5.323953590029089966e+00 7.360181730712249681e+00
1.140871904251206104e-01 2.166961509056890112e+00
3.937145815312624642e+00 5.992814029850330293e+00
5.501357148327600477e+00 7.574328400133339301e+00
4.396909467928882265e+00 6.320397270870301121e+00
4.195619724863737687e+00 6.321577591816615715e+00
5.407188300807690418e+00 7.502785733617807651e+00
1.536527270083871688e+00 3.449895786284446597e+00
5.930008297319016464e+00 7.907048855601894743e+00
3.919898770576968339e-02 2.067810013572338512e+00
8.318226073667263520e+00 1.025581692264396061e+01
4.306153651887165701e+00 6.411086578367640065e+00
8.657227561466751098e+00 1.051225169493941891e+01
3.909210477531237515e+00 5.759556233900101851e+00
5.215495239146321182e+00 7.153773535112899040e+00
5.230795518445296999e-01 2.792774885730027190e+00
3.608045703123829995e+00 5.511491973568316105e+00
9.571021923239042550e-01 2.984233820010520066e+00
5.837987606110973893e+00 7.683651530123413842e+00
2.874647888458869982e-01 2.263699337900296982e+00
3.382148059297038767e+00 5.340847032271343053e+00
6.024632176869411104e+00 8.183848708787447634e+00
2.157800864726234558e+00 4.281532196612346297e+00
6.853480936547526881e+00 8.730978864979887177e+00
5.096327378669791131e+00 6.949806124681957797e+00
9.087125783031108739e+00 1.118813112936698140e+01
2.404265371034256304e+00 4.329417365597668876e+00
6.077753176671615520e+00 7.993677107370912971e+00
1.822507390269335614e+00 3.772811207995778293e+00
9.437784844730899181e+00 1.128133648008327583e+01
1.546709649214006443e-01 2.202375843767965691e+00
6.958151687275215380e+00 8.861088130963764797e+00
5.455289885344130951e+00 7.457517307246528837e+00
6.114514044307911789e+00 8.214568593809060459e+00
4.639537577251578782e+00 6.604620182762319658e+00
4.624332776347469753e+00 6.653687654362578030e+00
5.658799799197264058e+00 7.658825808231148002e+00
5.840216744252102465e-01 2.554411876018639838e+00
6.033045609868890047e+00 8.270304443615417611e+00
8.649293882058291416e+00 1.074086619707307122e+01
9.525655828587801466e+00 1.161333965950057490e+01
4.258086253280729316e+00 6.124623302502717692e+00
1.499217278085357430e+00 3.581184524830345328e+00
4.907851139817246633e+00 6.913326585075173725e+00
1.173543639147208717e+00 3.353692298822663620e+00
4.500672183192611087e+00 6.634101573575459376e+00
7.387666705075171869e+00 9.331703630323129772e+00
9.740291501797965878e+00 1.152676400463540851e+01
9.742817965706747074e+00 1.185888139568453070e+01
2.052835802237166440e+00 4.138025333949622464e+00
5.660095795822961406e-01 2.647684578683129342e+00
4.747335001091627760e+00 6.797392088834826041e+00
3.561372920463856673e+00 5.536210218470444921e+00
3.961729537588195349e+00 5.776795880862351851e+00
6.914512771665101809e+00 8.948035562697244316e+00
2.514224919123797530e-01 2.200706902750891203e+00
5.288017744770645123e+00 7.314208955251977784e+00
8.988988866328732286e+00 1.112216151018523647e+01
1.616870863282774406e+00 3.610165668265322036e+00
4.444674058217369605e+00 6.483323355243973296e+00
9.859424617108505373e+00 1.179160738125443508e+01
1.523751681855544104e+00 3.617497195408114319e+00
8.313298605605023539e+00 1.032260892487332171e+01
4.928594816085984931e-03 1.964552953770643873e+00
4.385180814771302060e+00 6.366637393995165262e+00
5.466040098024967264e+00 7.400307610021210181e+00
3.524949722360135596e+00 5.534092245645216401e+00
7.922547771276013506e+00 1.000834109561799856e+01
3.540207610592582821e-01 2.203351949993408887e+00
6.050694379110808541e+00 7.928003606602132436e+00
7.198808904004039277e-02 2.075254681665337220e+00
6.853934041366583685e+00 8.909203725127376572e+00
7.030549191656354502e+00 9.209248730387097126e+00
9.959087890036087742e+00 1.202981405302728213e+01
5.631549837511206746e+00 7.501364612058410763e+00
1.809863218016536379e+00 3.861609776686038664e+00
3.304777165819354767e+00 5.207942723551629349e+00
3.962626286351605742e+00 5.816196273997244148e+00
1.238588064664095656e+00 3.281177069389194401e+00
3.541217654236974433e+00 5.414626071706142518e+00
9.078676712175017371e+00 1.115256428394104304e+01
4.704211244009202098e+00 6.498039328318854224e+00
4.913429081091224226e+00 6.843206963749486782e+00
6.991067418936451006e+00 8.935197331684829436e+00
3.469887119781907892e+00 5.592682902671654688e+00
3.791250934263767913e-01 2.274731301086073021e+00
8.612335545203682940e+00 1.066701799216248858e+01
1.930664846172587268e+00 4.015794414103965870e+00
7.503794728496667510e+00 9.499419679291527530e+00
8.634261501148239759e+00 1.055227032047423563e+01
5.698466165975246689e+00 7.755509343217665830e+00
9.605596289841900060e+00 1.162440599574189193e+01
4.823991949489170317e+00 7.048302393822794443e+00
3.493570438562452196e+00 5.482038140512021762e+00
5.351373326319668777e+00 7.386544468334555802e+00
2.558058019485232926e+00 4.704304621781307816e+00
7.887252017682333971e+00 9.976425812400036008e+00
6.084559798355770877e-01 2.602118587921305348e+00
5.094509184020101777e+00 7.160783315446853869e+00
4.476802842571117935e+00 6.467365252648604290e+00
8.614724267508711009e+00 1.063878496811460117e+01
6.373001328189694448e+00 8.467411777875428314e+00
7.440936050449653560e-01 2.783417855181447020e+00
1.709454661471752068e+00 3.814055636360314860e+00
5.812842512353025626e+00 7.663885574452624638e+00
7.913069414688750136e+00 9.707015259711999633e+00
6.988701911590071703e+00 8.958614955206408936e+00
2.221088889305642411e+00 4.118714675455119156e+00
8.056181392573280586e-01 2.702764625163461609e+00
2.530561188294434771e+00 4.674754433357012573e+00
7.332774147689975486e+00 9.318249741898931404e+00
1.092045517828594825e+00 2.958248346345198954e+00
2.382128621598356144e-01 2.228295125625943562e+00
1.144862460132963777e+00 3.078417329132753455e+00
2.932169083402036414e+00 4.967439468701469352e+00
2.419981154480368435e+00 4.445705015192202403e+00
2.925989611619279618e+00 4.915041264572748148e+00
3.037027098040256945e-01 2.205456609479096386e+00
3.700806825096770503e+00 5.716258216078045074e+00
4.584287157764163290e+00 6.642545030242332338e+00
3.306616918054918752e+00 5.306068109922850162e+00
9.919326644788187153e+00 1.199436998582556768e+01
3.026497153048732791e+00 4.972538331388431487e+00
4.487554491490222119e+00 6.495676670012657361e+00
7.778280844804159599e+00 9.775560485472844618e+00
9.340895678245786371e-01 3.158506373929592215e+00
1.723124017984281053e+00 3.763072276901309188e+00
4.354249937603301035e+00 6.250535861365262846e+00
1.735832135176078594e+00 3.678555181331692125e+00
9.774354977457427651e+00 1.167907009007230990e+01
9.904033755469210387e-01 3.056815577013657581e+00
6.365092705727125377e+00 8.344722433490522562e+00
5.574602108728162975e+00 7.733272759902018123e+00
9.136456269214223269e+00 1.103535647001729281e+01
2.317532158803063069e+00 4.271735202280725119e+00
2.858907682982099185e+00 5.065801481413241270e+00
2.169130611044918222e+00 4.171143377037459743e+00
3.411684657999352943e+00 5.431703067029580723e+00
4.383481949208672290e+00 6.454402552857787967e+00
5.093015255719334000e+00 7.108182120545897043e+00
7.969616348952381912e+00 9.939260381059256133e+00
4.400162469347346672e+00 6.398710996231881332e+00
3.010041786286838938e+00 5.157382585549362020e+00
6.328710929893833992e+00 8.424080349821219116e+00
5.027017414253975858e-01 2.591146459314074502e+00
4.711572914273837398e+00 6.871342446585032349e+00
2.176515859981370760e+00 4.228206583879220659e+00
6.788227982551712003e+00 8.866629747561727726e+00
4.116762590961306145e+00 5.985449161089711367e+00
5.980980749924669215e-01 2.694187296686099131e+00
7.869560585994542556e+00 9.872036451479448971e+00
2.907389287342103668e+00 4.934647804299252094e+00
3.550774246878043439e+00 5.809597469559482086e+00
3.131102253279726355e+00 5.192205152997139805e+00
3.464056272704718609e-01 2.594073051265732843e+00
8.643645119887736428e+00 1.049511515323052713e+01
7.012085383177817377e+00 8.986267061769479980e+00
1.633446769626173412e+00 3.844733823255067406e+00
2.449381182201515461e+00 4.433473611810117454e+00
4.379824403494626317e+00 6.494257095903331667e+00
6.256990935299300283e-01 2.554661059292428593e+00
7.457194803597177568e+00 9.439516585421584338e+00
1.761051121830627952e+00 3.912095757984728639e+00
5.430647335477917004e+00 7.182496688052403933e+00
3.056218460268698145e+00 5.018593609941236267e+00
2.966164512019042743e+00 4.876904878857819092e+00
6.925752140389929146e-02 1.935407900047415808e+00
3.399359447914917176e+00 5.394023827778084090e+00
1.157292804767993122e+00 3.151554996258686625e+00
7.758875580095983437e+00 9.761515667823045916e+00
9.878525208938402358e+00 1.200531656735863706e+01
6.873084587066150775e+00 8.900036230023378181e+00
9.073591431678542207e+00 1.081764813791591173e+01
3.433395973030938464e+00 5.278340221305208857e+00
7.311393887453805362e+00 9.282981188535257999e+00
5.479287945723255504e+00 7.654321422455685031e+00
5.825279279904538310e-01 2.694129989167497019e+00
8.346010938403772172e+00 1.040448958395757018e+01
1.900283008802394757e+00 3.919660753034893919e+00
9.634275280743464620e+00 1.185979974290398253e+01
5.280717872694424386e+00 7.389182850189682128e+00
9.134479107635003814e+00 1.124172675422308210e+01
4.385154413055466271e+00 6.423214283907147326e+00
