5.404394319042147288e+00 1.000000000000000000e+00
1.984932704921213542e+00 1.000000000000000000e+00
-2.451542186757390596e+01 0.000000000000000000e+00
-1.533926014786255365e+01 0.000000000000000000e+00
-9.861363569838097476e+00 0.000000000000000000e+00
-2.199061512385139849e+01 0.000000000000000000e+00
-2.539096833130415476e+01 0.000000000000000000e+00
1.675916144590277668e+01 1.000000000000000000e+00
3.122384614681782011e+01 1.000000000000000000e+00
-2.636138744075403650e+01 0.000000000000000000e+00
-2.923304356110590874e+01 0.000000000000000000e+00
-2.494167267490311346e+01 0.000000000000000000e+00
1.946358212761857942e+01 1.000000000000000000e+00
-3.321974337127308274e+00 0.000000000000000000e+00
-3.961000553652901601e+00 0.000000000000000000e+00
4.901817514914228013e+00 1.000000000000000000e+00
1.505621520244882561e+01 1.000000000000000000e+00
-1.901101615266313871e+01 0.000000000000000000e+00
5.998685920633825219e+00 1.000000000000000000e+00
-4.760244921926386752e+01 0.000000000000000000e+00
-2.282421395017287580e+00 0.000000000000000000e+00
-1.800360336505126924e+01 0.000000000000000000e+00
4.784015909543614953e+01 1.000000000000000000e+00
3.044739892002561987e+01 1.000000000000000000e+00
-4.022330594013357796e+01 0.000000000000000000e+00
5.920106026883296124e+00 1.000000000000000000e+00
-2.971301591617008242e+01 0.000000000000000000e+00
-8.956504339277195470e+00 0.000000000000000000e+00
-2.618456778462229195e+01 0.000000000000000000e+00
-4.458475957604042605e+01 0.000000000000000000e+00
-3.256085004871098931e+01 0.000000000000000000e+00
-3.794657724332255100e+01 0.000000000000000000e+00
-1.682469161620885245e+01 0.000000000000000000e+00
1.576406519402335960e+01 1.000000000000000000e+00
-3.991327388627695427e+00 0.000000000000000000e+00
-4.208612786710318687e+01 0.000000000000000000e+00
4.111803045739598872e+01 1.000000000000000000e+00
4.071761430468228582e+01 1.000000000000000000e+00
4.741134800454399567e+01 1.000000000000000000e+00
-2.702241366009623391e+01 0.000000000000000000e+00
2.701744510962608103e+01 1.000000000000000000e+00
3.010443426972211967e+01 1.000000000000000000e+00
4.774473549995839505e+01 1.000000000000000000e+00
2.810558665032829140e+01 1.000000000000000000e+00
4.465373832164952717e+01 1.000000000000000000e+00
3.202316116838910887e+01 1.000000000000000000e+00
-2.430600067814348009e+01 0.000000000000000000e+00
2.153817853325989518e+00 1.000000000000000000e+00
-2.607766592004107054e+01 0.000000000000000000e+00
1.377854916651543249e+00 1.000000000000000000e+00
-5.244413796100019454e+00 0.000000000000000000e+00
1.022480839186221857e+01 1.000000000000000000e+00
1.235015265722557842e+01 1.000000000000000000e+00
-3.744941806565634579e+00 0.000000000000000000e+00
-3.648445340203365816e+01 0.000000000000000000e+00
3.513253464799794301e+01 1.000000000000000000e+00
-3.104726648861546678e+01 0.000000000000000000e+00
2.868734193573438063e+00 1.000000000000000000e+00
-4.273030343619209503e+01 0.000000000000000000e+00
-3.030940563840769286e+01 0.000000000000000000e+00
-6.868345919173513892e+00 0.000000000000000000e+00
2.182046538494553545e+00 1.000000000000000000e+00
3.399087007839037256e+01 1.000000000000000000e+00
-1.795158521877439739e+00 0.000000000000000000e+00
1.691889857507040063e+01 1.000000000000000000e+00
-3.482447988426369534e+01 0.000000000000000000e+00
1.880799328383079683e+01 1.000000000000000000e+00
1.515555830559304695e+01 1.000000000000000000e+00
4.582960563819310096e+01 1.000000000000000000e+00
1.468337183623036424e+01 1.000000000000000000e+00
-4.591726040186456714e+01 0.000000000000000000e+00
-2.687751888955926916e+01 0.000000000000000000e+00
3.065614197945292574e+01 1.000000000000000000e+00
-2.364511821122889756e+01 0.000000000000000000e+00
3.385753493362268784e+01 1.000000000000000000e+00
1.936162667325051245e+01 1.000000000000000000e+00
-2.016190813753236810e+01 0.000000000000000000e+00
6.211524838518940328e-01 1.000000000000000000e+00
3.675399272831015196e+01 1.000000000000000000e+00
1.118258123410578975e+01 1.000000000000000000e+00
-3.320515367862739708e+00 0.000000000000000000e+00
-3.933709718192800153e+01 0.000000000000000000e+00
-3.868651423688677227e+01 0.000000000000000000e+00
3.471742196527738145e+01 1.000000000000000000e+00
-1.900324150699465164e+01 0.000000000000000000e+00
-2.385181200227280840e+01 0.000000000000000000e+00
-3.444867974665768884e+00 0.000000000000000000e+00
4.056213602952065855e+01 1.000000000000000000e+00
-2.932469873643376346e+01 0.000000000000000000e+00
4.341348194198332067e+01 1.000000000000000000e+00
-1.167477779547559180e+01 0.000000000000000000e+00
6.702292214687801675e+00 1.000000000000000000e+00
4.114327196596281055e+01 1.000000000000000000e+00
5.757234993309509719e+00 1.000000000000000000e+00
-1.163459110033976174e+01 0.000000000000000000e+00
-1.733887700909377827e+01 0.000000000000000000e+00
2.563638904207934388e+00 1.000000000000000000e+00
-3.547575924438810091e+01 0.000000000000000000e+00
2.493411093948481039e+00 1.000000000000000000e+00
-2.300224652843283479e-01 0.000000000000000000e+00
2.526087486747591981e+01 1.000000000000000000e+00
9.378990006566453985e+00 1.000000000000000000e+00
2.582219802759036043e+01 1.000000000000000000e+00
-4.388947221744417249e+01 0.000000000000000000e+00
-8.259400731080859259e-01 0.000000000000000000e+00
-1.761921388042434700e+01 0.000000000000000000e+00
-3.532678196594282127e+01 0.000000000000000000e+00
1.002148514438609084e+01 1.000000000000000000e+00
3.934271576162217343e+01 1.000000000000000000e+00
-3.735913015495017220e+01 0.000000000000000000e+00
4.866391242820611751e+01 1.000000000000000000e+00
-4.408449986091799389e+01 0.000000000000000000e+00
8.943929974083928869e+00 1.000000000000000000e+00
5.257386004809085023e+00 1.000000000000000000e+00
-3.983170156180550947e+01 0.000000000000000000e+00
3.988488811399281531e+01 1.000000000000000000e+00
2.322218061333295225e+01 1.000000000000000000e+00
-8.418846094591259543e+00 0.000000000000000000e+00
2.872292821378540850e+01 1.000000000000000000e+00
2.210401433867524190e+01 1.000000000000000000e+00
4.794251032828282177e+01 1.000000000000000000e+00
-2.142513217781431933e+01 0.000000000000000000e+00
-2.733980117850798308e+00 0.000000000000000000e+00
1.582566362135233362e+01 1.000000000000000000e+00
5.380338265219251070e+00 1.000000000000000000e+00
-6.196034427245791676e+00 0.000000000000000000e+00
4.750052893748292604e+01 1.000000000000000000e+00
5.501295448812484779e+00 1.000000000000000000e+00
-4.919618327670770697e+01 0.000000000000000000e+00
4.271189600344430914e+01 1.000000000000000000e+00
2.951277681894785587e+01 1.000000000000000000e+00
-3.043157811552963210e+01 0.000000000000000000e+00
1.294328238190104230e+00 1.000000000000000000e+00
2.770960431738699015e+01 1.000000000000000000e+00
3.758094849581100050e+01 1.000000000000000000e+00
-4.351526028743201380e+01 0.000000000000000000e+00
-8.689275278593910912e+00 0.000000000000000000e+00
-3.761153783040469989e+01 0.000000000000000000e+00
-1.076549330428445472e+01 0.000000000000000000e+00
1.345700297208259855e+01 1.000000000000000000e+00
-1.095734774374754750e+00 0.000000000000000000e+00
3.166338897045594081e+01 1.000000000000000000e+00
4.806863367892154315e+01 1.000000000000000000e+00
4.111474833380074756e+01 1.000000000000000000e+00
-2.546418657611945235e+01 0.000000000000000000e+00
-2.246091958023584922e+01 0.000000000000000000e+00
-4.789472308135147216e+01 0.000000000000000000e+00
1.584936582482239942e+01 1.000000000000000000e+00
3.676182204622811867e+00 1.000000000000000000e+00
4.762930652563392186e+01 1.000000000000000000e+00
4.502479890340680413e-01 1.000000000000000000e+00
5.080174640172373302e+00 1.000000000000000000e+00
-2.117721081080412660e+01 0.000000000000000000e+00
3.419435321929057636e+00 1.000000000000000000e+00
4.255726860569576786e+01 1.000000000000000000e+00
1.675278709849494874e+01 1.000000000000000000e+00
-3.696355110196847704e+01 0.000000000000000000e+00
-2.139352870341330970e+01 0.000000000000000000e+00
-3.824528208950198405e+01 0.000000000000000000e+00
-1.302820441843635280e+01 0.000000000000000000e+00
-4.760861874013323813e+01 0.000000000000000000e+00
-2.405586964272924533e+01 0.000000000000000000e+00
6.135196720542168691e+00 1.000000000000000000e+00
3.016420436428904850e+01 1.000000000000000000e+00
3.446665591971247977e+01 1.000000000000000000e+00
4.785875688265748806e+01 1.000000000000000000e+00
-3.810970780359743770e+01 0.000000000000000000e+00
4.421469065897964867e+01 1.000000000000000000e+00
3.761941472777290585e+01 1.000000000000000000e+00
1.155909535590637915e-02 1.000000000000000000e+00
1.725789249088620636e+01 1.000000000000000000e+00
-3.878071132709126800e+01 0.000000000000000000e+00
-7.540071264009959862e+00 0.000000000000000000e+00
-2.444130416740059175e+01 0.000000000000000000e+00
-3.283337706218640761e+01 0.000000000000000000e+00
3.431788648407301423e+01 1.000000000000000000e+00
-3.737142143261373661e+01 0.000000000000000000e+00
5.441563709121425063e+00 1.000000000000000000e+00
7.241699338652111351e+00 1.000000000000000000e+00
4.840894799655369241e+01 1.000000000000000000e+00
-2.013712357150937393e+01 0.000000000000000000e+00
-4.205493807506451986e+01 0.000000000000000000e+00
4.162267647899430756e+01 1.000000000000000000e+00
-3.861007119363909368e+01 0.000000000000000000e+00
5.666707512094944832e+00 1.000000000000000000e+00
1.456497160311833738e+00 1.000000000000000000e+00
-1.861337285911032069e+01 0.000000000000000000e+00
5.947656637285149372e+00 1.000000000000000000e+00
-1.270929105361631173e+00 1.000000000000000000e+00
1.430775668435795467e+01 1.000000000000000000e+00
2.506354969359684048e+01 1.000000000000000000e+00
2.662244605847466516e+01 1.000000000000000000e+00
-1.449283669493915028e+01 0.000000000000000000e+00
4.874703419941162963e+01 1.000000000000000000e+00
2.840076159179780291e+01 1.000000000000000000e+00
1.015214361983559854e+00 1.000000000000000000e+00
6.669597812134099968e+00 1.000000000000000000e+00
4.947469249611835096e+01 1.000000000000000000e+00
-3.931296431496321020e+01 0.000000000000000000e+00
3.559467735043152459e+01 1.000000000000000000e+00
-4.861451903806217700e+01 0.000000000000000000e+00
-2.942238857994172818e+01 0.000000000000000000e+00
2.101029025754999680e+01 1.000000000000000000e+00
1.223248344402320953e+01 1.000000000000000000e+00
2.158516310861864440e+01 1.000000000000000000e+00
-4.409548257005052818e+01 0.000000000000000000e+00
-2.072251506474380633e+01 0.000000000000000000e+00
2.259982617503442270e+01 1.000000000000000000e+00
2.598172066622331045e+01 1.000000000000000000e+00
-1.536398261551943278e+01 0.000000000000000000e+00
2.463189353380779778e+01 1.000000000000000000e+00
-2.413994892933626346e+01 0.000000000000000000e+00
3.420507608161823043e+01 1.000000000000000000e+00
-2.283212443131086289e+01 0.000000000000000000e+00
2.816228772023934823e+01 1.000000000000000000e+00
-3.486018798012182174e+01 0.000000000000000000e+00
-3.081587082366472430e+01 0.000000000000000000e+00
4.193418257643804736e+01 1.000000000000000000e+00
1.879486094116276718e+01 1.000000000000000000e+00
-8.581457469461525989e+00 0.000000000000000000e+00
2.967600264137267629e+01 1.000000000000000000e+00
3.081929616417239970e+01 1.000000000000000000e+00
-4.803799237720710380e+01 0.000000000000000000e+00
3.458526807494401112e+01 1.000000000000000000e+00
3.052803434638741464e+01 1.000000000000000000e+00
-4.275313810045631158e+00 0.000000000000000000e+00
-4.724212757277318531e+01 0.000000000000000000e+00
4.731697585671447825e+01 1.000000000000000000e+00
2.598403617889115935e+01 1.000000000000000000e+00
-2.130064473805590808e+01 0.000000000000000000e+00
1.681469406903809727e+01 1.000000000000000000e+00
-2.387046750524185512e+01 0.000000000000000000e+00
-3.880787392853689255e+01 0.000000000000000000e+00
-3.904171289302128400e+01 0.000000000000000000e+00
4.764796734673892331e+01 1.000000000000000000e+00
1.082878009846197642e-01 1.000000000000000000e+00
-4.004258284852922145e+01 0.000000000000000000e+00
-3.021237478925633724e+01 0.000000000000000000e+00
4.738748173502693817e+01 1.000000000000000000e+00
-2.782381969571531499e+00 0.000000000000000000e+00
-9.045142896365334195e+00 0.000000000000000000e+00
3.056244730067938065e+01 1.000000000000000000e+00
-4.476558632942373350e+01 0.000000000000000000e+00
-6.161198480859717108e+00 0.000000000000000000e+00
4.175981589872851885e+01 1.000000000000000000e+00
3.952958911734324943e+01 1.000000000000000000e+00
-3.708387056484475863e+00 0.000000000000000000e+00
-3.128581562927879034e+01 0.000000000000000000e+00
7.601699918071524564e+00 1.000000000000000000e+00
4.391726422854883083e+01 1.000000000000000000e+00
2.556423347352371422e+01 1.000000000000000000e+00
3.097114117291090452e+01 1.000000000000000000e+00
-3.647307535156072333e+01 0.000000000000000000e+00
2.233833370348388314e+01 1.000000000000000000e+00
-2.786639022308521163e+01 0.000000000000000000e+00
4.299548080123656746e+01 1.000000000000000000e+00
2.468952268142835749e+01 1.000000000000000000e+00
-3.876442400266609667e+01 0.000000000000000000e+00
-3.634334450335254019e+01 0.000000000000000000e+00
-2.554728993841719387e+01 0.000000000000000000e+00
-2.983359251987882743e+01 0.000000000000000000e+00
-3.621481371924079440e+01 0.000000000000000000e+00
-6.901431652718628129e-01 0.000000000000000000e+00
-3.214635430278832473e+01 0.000000000000000000e+00
4.973090092763158054e+01 1.000000000000000000e+00
4.849541385499711055e+01 1.000000000000000000e+00
-1.210465873362372236e+01 0.000000000000000000e+00
-2.867120309968214187e+01 0.000000000000000000e+00
-2.936138594349372255e+01 0.000000000000000000e+00
9.419120065691330979e-01 1.000000000000000000e+00
-1.840003910896120942e+01 0.000000000000000000e+00
1.613743146208092583e+01 1.000000000000000000e+00
1.561828735840110483e+01 1.000000000000000000e+00
-2.368630436337421230e+01 0.000000000000000000e+00
8.816782860723080262e-01 1.000000000000000000e+00
-3.085459029073097525e+01 0.000000000000000000e+00
-3.127071666835092856e+01 0.000000000000000000e+00
-3.460054321215821460e+00 0.000000000000000000e+00
1.805443799977086883e+01 1.000000000000000000e+00
4.799947268495536434e+01 1.000000000000000000e+00
4.696178152049328958e+01 1.000000000000000000e+00
-2.736180823774677506e+01 0.000000000000000000e+00
3.915868106113435942e+01 1.000000000000000000e+00
2.657832442994319422e+01 1.000000000000000000e+00
-8.946349348202907947e+00 0.000000000000000000e+00
4.167060849683029744e+01 1.000000000000000000e+00
-1.894151557408724074e+01 0.000000000000000000e+00
-2.140401797192050992e+01 0.000000000000000000e+00
-4.295646584055651118e+01 0.000000000000000000e+00
-9.994507330512739429e+00 0.000000000000000000e+00
-9.309186556622584874e+00 0.000000000000000000e+00
-4.035501441258296040e+01 0.000000000000000000e+00
7.802898126314460114e+00 1.000000000000000000e+00
-3.943158372802035672e+01 0.000000000000000000e+00
-1.421955299003592188e+01 0.000000000000000000e+00
-3.067875519093921000e+01 0.000000000000000000e+00
-1.304756302826416459e+01 0.000000000000000000e+00
-6.340566353522611109e+00 0.000000000000000000e+00
4.522584642493823992e+01 1.000000000000000000e+00
3.509516469871488198e+01 1.000000000000000000e+00
-2.886259442850330714e+01 0.000000000000000000e+00
2.364861350863172618e+01 1.000000000000000000e+00
-2.043923709895493346e+01 0.000000000000000000e+00
-8.144786223116263102e+00 0.000000000000000000e+00
-1.410277762324422213e+01 0.000000000000000000e+00
2.611222102488170549e+01 1.000000000000000000e+00
-1.480917053952133244e+00 0.000000000000000000e+00
-1.745163352156104963e+01 0.000000000000000000e+00
4.132346375908730352e+01 1.000000000000000000e+00
2.137098404664456552e+01 1.000000000000000000e+00
4.652912825204001024e+01 1.000000000000000000e+00
2.793307946183848856e+01 1.000000000000000000e+00
-3.236779673259624701e+01 0.000000000000000000e+00
1.586962079265099135e+01 1.000000000000000000e+00
-1.625005142586448414e+01 0.000000000000000000e+00
-5.425428228896258531e+00 0.000000000000000000e+00
3.447095614888743853e+01 1.000000000000000000e+00
3.718181555939928273e+01 1.000000000000000000e+00
9.371755590483502374e+00 1.000000000000000000e+00
-2.221076366821911208e+01 0.000000000000000000e+00
-7.206487994277701148e+00 0.000000000000000000e+00
2.027063500565523668e+01 1.000000000000000000e+00
-8.615338809469420767e+00 0.000000000000000000e+00
-4.045793220270341806e+01 0.000000000000000000e+00
4.376918201242968109e+01 1.000000000000000000e+00
5.865481947407900520e+00 1.000000000000000000e+00
-3.532268043718391937e+01 0.000000000000000000e+00
-2.258087163405468800e+01 0.000000000000000000e+00
9.292921560848590445e+00 1.000000000000000000e+00
3.761853674397364955e+00 1.000000000000000000e+00
-1.852717251318870595e+01 0.000000000000000000e+00
-4.959224766364265236e+00 0.000000000000000000e+00
-4.850941450535669475e+01 0.000000000000000000e+00
3.849833877942661786e+01 1.000000000000000000e+00
-8.185054251567933647e-01 0.000000000000000000e+00
3.530542361939109242e+01 1.000000000000000000e+00
1.610497208877519881e+01 1.000000000000000000e+00
-4.290613314534385836e+01 0.000000000000000000e+00
1.461274595039509450e+01 1.000000000000000000e+00
1.995008927231137363e+01 1.000000000000000000e+00
-1.009557473859676691e+01 0.000000000000000000e+00
-4.310689090264829559e+01 0.000000000000000000e+00
-3.710324237654989332e+01 0.000000000000000000e+00
2.925723623442969767e+01 1.000000000000000000e+00
4.838620344907819515e+01 1.000000000000000000e+00
-2.824559483534888571e+01 0.000000000000000000e+00
3.399841728101407057e+00 1.000000000000000000e+00
4.358672516910665706e+00 1.000000000000000000e+00
6.381160246807347391e+00 1.000000000000000000e+00
4.168547058347621714e+01 1.000000000000000000e+00
-3.415772952132303431e+01 0.000000000000000000e+00
4.703306047264310052e+01 1.000000000000000000e+00
1.466376915948399073e+01 1.000000000000000000e+00
4.840057845822961724e+01 1.000000000000000000e+00
-9.461437175886324269e+00 0.000000000000000000e+00
3.175313224328934325e+01 1.000000000000000000e+00
-3.645004674374781928e+01 0.000000000000000000e+00
-2.657028195816844018e+01 0.000000000000000000e+00
-3.936212801060452193e+01 0.000000000000000000e+00
5.424102378654929169e+00 1.000000000000000000e+00
3.584419736803866385e+01 1.000000000000000000e+00
3.468602157021264532e+01 1.000000000000000000e+00
6.203868610350106394e+00 1.000000000000000000e+00
-4.788731201314142538e+01 0.000000000000000000e+00
3.275513330148609725e+01 1.000000000000000000e+00
1.932249001159979684e+01 1.000000000000000000e+00
2.548785936979942335e+01 1.000000000000000000e+00
2.700281801110556046e+01 1.000000000000000000e+00
1.660063641448084581e+01 1.000000000000000000e+00
6.945067749376256927e+00 1.000000000000000000e+00
-4.863127296706674230e+01 0.000000000000000000e+00
3.890515142117898506e+00 1.000000000000000000e+00
-5.171103820682411367e+00 0.000000000000000000e+00
-1.363071895628193175e+01 0.000000000000000000e+00
4.186235434822557977e+01 1.000000000000000000e+00
1.864027320721636727e+01 1.000000000000000000e+00
4.636743532487464847e+01 1.000000000000000000e+00
3.998440418693964205e+01 1.000000000000000000e+00
-4.483289368945023767e+01 0.000000000000000000e+00
6.755016966013684510e+00 1.000000000000000000e+00
-3.121364173203663483e+01 0.000000000000000000e+00
-2.915283310961028818e+01 0.000000000000000000e+00
-3.650770497387656377e+01 0.000000000000000000e+00
1.737162811565346487e+01 1.000000000000000000e+00
-3.963987813214932032e+01 0.000000000000000000e+00
-1.034409450426289823e+01 0.000000000000000000e+00
-4.967128128535900089e+01 0.000000000000000000e+00
1.250598654235592022e+01 1.000000000000000000e+00
-3.338273991455970702e+01 0.000000000000000000e+00
-2.084253008311297606e+01 0.000000000000000000e+00
-3.998287668608837464e+01 0.000000000000000000e+00
-5.526908723174059901e+00 0.000000000000000000e+00
2.949666381149687311e+01 1.000000000000000000e+00
1.274750185876911956e+01 1.000000000000000000e+00
-3.411445454551163436e+01 0.000000000000000000e+00
2.330773861540205871e+01 1.000000000000000000e+00
-9.657052363265528072e+00 0.000000000000000000e+00
-3.102398428971765298e+01 0.000000000000000000e+00
-2.306384428729061398e+01 0.000000000000000000e+00
1.603775244484852180e+01 1.000000000000000000e+00
-1.036315402051469903e+01 0.000000000000000000e+00
4.451672306755722275e+01 1.000000000000000000e+00
-4.798241261246646161e+01 0.000000000000000000e+00
-2.975315013379876916e+00 0.000000000000000000e+00
-2.640821143371003643e+01 0.000000000000000000e+00
1.104771106394498759e+01 1.000000000000000000e+00
-4.301919909106666040e+01 0.000000000000000000e+00
-5.607461194654817405e+00 0.000000000000000000e+00
-4.871835516301145930e+01 0.000000000000000000e+00
-8.775762342095738688e+00 0.000000000000000000e+00
1.192439419737010553e+01 1.000000000000000000e+00
4.224564940314941452e+01 1.000000000000000000e+00
1.461523022273769357e+01 1.000000000000000000e+00
3.979915409264131654e+01 1.000000000000000000e+00
-3.612252476580621874e+01 0.000000000000000000e+00
4.711749030235705504e+01 1.000000000000000000e+00
2.230701667621552531e+01 1.000000000000000000e+00
-4.224390836339624400e+01 0.000000000000000000e+00
-3.569814581875346704e+01 0.000000000000000000e+00
-5.116115769920085654e+00 0.000000000000000000e+00
-1.032569408295279345e+01 0.000000000000000000e+00
1.363153378022471429e+01 1.000000000000000000e+00
-3.277767643545046639e+01 0.000000000000000000e+00
4.590067808850908193e+01 1.000000000000000000e+00
-4.115505532410557521e+01 0.000000000000000000e+00
8.830897872283280492e+00 1.000000000000000000e+00
-3.806056251413602354e+01 0.000000000000000000e+00
-2.873731015346934115e+01 0.000000000000000000e+00
5.458644932944537231e+00 1.000000000000000000e+00
1.918356632580052690e+01 1.000000000000000000e+00
2.681659847203876268e+01 1.000000000000000000e+00
-5.409866282568387419e+00 0.000000000000000000e+00
2.679769234747415396e+01 1.000000000000000000e+00
-8.080195648647148232e-01 1.000000000000000000e+00
-4.079029479627160981e+01 0.000000000000000000e+00
-3.699473254834542502e+01 0.000000000000000000e+00
-1.884990636228498317e+01 0.000000000000000000e+00
-1.956009839011058205e+01 0.000000000000000000e+00
-7.483372929722129641e+00 0.000000000000000000e+00
-1.683423743559188779e+00 0.000000000000000000e+00
-4.899842937036941493e+01 0.000000000000000000e+00
-2.756268385114978514e+00 0.000000000000000000e+00
4.404163841747568142e+00 1.000000000000000000e+00
4.396354351227961388e+01 1.000000000000000000e+00
9.066085398679554430e+00 1.000000000000000000e+00
9.891080034576368973e+00 1.000000000000000000e+00
4.801789254006013152e+01 1.000000000000000000e+00
-8.994992471838848758e+00 0.000000000000000000e+00
-3.897033030689715360e+01 0.000000000000000000e+00
-1.807441440805530419e+01 0.000000000000000000e+00
-8.779238017731238131e+00 0.000000000000000000e+00
-4.534341500815452264e+01 0.000000000000000000e+00
3.177898347482327779e+01 1.000000000000000000e+00
4.612468942620100165e+01 1.000000000000000000e+00
4.208974365741524082e+01 1.000000000000000000e+00
-2.748453187337319648e+01 0.000000000000000000e+00
-4.083822032828380344e+01 0.000000000000000000e+00
-1.631781297260064179e+01 0.000000000000000000e+00
-1.035026412440204524e+01 0.000000000000000000e+00
-4.588073346527767171e+01 0.000000000000000000e+00
-2.753703296572267334e+01 0.000000000000000000e+00
5.752718660380587323e+00 1.000000000000000000e+00
-8.224293139054829282e+00 0.000000000000000000e+00
-1.758551629374615288e+00 0.000000000000000000e+00
3.641725345063449026e+00 1.000000000000000000e+00
-7.569222615496400408e-01 0.000000000000000000e+00
-8.601118464344658321e+00 0.000000000000000000e+00
-2.723052896831107361e+01 0.000000000000000000e+00
-7.701159821508127834e-01 1.000000000000000000e+00
2.867751301292187804e+01 1.000000000000000000e+00
-2.000452842701900735e+01 0.000000000000000000e+00
1.599395816912348778e+01 1.000000000000000000e+00
4.845770002210838356e+01 1.000000000000000000e+00
7.491237001665432160e+00 1.000000000000000000e+00
4.407624998114064852e+01 1.000000000000000000e+00
-8.753571309383787025e+00 0.000000000000000000e+00
4.805779497310838622e+01 1.000000000000000000e+00
-3.300461314467124652e+01 0.000000000000000000e+00
4.111637159815549580e+01 1.000000000000000000e+00
1.518381975636593495e+00 1.000000000000000000e+00
-3.141739545237648557e+01 0.000000000000000000e+00
2.453382060659404829e+01 1.000000000000000000e+00
-2.789155411600042100e+00 0.000000000000000000e+00
-1.663411849126890019e+01 0.000000000000000000e+00
-1.511427421356906819e+01 0.000000000000000000e+00
2.036683248817703884e+01 1.000000000000000000e+00
2.164676629481225234e+01 1.000000000000000000e+00
3.159566149183417849e+01 1.000000000000000000e+00
-4.557195551706564629e+01 0.000000000000000000e+00
2.573167759279530742e+01 1.000000000000000000e+00
-9.582898730409297627e+00 0.000000000000000000e+00
-2.174530351771781866e+01 0.000000000000000000e+00
-4.536390693016252129e+01 0.000000000000000000e+00
7.204890235389640907e+00 1.000000000000000000e+00
2.056782931401353665e+01 1.000000000000000000e+00
4.471382232938682932e+01 1.000000000000000000e+00
8.286552834150484159e+00 1.000000000000000000e+00
4.768703310844843202e+01 1.000000000000000000e+00
4.073912174793278496e+00 1.000000000000000000e+00
3.911446503731494317e+01 1.000000000000000000e+00
1.546963933859134954e+01 1.000000000000000000e+00
-9.879324988062798241e+00 0.000000000000000000e+00
-9.897759178557954840e+00 0.000000000000000000e+00
4.585459885276209491e+01 1.000000000000000000e+00
-1.300627535502540866e+01 0.000000000000000000e+00
3.301974923357458636e+01 1.000000000000000000e+00
-1.511852332041885205e+01 0.000000000000000000e+00
-8.839975037171853955e+00 0.000000000000000000e+00
-4.687735842295651878e+00 0.000000000000000000e+00
1.124011676058193387e+01 1.000000000000000000e+00
3.246067921212302565e+01 1.000000000000000000e+00
-4.531616391411256473e+01 0.000000000000000000e+00
3.902927165903452078e+01 1.000000000000000000e+00
-3.929982866830948751e+01 0.000000000000000000e+00
3.594961849397171250e+01 1.000000000000000000e+00
2.429769809466499453e+00 1.000000000000000000e+00
-8.560260544537776184e+00 0.000000000000000000e+00
4.134965755512644137e+01 1.000000000000000000e+00
2.947538692172830110e+01 1.000000000000000000e+00
-2.499016476539489418e+01 0.000000000000000000e+00
-2.992560159068611370e+01 0.000000000000000000e+00
2.884695939407345122e+01 1.000000000000000000e+00
4.519060495866280291e+01 1.000000000000000000e+00
1.265168963882035058e+01 1.000000000000000000e+00
-2.892356231792001608e+01 0.000000000000000000e+00
-4.502658347481212076e+01 0.000000000000000000e+00
1.504584293875900869e+01 1.000000000000000000e+00
-4.396883149569023175e+01 0.000000000000000000e+00
4.373716145844296932e+01 1.000000000000000000e+00
-4.372410847322055361e+01 0.000000000000000000e+00
4.031323084551304703e+01 1.000000000000000000e+00
2.667390441357120778e+01 1.000000000000000000e+00
-4.219106284218903369e+01 0.000000000000000000e+00
4.701985879119942524e+01 1.000000000000000000e+00
6.589688759571856735e+00 1.000000000000000000e+00
-3.792312914589557238e+01 0.000000000000000000e+00
-4.468158968643798090e+01 0.000000000000000000e+00
-2.537060226863411216e+01 0.000000000000000000e+00
4.276538174660583991e+01 1.000000000000000000e+00
2.087003758027266542e+01 1.000000000000000000e+00
1.960490795805189634e+01 1.000000000000000000e+00
4.205875997174798897e+01 1.000000000000000000e+00
4.420329423893402065e+01 1.000000000000000000e+00
2.968593992795800318e+01 1.000000000000000000e+00
-3.198542684665728331e+01 0.000000000000000000e+00
-2.384234414261799984e+01 0.000000000000000000e+00
-4.794700552006029426e+01 0.000000000000000000e+00
2.195765367679486246e+01 1.000000000000000000e+00
-1.928367170033614642e+01 0.000000000000000000e+00
-4.260630456202908078e+01 0.000000000000000000e+00
-4.293360234861643931e+01 0.000000000000000000e+00
1.587545360758284119e+01 1.000000000000000000e+00
3.216721676789430262e+01 1.000000000000000000e+00
1.788151916719998269e+01 1.000000000000000000e+00
9.190982037290794437e+00 1.000000000000000000e+00
-4.310461494360752255e+01 0.000000000000000000e+00
-1.159066070035401452e+01 0.000000000000000000e+00
-4.367983421514774989e+01 0.000000000000000000e+00
-5.661330926007636322e+00 0.000000000000000000e+00
-8.147529559444500080e+00 0.000000000000000000e+00
3.228280303513622584e+01 1.000000000000000000e+00
-3.358921384420614231e+01 0.000000000000000000e+00
-4.919199183877533699e+01 0.000000000000000000e+00
-1.018782296328609505e+01 0.000000000000000000e+00
1.599703456016938219e+01 1.000000000000000000e+00
1.065714572320843700e+01 1.000000000000000000e+00
1.471566285446414213e+01 1.000000000000000000e+00
5.538439806195405879e+00 1.000000000000000000e+00
4.208769913672526286e+01 1.000000000000000000e+00
-4.302631294835510545e+01 0.000000000000000000e+00
3.333515194670279413e+01 1.000000000000000000e+00
1.129986775653890874e+01 1.000000000000000000e+00
4.445334316212988313e+01 1.000000000000000000e+00
-2.961389674952076234e+01 0.000000000000000000e+00
-3.117166321034392595e+01 0.000000000000000000e+00
3.420153676839255752e+01 1.000000000000000000e+00
-2.757402700693390329e+00 0.000000000000000000e+00
3.400689725028000510e+01 1.000000000000000000e+00
-1.730806650183055240e+01 0.000000000000000000e+00
-4.372332940029878046e+01 0.000000000000000000e+00
1.561414453512382750e+01 1.000000000000000000e+00
-2.932141543994153210e+01 0.000000000000000000e+00
-2.159400669388211824e+01 0.000000000000000000e+00
4.619811400493729536e+01 1.000000000000000000e+00
2.403075049206822200e+01 1.000000000000000000e+00
-2.468217202136382582e+01 0.000000000000000000e+00
1.260486160489094942e+01 1.000000000000000000e+00
-1.763410969709234877e+01 0.000000000000000000e+00
3.928791679058008413e+00 1.000000000000000000e+00
-2.256735889970446962e+01 0.000000000000000000e+00
2.942028926861596005e+00 1.000000000000000000e+00
2.656711973983034625e+01 1.000000000000000000e+00
3.598643205118476374e+01 1.000000000000000000e+00
4.725055098689459498e+00 1.000000000000000000e+00
-1.792100094813399380e+00 0.000000000000000000e+00
-5.990827511365992564e+00 0.000000000000000000e+00
-4.952770438143993204e+00 0.000000000000000000e+00
1.082134394798202237e+01 1.000000000000000000e+00
4.034061405295379643e+01 1.000000000000000000e+00
-7.940589598791362391e+00 0.000000000000000000e+00
4.118410077423463633e+01 1.000000000000000000e+00
1.840635593540413595e+01 1.000000000000000000e+00
-1.368194980683546902e+01 0.000000000000000000e+00
7.821248827764392786e+00 1.000000000000000000e+00
-1.161626548301636319e+01 0.000000000000000000e+00
-1.818332254600694142e+01 0.000000000000000000e+00
2.496487654901677899e+01 1.000000000000000000e+00
3.453245451383283182e+01 1.000000000000000000e+00
1.414055232192779954e+01 1.000000000000000000e+00
-4.507943325568811588e+01 0.000000000000000000e+00
-1.173112162799158398e+01 0.000000000000000000e+00
1.793132115240042879e+01 1.000000000000000000e+00
2.596557501778346477e+01 1.000000000000000000e+00
1.143269401313947498e+01 1.000000000000000000e+00
-2.201764357117960103e+01 0.000000000000000000e+00
-3.884778046351023306e+01 0.000000000000000000e+00
-1.231315716451607756e+01 0.000000000000000000e+00
-1.573184853824258767e+00 0.000000000000000000e+00
3.487035064691826847e+01 1.000000000000000000e+00
-1.434785568711856030e+01 0.000000000000000000e+00
-4.137500170759103924e+00 0.000000000000000000e+00
-4.723061275118152480e+01 0.000000000000000000e+00
1.814007208008216310e+01 1.000000000000000000e+00
3.409870149092301972e+01 1.000000000000000000e+00
3.217660889796863444e+01 1.000000000000000000e+00
3.107281534183815097e+01 1.000000000000000000e+00
2.791840291701625176e+01 1.000000000000000000e+00
-2.661794760058872100e+01 0.000000000000000000e+00
1.074701533559812106e+01 1.000000000000000000e+00
2.207662937897684685e+01 1.000000000000000000e+00
-3.159666457551861640e+01 0.000000000000000000e+00
-2.548257141238931922e+01 0.000000000000000000e+00
1.580624758854305867e+01 1.000000000000000000e+00
2.154613010954571450e+01 1.000000000000000000e+00
2.499586829638232643e+00 1.000000000000000000e+00
4.204329231374140363e+01 1.000000000000000000e+00
2.231431082369698515e+01 1.000000000000000000e+00
-3.217436852229027977e+00 0.000000000000000000e+00
-4.878971542319244747e+01 0.000000000000000000e+00
-9.542426124284709488e+00 0.000000000000000000e+00
-8.356335865967849941e-01 0.000000000000000000e+00
4.262659455392110885e+01 1.000000000000000000e+00
-4.945356565734810772e+01 0.000000000000000000e+00
-2.522652610083260072e+01 0.000000000000000000e+00
-7.367204923006063666e+00 0.000000000000000000e+00
1.319895192429425634e+01 1.000000000000000000e+00
-4.271341959790302667e+01 0.000000000000000000e+00
-3.478428920612429920e+00 0.000000000000000000e+00
4.832796559426640215e+01 1.000000000000000000e+00
-4.777483442536757252e+01 0.000000000000000000e+00
4.199588048381554017e+01 1.000000000000000000e+00
4.607202023780102706e+01 1.000000000000000000e+00
3.462379923227435086e+01 1.000000000000000000e+00
2.649214252609817777e+01 1.000000000000000000e+00
-2.512135379058933893e+01 0.000000000000000000e+00
-6.509955726293611633e+00 0.000000000000000000e+00
1.205784528437180114e+01 1.000000000000000000e+00
-6.870724610178250202e+00 0.000000000000000000e+00
-3.588667943207677524e+01 0.000000000000000000e+00
-2.198621756494624435e+00 0.000000000000000000e+00
-6.032094450483128867e+00 0.000000000000000000e+00
-4.090788776213649669e+01 0.000000000000000000e+00
1.497755649902107677e+01 1.000000000000000000e+00
4.993431689544406993e+01 1.000000000000000000e+00
1.916680061031492244e+01 1.000000000000000000e+00
2.412217732157742489e+01 1.000000000000000000e+00
3.748051071135387247e+01 1.000000000000000000e+00
4.906922564148786137e+01 1.000000000000000000e+00
2.928344035328301231e+01 1.000000000000000000e+00
-1.842039965297547255e+01 0.000000000000000000e+00
-4.610649794634057486e+01 0.000000000000000000e+00
2.756264975173154141e+01 1.000000000000000000e+00
-2.026448877648369162e+01 0.000000000000000000e+00
-2.977007055491933585e+01 0.000000000000000000e+00
2.008521786704891099e+01 1.000000000000000000e+00
1.499923141188787667e+01 1.000000000000000000e+00
4.916078384675594748e+01 1.000000000000000000e+00
-1.848515525601257536e+01 0.000000000000000000e+00
8.625126453249563951e+00 1.000000000000000000e+00
-2.851301900149533353e+01 0.000000000000000000e+00
8.729834573607959669e-01 1.000000000000000000e+00
-2.751191426906394355e+01 0.000000000000000000e+00
-3.204922046695241988e+01 0.000000000000000000e+00
-2.686090299544260418e+01 0.000000000000000000e+00
2.650044795352319227e+01 1.000000000000000000e+00
-1.868085583662545446e+01 0.000000000000000000e+00
-2.429664038142679416e+01 0.000000000000000000e+00
1.549648196146647194e+01 1.000000000000000000e+00
-1.006670425640853495e+01 0.000000000000000000e+00
-2.280813188743104902e+01 0.000000000000000000e+00
4.785179024673669801e+01 1.000000000000000000e+00
-3.619158779563954909e+01 0.000000000000000000e+00
2.900043676981985641e+01 1.000000000000000000e+00
4.920575628292738202e+01 1.000000000000000000e+00
9.521297406391937557e-01 1.000000000000000000e+00
-3.713314062136132776e+01 0.000000000000000000e+00
2.144442929461391145e+00 1.000000000000000000e+00
-9.970931484439049086e+00 0.000000000000000000e+00
-1.177587940206463912e+01 0.000000000000000000e+00
-7.263967414892078978e+00 0.000000000000000000e+00
-2.521586838724586599e+01 0.000000000000000000e+00
4.355558635191285077e+01 1.000000000000000000e+00
4.748920979547689569e+01 1.000000000000000000e+00
2.933171419944699210e+00 1.000000000000000000e+00
4.223738883426214841e+01 1.000000000000000000e+00
2.738204045916033635e+01 1.000000000000000000e+00
4.988414725194533617e+01 1.000000000000000000e+00
3.823385369078371809e+01 1.000000000000000000e+00
-1.458728410820717869e+01 0.000000000000000000e+00
-4.102422732450362730e+01 0.000000000000000000e+00
-4.318155850989300149e+01 0.000000000000000000e+00
-4.532911691588434167e+01 0.000000000000000000e+00
2.067913710339801980e+01 1.000000000000000000e+00
3.730821987351357905e+01 1.000000000000000000e+00
4.382482099220993632e+00 1.000000000000000000e+00
-3.623077382156090209e+00 0.000000000000000000e+00
-4.431620527630225581e+01 0.000000000000000000e+00
-4.731184748350578673e+00 0.000000000000000000e+00
-2.220486636452757523e+01 0.000000000000000000e+00
6.177797271971094517e+00 1.000000000000000000e+00
-4.168012606210119486e+01 0.000000000000000000e+00
-7.780191736248177392e+00 0.000000000000000000e+00
-6.092341194968199147e+00 0.000000000000000000e+00
-2.194535035234127562e+01 0.000000000000000000e+00
-4.702008813506490981e+01 0.000000000000000000e+00
3.862203469129745770e+01 1.000000000000000000e+00
3.752007012150625087e+01 1.000000000000000000e+00
3.680433284531707727e+01 1.000000000000000000e+00
9.475802354495257873e+00 1.000000000000000000e+00
2.359012893977387648e+01 1.000000000000000000e+00
-4.488246029009830096e+01 0.000000000000000000e+00
-3.356957371097820442e+01 0.000000000000000000e+00
-7.202933893114305874e+00 0.000000000000000000e+00
1.136942964015490531e+01 1.000000000000000000e+00
1.154843585605328826e+01 1.000000000000000000e+00
-3.369131458754421260e+01 0.000000000000000000e+00
-1.847807366775809967e+01 0.000000000000000000e+00
9.736059254953566722e+00 1.000000000000000000e+00
3.977896694841871295e+01 1.000000000000000000e+00
1.701103150749383985e+01 1.000000000000000000e+00
-7.391301635576297713e+00 0.000000000000000000e+00
-2.131466660039060912e+01 0.000000000000000000e+00
4.979946635874955518e+01 1.000000000000000000e+00
-7.501515931797911207e+00 0.000000000000000000e+00
2.322128209793584119e+01 1.000000000000000000e+00
-5.713861012538934858e+00 0.000000000000000000e+00
2.126754153331955877e+01 1.000000000000000000e+00
-4.584941516181586962e+00 0.000000000000000000e+00
3.249587338161327921e+01 1.000000000000000000e+00
3.356887996584110567e+01 1.000000000000000000e+00
3.095490515456724268e+00 1.000000000000000000e+00
-4.476530624512319179e+01 0.000000000000000000e+00
3.280486306811518205e+01 1.000000000000000000e+00
-2.028069452698428776e+01 0.000000000000000000e+00
1.740141516658273702e+01 1.000000000000000000e+00
-3.030748920791238632e+01 0.000000000000000000e+00
6.381894695958976627e+00 1.000000000000000000e+00
-8.566153855393409344e+00 0.000000000000000000e+00
-1.911340491413475817e+01 0.000000000000000000e+00
4.659362968604480670e+01 1.000000000000000000e+00
-2.080470488149170905e+01 0.000000000000000000e+00
1.481661046699232998e+01 1.000000000000000000e+00
-3.125389919651928494e+01 0.000000000000000000e+00
4.213972896664263601e+01 1.000000000000000000e+00
-5.826623753130910188e+00 0.000000000000000000e+00
-4.665783830816471323e+01 0.000000000000000000e+00
-5.394914044019941457e+00 0.000000000000000000e+00
-2.977714205259783853e+01 0.000000000000000000e+00
2.771371658849972164e+01 1.000000000000000000e+00
-4.344158533481872553e+01 0.000000000000000000e+00
3.210939897468298909e+01 1.000000000000000000e+00
4.406466329204413057e+01 1.000000000000000000e+00
-3.844189532543853716e+01 0.000000000000000000e+00
1.835839703488979069e+01 1.000000000000000000e+00
3.598345141860150420e+00 1.000000000000000000e+00
-3.619902564305535009e+01 0.000000000000000000e+00
4.860972195674483487e+01 1.000000000000000000e+00
-4.389788217356718292e+01 0.000000000000000000e+00
-1.146656833942360976e+01 0.000000000000000000e+00
4.585828313549387758e+01 1.000000000000000000e+00
-4.704086073498102394e+01 0.000000000000000000e+00
1.023269358324845513e+01 1.000000000000000000e+00
3.917186750301156906e+01 1.000000000000000000e+00
3.003934570442375218e+01 1.000000000000000000e+00
4.875861845030749464e+01 1.000000000000000000e+00
3.671852532933216651e+01 1.000000000000000000e+00
-1.990432782832213121e+01 0.000000000000000000e+00
4.090128696126093644e+01 1.000000000000000000e+00
8.616836208625997529e+00 1.000000000000000000e+00
-7.792242744504775942e+00 0.000000000000000000e+00
4.393015714563377117e+01 1.000000000000000000e+00
4.718247827632453095e+01 1.000000000000000000e+00
4.775573509765681024e+01 1.000000000000000000e+00
3.458041547139076499e+01 1.000000000000000000e+00
3.541842017735972092e+01 1.000000000000000000e+00
2.448263251368281601e+01 1.000000000000000000e+00
-1.700920154242234617e+01 0.000000000000000000e+00
-1.343735136863583080e+01 0.000000000000000000e+00
2.787440369780750871e+01 1.000000000000000000e+00
-4.563696346809770432e+01 0.000000000000000000e+00
-3.271532572504767700e+00 0.000000000000000000e+00
-2.310986268400986177e+01 0.000000000000000000e+00
1.213238222344995876e+01 1.000000000000000000e+00
6.397525925680504599e+00 1.000000000000000000e+00
2.647227193223521624e+00 1.000000000000000000e+00
1.669557438209260170e+00 1.000000000000000000e+00
-1.071123550241783562e+01 0.000000000000000000e+00
-1.045614296341588556e+01 0.000000000000000000e+00
4.885482129013306007e+01 1.000000000000000000e+00
3.897386550829685348e+01 1.000000000000000000e+00
-3.076111001384057531e+01 0.000000000000000000e+00
-6.350402299417481800e+00 0.000000000000000000e+00
-1.614037770543408357e+01 0.000000000000000000e+00
-2.594722551676847999e+01 0.000000000000000000e+00
-3.904411601067587867e+01 0.000000000000000000e+00
-1.719533115062442619e+01 0.000000000000000000e+00
-4.330375008405338377e+01 0.000000000000000000e+00
4.018702500498679342e+01 1.000000000000000000e+00
3.391055284550526494e+01 1.000000000000000000e+00
-2.612677158959620272e+00 0.000000000000000000e+00
-3.334679728902155205e+01 0.000000000000000000e+00
1.298725545652246183e+01 1.000000000000000000e+00
4.158050023551076890e+01 1.000000000000000000e+00
4.579608833944250534e+01 1.000000000000000000e+00
-1.380242907828137788e+01 0.000000000000000000e+00
-3.813266583512599084e+01 0.000000000000000000e+00
1.952908336337183925e+01 1.000000000000000000e+00
-1.243742136985878943e+01 0.000000000000000000e+00
2.657276310111123507e+01 1.000000000000000000e+00
4.350405194973957634e+01 1.000000000000000000e+00
1.562372851466990653e+01 1.000000000000000000e+00
3.819819180649159307e+01 1.000000000000000000e+00
3.662958564538152473e+01 1.000000000000000000e+00
-4.783370097073004246e+01 0.000000000000000000e+00
3.982485246496150921e+01 1.000000000000000000e+00
-3.551259305983180070e+01 0.000000000000000000e+00
-2.377689171352053066e+01 0.000000000000000000e+00
4.612999951034451840e+01 1.000000000000000000e+00
-2.129478096831649481e+01 0.000000000000000000e+00
-4.381740834580361366e+01 0.000000000000000000e+00
3.311500441539965323e+01 1.000000000000000000e+00
-2.989230485190755715e+01 0.000000000000000000e+00
-4.358064958142657730e+01 0.000000000000000000e+00
-1.847163256779944618e+01 0.000000000000000000e+00
-1.320419090101335513e+01 0.000000000000000000e+00
1.511844224890019461e+01 1.000000000000000000e+00
2.374668480585782504e+01 1.000000000000000000e+00
-5.546762093285906303e+00 0.000000000000000000e+00
4.843421439913420556e+01 1.000000000000000000e+00
2.991567818957221903e+01 1.000000000000000000e+00
8.629302314662147921e+00 1.000000000000000000e+00
4.996809769486610264e+00 1.000000000000000000e+00
4.795027088410722627e+01 1.000000000000000000e+00
9.090635305861496818e+00 1.000000000000000000e+00
-4.968988226237923556e+01 0.000000000000000000e+00
2.241604616108786274e+01 1.000000000000000000e+00
4.583908389609318590e+01 1.000000000000000000e+00
-3.516776713201154081e+01 0.000000000000000000e+00
3.551436100283669361e+01 1.000000000000000000e+00
1.062201960218926189e+01 1.000000000000000000e+00
-4.570261838604434956e+01 0.000000000000000000e+00
3.817764831891297206e+01 1.000000000000000000e+00
3.588157661401818643e+01 1.000000000000000000e+00
-6.930733999850765770e+00 0.000000000000000000e+00
1.121378624302415972e+01 1.000000000000000000e+00
5.581051613637590947e+00 1.000000000000000000e+00
1.533265290659099378e+01 1.000000000000000000e+00
3.186840265511274595e+01 1.000000000000000000e+00
4.498350153110422411e+00 1.000000000000000000e+00
1.386383846807211029e+01 1.000000000000000000e+00
4.033757412112827012e+00 1.000000000000000000e+00
-4.031185069209083593e+01 0.000000000000000000e+00
1.197072002202548191e+01 1.000000000000000000e+00
-3.060610347774658280e+01 0.000000000000000000e+00
5.678051383581603773e-01 1.000000000000000000e+00
-3.969445848797406029e+01 0.000000000000000000e+00
3.703669438584363149e+01 1.000000000000000000e+00
3.658620323064312174e+00 1.000000000000000000e+00
3.418834025293477907e+01 1.000000000000000000e+00
2.903435831953225943e+01 1.000000000000000000e+00
-2.267670791681447540e+01 0.000000000000000000e+00
2.871593957937275832e+01 1.000000000000000000e+00
-3.867800053189895948e+00 0.000000000000000000e+00
-2.156977043362249447e+01 0.000000000000000000e+00
-2.623524660380871509e+01 0.000000000000000000e+00
-1.247068102702333192e+01 0.000000000000000000e+00
1.842817111434497690e+01 1.000000000000000000e+00
-4.845897765105423360e+01 0.000000000000000000e+00
-4.097480827790194269e+01 0.000000000000000000e+00
-4.306063474459352847e+01 0.000000000000000000e+00
4.721935387418915298e+01 1.000000000000000000e+00
-1.890382995514151432e+01 0.000000000000000000e+00
4.398216502837351527e+01 1.000000000000000000e+00
-1.697484325799523930e+01 0.000000000000000000e+00
8.969871516248687726e+00 1.000000000000000000e+00
-3.417589398858894612e+01 0.000000000000000000e+00
1.699274628177487045e+01 1.000000000000000000e+00
-4.498518209838820781e+01 0.000000000000000000e+00
-2.865569701180447737e+00 0.000000000000000000e+00
-1.414223501650064918e+01 0.000000000000000000e+00
1.562347840608903482e+01 1.000000000000000000e+00
-2.379348497123930883e+01 0.000000000000000000e+00
-1.769108476283874865e+01 0.000000000000000000e+00
2.005561356821861807e+01 1.000000000000000000e+00
3.767688481260331912e+01 1.000000000000000000e+00
-3.125763710997230405e+01 0.000000000000000000e+00
1.719035812984181177e+00 1.000000000000000000e+00
9.297397357832480225e+00 1.000000000000000000e+00
2.251815032191198895e+01 1.000000000000000000e+00
-2.982881286494766471e+00 0.000000000000000000e+00
-2.583039779225913080e+01 0.000000000000000000e+00
9.645277271183019252e-01 1.000000000000000000e+00
4.214331303367775661e+01 1.000000000000000000e+00
-3.507655933340797105e+01 0.000000000000000000e+00
3.627273621111427815e+01 1.000000000000000000e+00
-1.670018946497840773e+01 0.000000000000000000e+00
-4.582561689244323588e+01 0.000000000000000000e+00
3.581231661283209178e+01 1.000000000000000000e+00
4.659775945222314419e+01 1.000000000000000000e+00
-7.038010433995303572e+00 0.000000000000000000e+00
-2.212524895365394073e+01 0.000000000000000000e+00
-2.970384807974319941e+01 0.000000000000000000e+00
-4.961578000813854317e+01 0.000000000000000000e+00
-2.356424375974512841e+01 0.000000000000000000e+00
3.524336411650816103e+01 1.000000000000000000e+00
-3.063321821549838120e+01 0.000000000000000000e+00
-4.865765895351229631e+01 0.000000000000000000e+00
1.186143531565117826e+01 1.000000000000000000e+00
-2.427209770316871484e+01 0.000000000000000000e+00
2.442665836345226182e+01 1.000000000000000000e+00
-4.733947418319404221e+01 0.000000000000000000e+00
4.455002909974213310e+01 1.000000000000000000e+00
-1.850380422746529163e+01 0.000000000000000000e+00
1.012165427646279170e+01 1.000000000000000000e+00
-7.043386373895977215e+00 0.000000000000000000e+00
1.765547915698442694e+01 1.000000000000000000e+00
-4.925939781638984982e+01 0.000000000000000000e+00
-2.979008963961491219e+01 0.000000000000000000e+00
-4.762678792509168346e+01 0.000000000000000000e+00
4.003746256317377572e+01 1.000000000000000000e+00
-1.783648748860575495e+01 0.000000000000000000e+00
-2.460395904973796632e+01 0.000000000000000000e+00
-3.186992977270074334e+01 0.000000000000000000e+00
5.159149089484124318e+00 1.000000000000000000e+00
2.447219152097865447e+01 1.000000000000000000e+00
1.951952139353895177e+01 1.000000000000000000e+00
3.135931678419258617e+01 1.000000000000000000e+00
-4.893548516406024618e+01 0.000000000000000000e+00
3.533827206626072837e+01 1.000000000000000000e+00
3.241973941650235247e+01 1.000000000000000000e+00
2.829210032021246946e+01 1.000000000000000000e+00
-1.275523722666454063e+01 0.000000000000000000e+00
-4.264545582364107190e+00 0.000000000000000000e+00
-4.715460517988849887e+01 0.000000000000000000e+00
-3.029474271429423027e+01 0.000000000000000000e+00
3.141694057916645022e+00 1.000000000000000000e+00
-3.221291878542686504e+00 0.000000000000000000e+00
-2.975963037425214353e+01 0.000000000000000000e+00
9.772555389835410722e+00 1.000000000000000000e+00
-3.020121790999731459e+01 0.000000000000000000e+00
3.713926902772236360e+01 1.000000000000000000e+00
2.448165394576710696e+01 1.000000000000000000e+00
-9.149516086860153052e+00 0.000000000000000000e+00
2.201344498966226126e+01 1.000000000000000000e+00
-4.397763539534757626e+00 0.000000000000000000e+00
-1.194123103007449771e+01 0.000000000000000000e+00
7.845076783408046595e+00 1.000000000000000000e+00
9.432560931353307865e+00 1.000000000000000000e+00
1.133619685663319387e+00 1.000000000000000000e+00
-3.459937021371817423e+01 0.000000000000000000e+00
3.716273275834834067e+01 1.000000000000000000e+00
3.939026989589621053e+00 1.000000000000000000e+00
-3.151599025627984574e+01 0.000000000000000000e+00
4.314192132047445227e+01 1.000000000000000000e+00
7.749171830243298587e+00 1.000000000000000000e+00
2.711622898974046336e+01 1.000000000000000000e+00
-3.037616428651271860e+01 0.000000000000000000e+00
-3.571469569897276131e+01 0.000000000000000000e+00
2.636661516069416678e+01 1.000000000000000000e+00
-3.006158584307732085e+01 0.000000000000000000e+00
-3.584827719095972043e+01 0.000000000000000000e+00
2.675807655060765455e+00 1.000000000000000000e+00
3.642107606519195429e+01 1.000000000000000000e+00
-1.400615513957257008e+01 0.000000000000000000e+00
2.219787093735938299e+01 1.000000000000000000e+00
3.476225636375602335e+01 1.000000000000000000e+00
-1.260554679387170296e+01 0.000000000000000000e+00
-3.655438881993021738e+01 0.000000000000000000e+00
-1.091188957519172220e+01 0.000000000000000000e+00
1.155571335650947873e+01 1.000000000000000000e+00
3.087736775707530512e+01 1.000000000000000000e+00
4.401707260005312605e+01 1.000000000000000000e+00
1.928413763819048654e+01 1.000000000000000000e+00
4.558157304658688247e+01 1.000000000000000000e+00
-2.278296807283329883e+01 0.000000000000000000e+00
2.230704692369927500e+01 1.000000000000000000e+00
-3.026483300481692851e+01 0.000000000000000000e+00
4.630297746358733946e+01 1.000000000000000000e+00
-4.061126138687532716e+01 0.000000000000000000e+00
2.257962205394143496e+01 1.000000000000000000e+00
