-8.012559896508251178e-01
-9.624683067804766790e-01
1.614003943392480878e+00
1.077382715304201627e-02
-1.757871809579764077e-01
-4.071340250857972271e-02
-7.350448609325569427e-01
-2.628061600757541916e-01
-9.127312122679351880e-01
3.077520336420388247e+00
1.498568074371122272e+00
6.767463776163593625e-01
5.336656485533426419e-01
5.759387594595295479e-01
-2.050565735038613613e-01
-2.746340797823119129e-01
5.806747850609361716e-01
7.601623890688198604e-02
-1.191418526634016928e+00
-7.472667027708317367e-01
-9.470083294196804946e-01
-1.133962432858505176e+00
-4.779957356096726229e-01
7.673687734758083412e-02
6.898969853492665782e-01
2.894822568641814087e+00
-1.396551215103856158e+00
-7.918738620392558047e-01
-2.347861429535570144e-01
-6.219151042616694047e-01
-1.652002563759928266e+00
-3.541850061861100962e-01
-3.015683042491762444e-01
-1.038005643733906358e-01
-2.290990355779125132e+00
1.157432573633992101e+00
9.088398750776668367e-01
-1.276497567574190084e+00
-6.218825815884950758e-01
2.540165024900282731e-01
-1.460376340653886329e+00
-1.080488487556949817e+00
1.182896568120136882e+00
1.086463274904311938e+00
-4.712529011673921020e-01
1.940109453884024046e-02
1.196727771394605178e+00
-4.091795929639904794e-01
-2.812683411126642302e-02
1.376914962139897503e+00
3.698362595601069058e-01
1.068347221025594207e+00
-1.271707764651018646e+00
2.734145892476282924e-01
1.043511968803508827e+00
5.718663595330113480e-01
9.342575288529195721e-01
8.967697060765905670e-01
1.528009373381606029e+00
-5.109088022270708018e-01
1.300511669957735261e+00
1.327104916428860193e+00
-1.139492175291677428e-01
7.458618366420346479e-01
1.094348446624553883e+00
1.262568692777086499e+00
7.848368759097039682e-01
-5.157613311026504332e-01
-7.423192869396222360e-01
1.310669480854353974e+00
-2.361403582564845782e-01
9.360959936580981466e-02
5.814440463583994134e-01
3.037787312446219579e-01
-5.168786196692736201e-01
9.727456471288878914e-01
1.047309213275700923e+00
-5.322668585808341263e-02
-1.460123798559271213e+00
-1.352649986829659534e+00
-1.999395783725366194e+00
-4.233052644288491928e-01
-1.646632794949788092e+00
1.464318315489157585e-01
1.351933582711233095e+00
-1.132001077519354970e+00
6.118266473747324685e-01
-4.146557937325316967e-01
-2.284717065356955679e-01
-1.175525127254709867e-01
9.055056042625659884e-01
1.062111787969186816e+00
-3.570633672518115920e-01
2.590543623115261762e-01
7.379469277670616112e-01
9.337751704765318017e-01
-1.228088505173726031e+00
3.045558390452871578e-01
-9.988279533923373199e-01
2.217847457164877856e+00
6.923371376927149878e-01
2.890068475418369753e-01
8.856836334175715031e-01
-1.175222214986802877e-01
5.238796264128126046e-01
7.836815393887754944e-01
-1.364048229310176330e-01
-1.499942809451877190e+00
5.359226925583659984e-01
-3.182487703353124031e-01
-1.091166709552489289e+00
-1.938736293930840127e+00
-9.333568248766003217e-01
-3.470995620375184054e-01
1.092388169726868780e-01
1.570087780502847474e+00
9.601408223086737026e-01
-5.507739779734209806e-01
-1.064785962075754044e+00
-9.934770062299206339e-01
-7.396430012828220102e-01
5.347009807444393914e-01
1.754457288543806795e-02
-1.142768586442483914e+00
-1.777590711591242156e+00
-3.480485780529471995e-01
-7.674537492121962234e-01
-4.957244315724997352e-01
3.906502266101248844e-01
1.149339848812210851e-01
1.180776597689989327e+00
8.612572542658463171e-01
1.354194154616179979e+00
3.927759491984232354e-01
9.036037236722044286e-01
-7.766833025247731337e-01
1.216499094486127364e+00
-3.304384366662006745e+00
-8.354565339918617051e-01
-4.151312102880963528e-01
-1.716869852443001720e+00
-1.134227422487348591e-01
-1.168955536830786679e+00
-2.538315097823792277e-01
5.633853060057676387e-01
6.665229990592942688e-02
-8.925874866227694326e-01
5.763723057738917577e-01
3.059879791740647281e-01
-5.211279659709686651e-01
-1.353224777670691825e+00
-1.764410095364916387e-01
-9.948813989520727263e-01
-1.228155716305870282e+00
4.365123504153503586e-02
6.288382233740037741e-02
-2.537429854565158016e-01
4.617625528082956454e-01
-1.041378388686465817e+00
-8.351316247576497931e-01
3.584467477116777823e-01
-6.917179785905087641e-01
1.825581790917029101e-01
2.500051416279971406e-01
1.661018993289230250e-02
-7.481431989709548258e-01
1.047721400940096581e+00
-1.355003370241738558e+00
-6.844060927069716138e-01
8.547764383396352361e-01
-1.610566588551058276e+00
3.894852323976823183e-02
8.786240027087836024e-01
-4.153465059348251942e-01
-5.783960243011269237e-02
-7.855630458626607915e-01
-7.924483304040115250e-01
-7.517067596742993407e-01
3.731409351810709429e-01
1.773522534736884149e+00
-1.201060989045025451e+00
6.611709611840466128e-01
2.437081116345809761e-01
1.599271875875907245e+00
6.774766383570578476e-01
-2.587445291281885495e+00
5.350608924230272623e-02
-7.427032372363215895e-01
-1.280892016493796748e-01
-1.169543909641570956e+00
1.240326792913219213e-02
-2.477204901485159927e-01
3.767734295193511107e-01
8.472482585842812108e-01
-9.779100462184676656e-01
-1.052274531830246440e+00
1.495868446272415886e-01
1.051696604758430409e+00
3.049521420510691860e-01
-7.684977592918275091e-01
1.477157844729742875e+00
1.613186689749023905e+00
-2.984044841664220127e-01
-3.122617834658025782e-01
-2.816858901487013789e-01
3.273481211931290047e-01
-1.260734623109005748e+00
-2.378994159339046899e+00
7.799016175542985430e-01
2.593433856805116844e-01
2.200808337890529723e-02
1.003220164302322248e-02
1.220923461110132058e+00
-5.513181852076212142e-01
-1.663636017977922377e+00
3.349552228441954882e-01
1.512009212949686043e+00
-1.709483504209371674e+00
2.119626186357461972e-01
-2.307689725618703447e-01
3.795764211624692575e-01
2.425839328186976562e+00
-1.577506034103474120e-01
1.721520338454973764e+00
-1.263183016647027479e+00
-1.170589050341468873e+00
-8.959028086359255294e-01
-1.389742904700847825e+00
1.120612880258269106e+00
-1.184794668221392511e-01
5.388689424119645632e-02
-9.048764397749717858e-01
1.062079884552872500e+00
4.696770714190017793e-01
1.304903616597172133e+00
8.661984315594467576e-01
9.118503624837528410e-01
1.740855140608398577e-01
2.599100617993579387e-01
1.381795541808228389e+00
-5.155075546195068970e-02
1.697422157873624604e+00
1.045609479950915910e+00
5.836982305133782134e-01
-1.190631259913623730e+00
4.630065620239848800e-01
2.365137617068721054e-01
9.793181730950918373e-01
-1.539783859958894441e+00
-1.414399212271692630e+00
-4.946189542195471578e-01
8.950748014470237823e-01
-2.095928159475229924e-02
-5.950702869849199272e-01
1.952407474324744652e-01
-1.363344570757451413e+00
1.831350234438358759e+00
1.206518092180369622e-01
1.614056610278651993e+00
3.759917583424219889e-01
-1.479590472593927064e+00
-3.138778698804453593e-01
5.995272313382058460e-01
-1.328245168134869992e-03
-3.836693645440770739e-01
-1.800747795512132321e-01
-5.509560348425865950e-01
4.115320155715190831e-01
3.108291989357558349e-01
1.469217383260784660e+00
-5.982684758792304880e-01
-3.721675511378668144e-01
5.277151176518891651e-01
1.416701274546537492e+00
-1.500685009997471564e+00
-7.712152485009154956e-02
6.522805450266724314e-01
-1.776107499859861605e+00
2.091406511251406641e+00
1.463627680206829096e+00
1.439797758353614787e-01
1.594764323949599272e-01
5.094087125464432514e-02
8.932444020576866262e-01
1.772570654998099959e+00
5.220126012623114153e-01
2.545529486481681314e+00
-6.537393824024869682e-01
8.863201880419718792e-01
-5.396048031176171600e-01
3.840019515450857068e-01
-4.488407392542054231e-01
-5.760686644290043297e-03
3.567881864437382200e-01
9.601700478421494322e-01
-2.199164130233326464e+00
-9.909530018197281187e-01
6.171366329271957829e-01
5.530942155469865673e-01
1.339466716675438152e+00
-6.962454536201789779e-01
-3.595758559428927637e-01
5.956946217808453126e-01
-2.600498329697373268e-01
-8.190478558677590781e-01
9.426471095253379229e-01
-1.848216726971369656e-02
9.747405840911615993e-01
-4.284678242178538987e-01
5.386128358477629274e-02
1.200629120826124829e+00
-1.267880968118874963e+00
-1.195133330762210115e-02
1.785271832657288726e+00
-1.444135356415473526e-01
6.293348135693593859e-02
3.994432891533551411e-01
1.288713382238762806e-01
5.490999326192427255e-01
1.491191001067037503e+00
-7.382559285536199889e-01
2.721412766731400867e-01
-6.561607676888099316e-01
1.573131406859018311e+00
-1.028152627769943983e+00
-2.144793732579949985e+00
-8.801943449530379437e-01
-1.646277098707373820e+00
7.844151163470169941e-01
-1.427299012558483016e+00
1.180717013248747893e+00
-9.409297557488639496e-01
1.973069970257570471e-01
2.567707580098909093e-01
-3.471114292715182237e-01
6.461353428708295210e-01
1.160466902298773473e+00
5.971487049019860160e-01
-2.192692138562327475e+00
-2.070561493875553438e-01
6.248620715635887501e-01
1.852046984396175100e+00
5.908569012058185743e-01
-2.352404647499323487e-01
7.656120276091201715e-01
4.304747731163004465e-01
-2.751608028372987125e-01
2.213521582516031205e-01
6.170293381630435059e-01
4.913243722142102698e-01
-2.083505807546347732e+00
1.185395584994745066e+00
4.243961121986877250e-01
1.907057925169615586e+00
9.928121575468614735e-01
1.369072691627733596e+00
9.599743266097343630e-01
8.902128469972694358e-01
4.294383373347233079e-01
3.939042821903106506e-01
-7.720649449381473683e-01
1.025719335348163952e+00
-1.081603961431822691e+00
-1.664155848831817330e+00
8.046609651453664469e-01
1.324722866369816732e+00
-9.382911610827743276e-01
6.108755518096434800e-01
-1.664788293578171263e+00
-1.460008230114990146e+00
-1.172919035150465777e-01
-1.393355040559377755e+00
8.239343560288382440e-01
8.307097230316393688e-01
-1.906291729177041150e+00
-8.172733828901410091e-02
6.023377851581460662e-01
-1.712529347551412950e+00
2.284303273051742911e-01
-1.087237429797228039e+00
1.570761306266504898e+00
-8.860145869911104644e-01
6.759792801465531742e-01
7.857383268354699579e-01
-1.165884586356599861e+00
-3.875113503736338227e-01
-4.625704126142070605e-01
-3.719119466917935046e-01
-2.472319294066695761e-01
9.772623876143412547e-01
-5.246949480793576814e-01
8.002049815457477067e-01
7.591704268411130219e-01
2.285103092412840708e-01
1.608544104612456227e+00
2.277069258264964313e-01
2.540525512350662596e-01
1.547182505853199164e+00
-2.572330027301368283e+00
-1.086354201626723359e+00
-4.211410644182115304e-01
9.768017360651418679e-01
4.255115655006858760e-02
-2.577177298973882813e-01
5.606006065787553228e-01
5.435735689126691694e-01
-1.274704954905485410e+00
1.661900503215967273e-01
9.636202591512653681e-01
-1.920758860243318766e+00
-3.205991093754859689e-01
-2.876222977356782205e-03
-1.376709851997733214e+00
1.887411108451404917e+00
3.647593631863402241e-01
-8.931217339662145260e-01
-2.774615828099014636e-01
-5.934761314341365779e-01
-2.251985065500921923e+00
-3.632096911086820645e-01
8.398812444224256213e-01
-6.035045211464015180e-01
-8.866727879964577674e-01
1.502389709649865068e-01
-4.097300738316205782e-01
2.719453909706874215e-02
3.869031556762384527e-01
-2.538664529723518637e+00
-3.821847138768871832e-02
-2.316614458678368238e-01
-1.311909030707460455e-01
4.077808322157469023e-01
-1.333676932695746720e+00
-1.399246827381761538e-01
-1.274381608426172763e-01
-3.482481579219288137e-01
2.714657225151630993e-01
5.031044807561626531e-01
-9.166384355488817193e-02
-8.989925769894810403e-02
1.279322674050688669e+00
1.650803543348342839e-01
-4.144307718518631667e-01
-1.056817923600026576e+00
-9.018763735836992090e-01
8.557093830373867505e-01
-3.086227917222483241e-01
-7.617466900262186424e-01
-5.443264628788747617e-01
-3.922585924723059891e-01
3.473387209605837689e-01
1.336253928407380887e+00
-3.464547428403649265e-01
-1.021409420914427546e+00
1.764897446184372942e+00
-7.018670857900931592e-01
-3.839834843282747268e-01
-1.124387370553404930e-02
-5.138636717738280790e-01
-1.238585932584489679e+00
6.455169103849780488e-01
7.537661268116456759e-01
-5.151415122355584852e-01
1.058799891402037563e+00
-5.027868795158971782e-01
3.804080526248361793e-01
-4.370548649169795907e-01
3.035427812367041955e-02
6.169865579868210048e-01
2.073918503632576349e-01
-1.477893401958799702e-01
-1.272101989951409662e+00
1.906644216394773439e+00
-1.857320302832823344e+00
6.792509844030651944e-01
-1.374588806737602753e-01
1.013477703038053512e+00
-1.148247563609026800e+00
-5.693171725757223411e-01
-1.044904578490993829e+00
-8.206157017229492867e-02
-3.474603459726786081e-01
-3.911814424245415589e-01
-2.324264447901744080e-01
-6.031415233865393688e-01
4.850485037918881859e-01
-2.250509631687758472e-01
1.019128453631889912e-02
1.021092185620060822e-01
1.047668761131130388e+00
-1.261921571340236747e+00
-1.170679459840485576e-01
-4.185333745309300357e-01
-7.670129127079053921e-01
3.769183577218560566e-01
-1.750915157313495119e+00
-1.774832677655974744e-01
-1.201452328180264040e+00
-1.688884038280625166e+00
-7.404068718417117223e-02
1.092294400485031236e+00
-1.142739044158337824e+00
7.147911583135695412e-01
-7.088849843727015321e-01
-4.184967677772983945e-03
6.043065700787308980e-01
-1.270015608853588995e+00
-1.595600579902348271e+00
4.432623109821017676e-02
-7.848930873836057476e-01
1.462766347964085556e+00
-1.300978271646170192e+00
-7.388348198466588856e-01
5.220968699937871271e-01
1.777745493554464540e-01
-1.592055307929109709e-01
-1.567785013238967906e+00
-1.201027170616396855e+00
-1.183580994931517694e+00
1.107027326035059600e+00
-2.759218484961714624e-01
1.427637219428093296e+00
1.272098644062970463e+00
3.240037113025966975e-01
-4.772803485858481687e-01
-1.859090573286332482e-01
1.086308569259268220e+00
-3.033313216240892101e-03
2.537634583663789023e+00
7.936568972563897706e-01
-4.987320487575989114e-01
-1.050139416728821828e+00
-7.310487524169458906e-01
-2.735291374612023318e-01
-1.368102902413141919e+00
-2.227389137696119403e-01
-6.515195900939271256e-01
-4.152562120924335048e-02
1.121544852483982585e-01
-1.048976063859341279e+00
1.001351471272254878e+00
1.095236130416555431e+00
4.111721109508101324e-01
-1.516191116315077636e+00
3.639833981605267721e-01
2.077829390205355509e+00
2.682165945039366450e-01
7.991449215400214801e-01
-1.364260731282511407e-01
1.651976374067799291e+00
1.520927337727374096e-01
-7.076741292676584916e-01
-1.844945715917644946e-01
7.653245955574143888e-01
-1.399795002021228862e+00
1.195888432690391801e+00
-1.029418026149420573e+00
1.224913819773849832e+00
2.283554059087143706e+00
4.696219353682183906e-01
1.129289757129779970e+00
-2.052253770055674220e+00
-7.236996392896645203e-01
-3.248025989547198566e-02
9.680412453274193085e-01
-5.420280328233871847e-01
-1.007767555778828372e+00
4.373157205653487034e-02
-2.311195963683732035e+00
-2.125613360316668476e+00
4.439025176071380030e-01
-1.853248244917393484e+00
-1.097812111156167975e-01
4.039608019365293345e-01
1.178303667451541470e+00
8.692936601606403579e-01
2.663456028811715726e+00
-4.269519963240146487e-01
2.084802796589180218e+00
-9.342159735248805053e-01
-9.386918784759673562e-01
1.465882147605900743e+00
-1.221927338640131477e+00
1.036799958489128093e+00
9.873807473879592234e-01
3.368027292863321615e-02
-4.222157553712643230e-01
1.176685945352318852e+00
-4.354251227560165249e-01
7.096750160608354951e-01
2.230836927742001208e-01
-1.537955952628207168e+00
2.508725658005633297e-01
9.696445258673018763e-01
-1.625340918046178085e-02
1.135909316039948491e+00
-1.783526486615113038e+00
-8.225913582357154974e-01
1.803842247795162779e+00
-5.615682345651012985e-01
1.573666886776214913e+00
-1.584039778110076124e+00
1.216278827748104918e+00
1.502246034735973179e+00
-9.765689113197451032e-02
1.286037239233621898e+00
7.611640632521807781e-01
4.668619174157576657e-01
6.908545913205620392e-01
1.073152869917047392e+00
2.137730766552740913e-01
-8.594789145561076982e-01
4.518962465803610384e-01
-9.789377767595689450e-01
3.140358109713388135e+00
2.583915325942109931e+00
-2.302032985033402035e+00
-7.301003892395099282e-01
-1.170463011058170189e+00
7.680131546363309081e-01
-1.942462570014710788e-01
1.399462316528447881e+00
-6.149761547442147425e-01
-8.378608719722965281e-01
-3.605809882540863404e-02
1.608251778152386180e+00
-1.880638792872012743e+00
-1.211667428232518828e+00
-1.338522038552143245e+00
6.604660215610406171e-01
-7.909650109830849152e-01
-3.879989323331198836e-01
2.494562851947351168e-01
-4.599456619107228361e-01
1.202461358402621583e+00
7.130550343989318085e-01
-7.776578178304421884e-01
-2.282883248621599692e-01
-9.699806089505366158e-01
-1.464260497114689419e-01
1.279094885319424391e+00
6.169583246725390824e-01
-2.044616410337809775e-01
8.031195901696891459e-01
4.170351441130535908e-01
1.006642287253886936e+00
4.935076718698103160e-01
-5.662661435166094215e-02
-9.057768043599978558e-01
-9.362636317589412283e-01
-2.509003768486965491e+00
-7.387079826749777534e-02
-3.822125611347308438e-01
1.853958994576339947e+00
-1.138834975460008447e+00
-1.475429644577335164e+00
6.484974667644899382e-02
6.253328289639086268e-01
5.605097484099094002e-02
1.422164118832264235e+00
-1.861696609879839315e-01
1.611729877179041370e+00
1.326609221584966296e-02
-1.353949175853193854e+00
1.321419725190801531e+00
9.878904259573385582e-01
8.882660667724353587e-01
-1.481266601563138607e+00
9.335349865759730026e-01
5.106022281898576765e-01
1.768885435341867041e+00
4.318210516312236957e-01
-4.852511258985149900e-01
1.581845585911286489e-01
-2.043869141810050749e+00
1.551728508510174409e+00
9.836089916934990240e-01
-7.477637839476977133e-01
-4.520165431293994840e-01
-6.754009836315602033e-01
-4.767970207685552908e-01
-1.927910568444240469e-01
4.882604802452910620e-01
-8.646998535557310905e-01
8.104325794751220391e-01
-6.630443053690884270e-01
4.781657093341826759e-01
4.917890557743316293e-01
-1.597155745294217111e+00
9.324986185666280791e-01
-6.852744727105575251e-01
7.145915358607703993e-01
-8.791041387046469868e-01
-7.394774680261847477e-01
-7.275555345048817513e-01
9.593183769368328617e-01
4.185706346215998241e-01
-4.574472876815084965e-01
4.940832519666769063e-01
-2.358498145363782106e-01
-3.053770392980528769e-01
2.042566369152475914e-01
-1.199326337703457424e-01
-2.981304254036578616e-01
4.899308650542298360e-01
1.160576693092848943e+00
5.384564620271222735e-01
1.029213731714920366e+00
1.874083181132859544e-01
-9.098899826193155294e-01
1.315496159663362530e+00
-4.686485877904202346e-01
-1.455068513815032660e-01
1.264034901171350866e-01
-5.054997630423453403e-01
-9.198171764164568831e-01
-7.394957653896507832e-01
-2.636438144827296659e-01
-7.729532366939705357e-01
-6.352236035467471176e-01
2.956358270848641681e-02
1.591421150451035604e-01
9.647559556416956950e-01
1.086090789366895182e+00
-9.374217815538306020e-01
-2.505189055099303452e+00
5.714901024669177820e-01
1.532538158016194252e-01
1.760163643488986018e+00
-4.373719488418984502e-01
-7.010717282000054063e-01
1.290081554284028265e+00
7.545382475107585973e-01
-1.558772721351605606e+00
-1.767463700604064769e+00
-1.454342639774284796e-01
8.121290923125992212e-01
-9.906189879716934543e-01
4.408940697304511991e-01
-2.794122036403550724e-01
-9.254028006180551325e-01
1.119785542477521600e+00
-5.907683525227984678e-01
-5.780399605714764411e-01
-4.609205913886777473e-01
-1.864696060832006896e+00
1.898169807539738518e-01
7.437069860337113258e-01
3.209900149628981403e-01
-2.166230571447734163e-02
-2.615189798449292224e-01
1.673362141077407994e+00
3.149465215430272691e-01
-8.435388398917749164e-01
4.450066567657591232e-01
-3.973418822803010952e-01
-9.900190892761554506e-01
-1.027572158968773630e+00
-2.763537269312932865e-01
8.389889748447622031e-01
1.824611394588620872e+00
-3.288348865807074004e-03
-1.304078276867003172e+00
-1.301524286269133412e+00
-1.264135892848165521e-01
1.732718984615944979e+00
1.682871035455295372e+00
8.137045950715026121e-01
2.200964191412845827e-01
2.773212473460114763e-02
2.938042764665142581e+00
-5.730284663095949194e-01
-1.650853668580823719e+00
-6.289838626829099555e-01
-1.217566983093668342e-01
-1.241327864076386289e+00
-5.983892155372485533e-01
-1.677725311869560310e+00
-2.303412665521826219e-01
-3.701446867792589357e-01
-8.513548236216086917e-02
8.943651968574487521e-01
-5.618856636191373877e-01
5.152070868481006816e-01
-1.156773845097601949e+00
-9.940043623200988110e-01
-5.325734087533318117e-01
6.385869677382138843e-02
2.080088143706369103e-02
2.077013549355292366e+00
-1.251648279952074061e+00
1.319049477223012801e+00
-4.807871552533459769e-01
-1.083675682599565926e+00
-8.249862794170896851e-01
-2.294841197008234079e+00
1.164010799137760177e+00
5.972358609323281664e-01
-2.997433781470436043e-01
-3.110990768750726554e-01
-3.401852294011588063e-01
7.002336804454217800e-02
-8.625869554865140953e-01
-8.784934448536237950e-01
7.777861093614978349e-01
-8.937363758047445206e-01
-6.268081069833921770e-01
8.725524646147157781e-02
-5.939727848374851682e-01
1.183626579570098203e+00
-2.094907507169579963e-01
-1.456316240071684698e+00
9.849934937997798512e-01
-1.004876602009696196e+00
2.285816056144709840e+00
1.340221742381099146e-01
-7.575035487191584815e-01
-2.175149476351641853e-01
1.203349471325056985e+00
-7.161114477694592306e-01
9.205696323291447936e-01
1.033921570502909892e+00
-1.515301479586908862e+00
-2.402994299179903148e+00
3.924411889913729801e-01
-3.135925626601988814e+00
6.737433834959347667e-01
-5.160685331197174541e-01
2.905825678072717078e-01
8.657545225436525937e-01
-1.183239674477355896e+00
-1.789814692991227529e+00
-6.415634828579316329e-01
1.698553326983376799e+00
8.068403288172498744e-01
2.247080134065375934e-01
-4.579339812317782532e-01
1.869821958084356917e+00
1.033634815467794787e+00
-1.109761724482010159e+00
-8.106422486431620333e-01
1.689441208959667762e+00
5.689588555395346248e-01
-2.162262329697040020e+00
-7.661923901052442032e-01
3.536797362783749565e-01
-1.385785239059398766e+00
1.001453638009134339e+00
-3.031571585865572294e-01
7.928740018339077711e-01
-1.424307299867584309e+00
1.474203955091750284e+00
-1.290784848870453860e+00
1.610942060868175485e+00
9.678717258199449613e-01
6.015378691798191069e-01
-8.591965766835818474e-02
1.498567918133245858e+00
-8.766261753917512500e-01
-5.891394975819922442e-01
-1.247982354654499776e-01
8.739741591807895782e-01
-4.708313190836561635e-01
-2.854056545619756413e-01
6.485441986188705821e-01
9.722365333237800167e-01
2.732877608484362009e-01
1.061198562710534282e-01
1.215961907583546830e+00
-1.106811229200311386e+00
-1.717486199510571687e+00
5.603276793706044590e-01
-1.015530417280948949e+00
1.056793564206923053e+00
-8.711423332337994152e-01
5.771879809493656310e-01
-1.252859452407117102e-01
-3.361916676495574352e-01
-4.360364373241536473e-01
-1.491327494788409869e+00
1.418037690202025303e+00
1.064099934558549121e+00
-8.361700448578958111e-01
3.626765191896139107e-01
-1.537362506726350109e+00
5.139907331375565686e-02
-2.950535563016504215e-01
2.144131674790796249e-01
-1.654743428630734314e+00
3.892614970243771233e-01
-1.666503289088672624e+00
1.884813140391314645e+00
-5.784786898656718579e-01
-6.789421480053141333e-02
1.910412555474274798e+00
4.882168521311611720e-01
8.974862191790766719e-01
-3.951978148921878042e-01
-1.773920352943382239e+00
-1.113434609463206160e+00
-9.918185715831429050e-01
4.574901901116906200e-01
8.547038155731997988e-02
1.613657720784845262e+00
3.876826009858154176e-01
-7.187698199464811477e-01
-5.994808302263961997e-01
1.426651915148130723e+00
2.222361477772637262e+00
-1.290567688236155808e-01
9.854751656998515796e-02
1.038499369338939493e+00
9.120928076881910096e-01
-7.365008406807357355e-01
5.137645827490332495e-01
1.798722947738713884e+00
4.311427179291476008e-01
4.209427925409701121e-01
-9.864767502571479829e-01
4.998738928199557008e-01
-8.447019280708708555e-01
-6.455767200370867709e-01
-1.430000252193105670e+00
1.001843803782536679e-01
-8.380258434491937303e-01
6.294494736667416608e-03
-1.035802428954926580e+00
-1.403836689150957051e+00
-1.742220577925231995e+00
-3.465179122137703183e-01
-5.840468133040990079e-02
5.623664609889998944e-01
-9.260106472733539151e-01
1.467764380010901926e+00
-7.965254304816185016e-01
2.874549547970189356e-01
4.919582351875514958e-01
1.231863292807636956e+00
8.667005645683859005e-02
1.567871576372250053e-01
6.411128165312051097e-01
1.277604935378970685e+00
6.889782612458408284e-01
8.513168293262616260e-01
1.800974718143851239e-01
6.322865655988525735e-02
2.861518274667730795e-03
9.109870500557659678e-01
9.248893894196447141e-01
8.597971574722959032e-01
3.865452556745553325e-01
-6.897049963774906645e-02
4.041159802481270269e+00
7.937901399480706832e-01
1.346948034845017350e+00
1.852070823815578637e-01
-1.166120433255755762e+00
5.657977953412446359e-01
1.428682498875605722e+00
1.065447026492470695e+00
4.593555937328450689e-01
3.176689475717566769e-01
-4.604615911589889921e-01
-2.032776215091701699e-01
4.738046861511156504e-01
8.104968818512234829e-01
-1.424525277583919669e+00
-1.118995187232814992e+00
2.480306541273203269e+00
2.495505849700670464e-01
-1.085534484846855108e+00
-1.653657939572247715e+00
-4.710159588661738117e-01
2.558336031761475615e-01
-4.966476576030178780e-01
1.065229378692308604e+00
-1.764214769801810467e+00
1.856137168960507511e+00
3.168233817410352482e-01
7.251566382575848069e-01
-5.057076463953068535e-01
-8.380494960076486644e-01
-3.750412193402452576e-01
1.368383093016679375e+00
1.104903233190164924e+00
1.238588545740377356e+00
4.389155858766755069e-01
3.635899598135146071e-01
1.088985283638078672e+00
4.683468682726431576e-01
-2.263257849691928045e-02
-1.417962138128377181e-01
-3.992972822395288723e-01
-3.066159414166826025e+00
-1.333786052026390001e+00
9.498904304693279732e-01
2.013931933968514443e+00
7.319135735025970035e-01
-5.027994802681631237e-01
4.811943145217882911e-01
